RELICCOH2 started at 2020-12-03 09:29
OS Win 10.0 (sp0.0) x64, 16316MB Physical Memory, 10401 Physical Available, 4095 Virtual Total, 3913 Virtual Available, 2432 Page file.
RUN-OPTIONS [-nomovies -window -forceactive -lockMouse]
WORKING-DIR [C:\Program Files (x86)\Steam\steamapps\common\Company of Heroes 2]
USER [Sergei]
LOCALE [FIN]

09:29:55.98   GAME -- Current Steam name is [sepi]
09:29:55.98   GAME -- steam returned language 'english'
09:29:55.98   Primary CPU is a 3200MHz [AMD Ryzen 5 1600 Six-Core Processor            ]
09:29:55.98   Architecture [0], Level [23], Revision [257].
09:29:55.98   12 logical processor(s) detected.
09:29:55.98   6 physical processor(s) detected.
09:29:55.98   1 processor(s) nodes detected.
09:29:55.98   MATHBOX -- Version=6, Mode=SSE
09:29:55.98   Using [C:\Users\Sergei\Documents\My Games\Company of Heroes 2\] as base writable folder
09:29:55.98   Game -- System temp path is [C:\Temp\]
09:29:55.98   MOD -- Initializing mod 'RelicCoH2'.
09:29:56.02   ARC -- CoH2\Archives\Data.sga 934868737 B [ID:3f9691c3371ee5335e5869d3a0d93406] [Ver:9304c8dbf1724fdbb9b880043a5872ea] [Sig:1138031775656209991]
09:29:56.05   ARC -- CoH2\Archives\Sound.sga 228830651 B [ID:9246d5cc8bf2de31ead8251719e1e576] [Ver:5d538532f09a12ba850fc138604d90f6] [Sig:8524121488149815030]
09:29:56.05   ARC -- CoH2\Archives\SoundXP1.sga 21693342 B [ID:9246d5cc8bf2de31ead8251719e1e576] [Ver:9d448119eea20f8d46d7ca91ec744b64] [Sig:11623608031005062619]
09:29:56.05   ARC -- CoH2\Archives\ArtArmies.sga 57561496 B [ID:d4ab83d0ba0afd4850bbc4c68b0de2be] [Ver:4d35d45e0ca25883ffd101f6e7756a75] [Sig:15971162909323790790]
09:29:56.07   ARC -- CoH2\Archives\ArtEnvironment.sga 1261847418 B [ID:4f6a38d9c40d3e11956b769b00d6e689] [Ver:1e466317017b89b3b6abc1e660158aca] [Sig:2987429791343530539]
09:29:56.07   ARC -- CoH2\Archives\ArtGermanEF.sga 2933248568 B [ID:fb66b7917c474a33e86456a40dbf2c3a] [Ver:1ce5e722b2b1083d1fda20d6d27d8138] [Sig:17163876218381474211]
09:29:56.08   ARC -- CoH2\Archives\ArtSovietEF.sga 3874094760 B [ID:b0e52e8ac61727b4a5101571c7e7110f] [Ver:b900563d3d67bc75519fe3f06ae97c87] [Sig:8123542430233781353]
09:29:56.08   ARC -- CoH2\Archives\ArtAEF.sga 1140832185 B [ID:fd7aa5f8e53fa6a558246d44bedd4cfe] [Ver:dae4ef071b679ada5ef7da57f1650576] [Sig:6869274613505808193]
09:29:56.09   ARC -- CoH2\Archives\ArtAEFSkins.sga 4286146719 B [ID:ab441482fcc7ddcd25e040085b81d68f] [Ver:a97f86ebe2bfa48123a111b0684b6190] [Sig:10657079685989519814]
09:29:56.09   ARC -- CoH2\Archives\ArtWestGerman.sga 3677233788 B [ID:9ff4d0503a24bdca4dbe1104f7ff37f2] [Ver:5184b7dedf3b1306a11fdd7c4eddaecf] [Sig:11965138268928265446]
09:29:56.09   ARC -- CoH2\Archives\SoundXP2.sga 199001 B [ID:9246d5cc8bf2de31ead8251719e1e576] [Ver:f366468fa94af97a5c1162b6e2d15048] [Sig:10774136334522067768]
09:29:56.10   ARC -- CoH2\Archives\ArtBritish.sga 1881461665 B [ID:391ad53485bf023c2e0f5d508470e0ef] [Ver:fe39aed086974b887b0226f3a27b02ff] [Sig:9116098201042581152]
09:29:56.10   Archive 'CoH2\Archives\Autotest' is missing! Skipping.
09:29:56.10   ARC -- CoH2\Archives\MPScenarios.sga 1759948512 B [ID:f361bb544d19f9ad0702abba3ec58d36] [Ver:3a1c9ad50a7856504ce0edd99239b64c] [Sig:6775182361582889461]
09:29:56.11   ARC -- CoH2\Archives\MPXP1Scenarios.sga 269790819 B [ID:8a2c949c3e230925cf294a12321e9211] [Ver:5ac22a7e5353206a3a22a1dc55c2b390] [Sig:17297509811321721924]
09:29:56.11   ARC -- CoH2\Archives\SPScenariosEF.sga 340823058 B [ID:4a2cbc10218aac5e8be4aa494ef1f3ca] [Ver:8d5319d7d263dc71b339d0e9eb0749e6] [Sig:2663722838476071541]
09:29:56.12   ARC -- CoH2\Archives\TOWScenarios.sga 202972788 B [ID:035c09486ef2563f69e781962b46c2e4] [Ver:4af5f9991f7439515903c4e823eb6d5b] [Sig:15664664613644561291]
09:29:56.13   ARC -- CoH2\Archives\DLC1Scenarios.sga 57382901 B [ID:afbdc084e5c98c193cae218ca8e468c8] [Ver:835075f6a5f1e80e222870afaa2dba63] [Sig:2003273899295354318]
09:29:56.13   ARC -- CoH2\Archives\DLC2Scenarios.sga 77535344 B [ID:61eefbc53442d10441d77bbd23b1bc36] [Ver:2a89f0387fad0a4511b4cff6e31dad70] [Sig:7602096073382315002]
09:29:56.14   ARC -- CoH2\Archives\DLC3Scenarios.sga 47253904 B [ID:48c74893c09599be2d61b911563bcab9] [Ver:0d32db24ed4fe982dd70a7b408127123] [Sig:14104588085748238941]
09:29:56.14   Archive 'CoH2\Archives\SPScenariosAA' is missing! Skipping.
09:29:56.15   ARC -- CoH2\Archives\UIHigh.sga 70319893 B [ID:097c8294ec5ed0723b16d8e06f606718] [Ver:638410e4c3c38b38b923ebfbf5d53ea5] [Sig:12202169395001433784]
09:29:56.16   ARC -- CoH2\Archives\ArtHigh.sga 315847340 B [ID:d3bf60728712cf58911b326bde74de8f] [Ver:847622c90833749464691f53f5551808] [Sig:5409437059135526689]
09:29:56.17   ARC -- CoH2\Archives\ArtHighXP1.sga 38526653 B [ID:d3bf60728712cf58911b326bde74de8f] [Ver:492a236c5c9b8d70491763cec03b4772] [Sig:3557666920090964639]
09:29:56.17   ARC -- CoH2\Archives\ArtHighXP2.sga 19687049 B [ID:d3bf60728712cf58911b326bde74de8f] [Ver:06478f3805ceebd8fb602339a6ba9c37] [Sig:15122607373192102247]
09:29:56.18   ARC -- CoH2\Archives\SoundHigh.sga 1031467146 B [ID:3730f31a8f731e6cbc26a00244f571cc] [Ver:a12e581cdaa369cbc269c9ecce6390f7] [Sig:18214921420031089867]
09:29:56.18   ARC -- CoH2\Archives\SoundHighXP1.sga 89990965 B [ID:3730f31a8f731e6cbc26a00244f571cc] [Ver:1cc1bf361529d9db2191610baac4fa3e] [Sig:5801087545420265863]
09:29:56.19   ARC -- CoH2\Archives\SoundHighXP2.sga 37088744 B [ID:3730f31a8f731e6cbc26a00244f571cc] [Ver:4cfa3cc7075c50a459ea894027042002] [Sig:10443542780852497330]
09:29:56.21   ARC -- CoH2\Archives\SoundSpeechEnglish.sga 560293192 B [ID:527dd6c09d9403281e2886d358abf509] [Ver:9a7462132b8b852d1d72cb0b257d179c] [Sig:1825285703711461]
09:29:56.21   ARC -- CoH2\Archives\SoundSPSpeechEFEnglish.sga 156636969 B [ID:9347118f8eb48257082ac67d7e00c15b] [Ver:54dde0af87a44506b2be5ba79188c95a] [Sig:1272187853708733765]
09:29:56.22   ARC -- CoH2\Archives\SoundSpeechDLCEnglish.sga 32966778 B [ID:d37d3bfe48368bcdb2c411ff42ef8710] [Ver:b433112008e82a573ba71d453775932d] [Sig:334711823410206087]
09:29:56.24   ARC -- CoH2\Archives\SoundSpeechXP1English.sga 707027968 B [ID:a1f1b169de1b782d9d5b7311ab866728] [Ver:1b2ae23d21ac080b04a8e4d3583b3243] [Sig:850014712724766770]
09:29:56.24   Archive 'CoH2\Archives\SoundSpeechAAEnglish' is missing! Skipping.
09:29:56.25   ARC -- CoH2\Archives\SoundSpeechXP2English.sga 153241711 B [ID:8bb786e9b6bc36e64e1a83cb83e26f4a] [Ver:3e936bc4ca5d3d43ac80ba8a1b0a5d80] [Sig:2614238819969098953]
09:29:56.28   ARC -- CoH2\Archives\AttribArchive.sga 28511327 B [ID:abe931d3adfbab4e871d2dacd29916d3] [Ver:3cfd986f20fa84263831bf1bf89fd62e] [Sig:17172531547763164683]
09:29:56.31   GAME -- Resetting fp control word.
09:29:58.22   WW2Mod -- PropertyBagManager Loaded in 1.911000s
09:29:58.22   ARC -- C:\Users\Sergei\Documents\My Games\Company of Heroes 2\mods\scenarios\subscriptions\205676637.sga 5347930 B [ID:4efb99ce08b791f380f0954ad428d309] [Ver:cf6378a6d5bf272758071a90b4b28a62] [Sig:0]
09:29:58.22   ARC -- C:\Users\Sergei\Documents\My Games\Company of Heroes 2\mods\scenarios\subscriptions\274345728.sga 20144410 B [ID:9ca44e4db6f8a4156f7c13e553653b21] [Ver:1e5fb6e262beccb8a026919f148498b4] [Sig:0]
09:29:58.22   ARC -- C:\Users\Sergei\Documents\My Games\Company of Heroes 2\mods\scenarios\subscriptions\379622197.sga 16593772 B [ID:4b46f16b864057e76f80b1351527eddf] [Ver:33e9a118544f4e0934c8b6e5e3e6cd1c] [Sig:0]
09:29:58.22   ARC -- C:\Users\Sergei\Documents\My Games\Company of Heroes 2\mods\scenarios\subscriptions\551682347.sga 15762009 B [ID:83def636bd8dea6c6492cca0d510ef59] [Ver:98798226d99ec6060a1a51b8828f5479] [Sig:0]
09:29:58.22   ARC -- C:\Users\Sergei\Documents\My Games\Company of Heroes 2\mods\tuning\subscriptions\1188134341.sga 12460636 B [ID:32d542de1479464f922dff46e65be6e2] [Ver:136a9a042060cfa435783426e808a8a0] [Sig:0]
09:29:58.53   ARC -- C:\Users\Sergei\Documents\My Games\Company of Heroes 2\mods\gamemode\subscriptions\333763272.sga 1255795 B [ID:77d2aff43aa04b05857ed9e310a0c1e0] [Ver:8d4dc2298f9487cf2f88ad3a577386d4] [Sig:0]
09:29:58.54   ARC -- C:\Users\Sergei\Documents\My Games\Company of Heroes 2\mods\gamemode\subscriptions\340863372.sga 1031659 B [ID:9f17d0228db14a9b8bf62d96a29116ef] [Ver:121417a399c531e015fc7df455709be6] [Sig:0]
09:29:58.55   ARC -- C:\Users\Sergei\Documents\My Games\Company of Heroes 2\mods\gamemode\subscriptions\394197460.sga 637320 B [ID:1045455c41364bb286b5accc00b07504] [Ver:bf5a22a147f0cc421ebeb44dd77e3389] [Sig:0]
09:29:58.55   ARC -- C:\Users\Sergei\Documents\My Games\Company of Heroes 2\mods\gamemode\subscriptions\692412438.sga 3351007 B [ID:5ed2ead7bbf94c01833685dfa1f23ac1] [Ver:60ff095ec12e8b8dfa71a870acc1238d] [Sig:0]
09:29:58.55   ARC -- C:\Users\Sergei\Documents\My Games\Company of Heroes 2\mods\skins\subscriptions\480561877.sga 102381303 B [ID:7657c36032eb4e4fbb4c92578d6efce1] [Ver:4f0d5de481fb9b56095f6b9b26a2b675] [Sig:0]
09:29:58.55   ARC -- C:\Users\Sergei\Documents\My Games\Company of Heroes 2\mods\skins\subscriptions\482561139.sga 54140431 B [ID:152282cabf6946828716c6c2b52dc7d4] [Ver:934cd437642717266817f35f2550ba6f] [Sig:0]
09:29:58.55   ARC -- C:\Users\Sergei\Documents\My Games\Company of Heroes 2\mods\skins\subscriptions\491532663.sga 49195745 B [ID:aae494d0ef4746549ecd36b8be4ae86e] [Ver:e4b58c31879fb57676cdf07e87f203fb] [Sig:0]
09:29:58.55   ARC -- C:\Users\Sergei\Documents\My Games\Company of Heroes 2\mods\skins\subscriptions\493340820.sga 22362429 B [ID:606ec6d745d84f7da2bf299b6277f5be] [Ver:6bd222b87d0208887d5f195b7a3b0669] [Sig:0]
09:29:58.55   ARC -- C:\Users\Sergei\Documents\My Games\Company of Heroes 2\mods\skins\subscriptions\494028110.sga 45773825 B [ID:60217b0e7d554ef49ecdb89f45f5d793] [Ver:5843087a13d043a1cf22d3155a77d78b] [Sig:0]
09:29:58.55   ARC -- C:\Users\Sergei\Documents\My Games\Company of Heroes 2\mods\skins\subscriptions\525871988.sga 65357224 B [ID:6e9686bcda67440ab494fc73693a3910] [Ver:d3a181aede035678b53036ab82ff4be1] [Sig:0]
09:29:58.55   ARC -- C:\Users\Sergei\Documents\My Games\Company of Heroes 2\mods\skins\subscriptions\533181507.sga 62716414 B [ID:195b763a225048eda72ac85eab111201] [Ver:b76bb78de99781b4d7c2f140950f7f1c] [Sig:0]
09:29:58.55   ARC -- C:\Users\Sergei\Documents\My Games\Company of Heroes 2\mods\skins\subscriptions\547696960.sga 56336358 B [ID:77b7b31488ba4f72bca553b4a60c5cb6] [Ver:8b44835262e7d0eff7be4bcabd323faa] [Sig:0]
09:29:58.55   ARC -- C:\Users\Sergei\Documents\My Games\Company of Heroes 2\mods\skins\subscriptions\550217153.sga 57454560 B [ID:dbe94fa2241345d7be672096f9ce433b] [Ver:8adb4582a01678f47cf62b580d69a194] [Sig:0]
09:29:58.55   ARC -- C:\Users\Sergei\Documents\My Games\Company of Heroes 2\mods\skins\subscriptions\611481052.sga 23746600 B [ID:d8183fb4885a473bbc10b9409f254164] [Ver:bb8522dac6a032b2eb663e5d663388d8] [Sig:0]
09:29:58.55   ARC -- C:\Users\Sergei\Documents\My Games\Company of Heroes 2\mods\skins\subscriptions\731960136.sga 72176254 B [ID:63ae594215e3493dbe7f4928a9a33690] [Ver:93fac6742e1a1464038392f2f7556f7c] [Sig:0]
09:29:58.55   ARC -- C:\Users\Sergei\Documents\My Games\Company of Heroes 2\mods\decals\subscriptions\464056305.sga 174486 B [ID:892006aaef4645f0af4e83024c18367a] [Ver:d95c7d7e1f4391e884c2d6e96041ec73] [Sig:0]
09:29:58.55   ARC -- C:\Users\Sergei\Documents\My Games\Company of Heroes 2\mods\decals\subscriptions\467913090.sga 2064606 B [ID:7b6666c094464d38a8d11f71c305fb1a] [Ver:94f9b61c4aef8c8693778b16a9f97ffe] [Sig:0]
09:29:58.56   ARC -- C:\Users\Sergei\Documents\My Games\Company of Heroes 2\mods\decals\subscriptions\467917878.sga 1164069 B [ID:d7a4ccb12c1d47f18b0aa95c1e1aafc2] [Ver:d8c509c5186c04b9346bff64ffa1bc2d] [Sig:0]
09:29:58.56   ARC -- C:\Users\Sergei\Documents\My Games\Company of Heroes 2\mods\decals\subscriptions\467951411.sga 1384753 B [ID:377c96ffe8484d1980d7781ea5e1ae60] [Ver:c63f5c704539fc30d9a606017cf2e31e] [Sig:0]
09:29:58.56   ARC -- C:\Users\Sergei\Documents\My Games\Company of Heroes 2\mods\decals\subscriptions\468071873.sga 1005717 B [ID:cc55389ea2704661ae0e6bc121ce3bc3] [Ver:b39702bccc8e14aa9c49d526da630fcc] [Sig:0]
09:29:58.56   ARC -- C:\Users\Sergei\Documents\My Games\Company of Heroes 2\mods\decals\subscriptions\468439899.sga 162810 B [ID:0b194c262900407db742f19658f56f9a] [Ver:8ecd1a7a247662e059412150ec7ec305] [Sig:0]
09:29:58.56   ARC -- C:\Users\Sergei\Documents\My Games\Company of Heroes 2\mods\decals\subscriptions\470379141.sga 1505207 B [ID:38eba702bb8c4e0d93b31cb9547eba38] [Ver:450245451b7f958645094a3dcdf95253] [Sig:0]
09:29:58.56   ARC -- C:\Users\Sergei\Documents\My Games\Company of Heroes 2\mods\decals\subscriptions\470894049.sga 2559977 B [ID:db6ec4ab20f04ac9bf84c55ee9e77af7] [Ver:3bc658a7f8a6d12ee98adcee22c24933] [Sig:0]
09:29:58.56   ARC -- C:\Users\Sergei\Documents\My Games\Company of Heroes 2\mods\decals\subscriptions\470936393.sga 327260 B [ID:4dda4c334fd942f18db25d38e0a3addb] [Ver:6afbaab53280d6850ed3991a1128893f] [Sig:0]
09:29:58.56   ARC -- C:\Users\Sergei\Documents\My Games\Company of Heroes 2\mods\decals\subscriptions\478277657.sga 1255708 B [ID:a93258fadd2f442f94a1fec3e24b8723] [Ver:86e0830c53f56f5201bef23867178185] [Sig:0]
09:29:58.56   ARC -- C:\Users\Sergei\Documents\My Games\Company of Heroes 2\mods\decals\subscriptions\485828861.sga 2790341 B [ID:391fc609b2ec4438ae24ee8135eb60cd] [Ver:a5062cfaa9e6c0f1a43f3672577e89bf] [Sig:0]
09:29:58.56   ARC -- C:\Users\Sergei\Documents\My Games\Company of Heroes 2\mods\decals\subscriptions\511323957.sga 216944 B [ID:b955bd0241874347b3f36fe36542c50c] [Ver:b20841560efea435965abdb628550d8c] [Sig:0]
09:29:58.56   ARC -- C:\Users\Sergei\Documents\My Games\Company of Heroes 2\mods\decals\subscriptions\514117740.sga 330853 B [ID:e2a94ba909c84452a77f6e744ad0cd2b] [Ver:c09e40c8b7c000db03048af67e1d6759] [Sig:0]
09:29:58.56   ARC -- C:\Users\Sergei\Documents\My Games\Company of Heroes 2\mods\decals\subscriptions\514183955.sga 1501458 B [ID:4b4868f0ce91423c91cc5b62d15af56a] [Ver:43854a0523ad4e6ba6a831658a636228] [Sig:0]
09:29:58.56   ARC -- C:\Users\Sergei\Documents\My Games\Company of Heroes 2\mods\decals\subscriptions\528670556.sga 117188 B [ID:b15d4a3abe1146139ff6b3b8b7323b9a] [Ver:ec4108ed495d26aebbe6e8ecb919168b] [Sig:0]
09:29:58.56   ARC -- C:\Users\Sergei\Documents\My Games\Company of Heroes 2\mods\faceplates\subscriptions\1262553764.sga 63756 B [ID:9c4e4403b18940cdb7f41a0362a853c5] [Ver:bee491054d3cb974cdcc5842ca5960f8] [Sig:0]
09:29:58.56   ARC -- C:\Users\Sergei\Documents\My Games\Company of Heroes 2\mods\faceplates\subscriptions\468128411.sga 126968 B [ID:9c96eb338bd64adca6739a9777493250] [Ver:a7f590d6c97726068c304b449a918b9b] [Sig:0]
09:29:58.56   ARC -- C:\Users\Sergei\Documents\My Games\Company of Heroes 2\mods\faceplates\subscriptions\470402623.sga 69209 B [ID:b9e9629fad114176840815e9c20fc456] [Ver:10e854a1293772bad29bd0db1b25db3c] [Sig:0]
09:29:58.56   ARC -- C:\Users\Sergei\Documents\My Games\Company of Heroes 2\mods\faceplates\subscriptions\470600676.sga 95630 B [ID:13325c05ee4347f38744129854f95fe7] [Ver:8254244c3e53d25e095120720a81cccd] [Sig:0]
09:29:58.56   ARC -- C:\Users\Sergei\Documents\My Games\Company of Heroes 2\mods\faceplates\subscriptions\472383614.sga 101331 B [ID:7b816b0bd87449bc8576eae559b447db] [Ver:3e203993857bb81542178b87a77abf96] [Sig:0]
09:29:58.56   ARC -- C:\Users\Sergei\Documents\My Games\Company of Heroes 2\mods\faceplates\subscriptions\507222103.sga 49327 B [ID:72b276432f0e41e889b1c9d005ac8cba] [Ver:89b473f592fc23561a0d23910d01196e] [Sig:0]
09:29:58.56   ARC -- C:\Users\Sergei\Documents\My Games\Company of Heroes 2\mods\faceplates\subscriptions\516763618.sga 83920 B [ID:2273fd2797954a56b06d2d7e65fc96f6] [Ver:72a6ad53414aa39b0c61672df7f7db7d] [Sig:0]
09:29:58.56   ARC -- C:\Users\Sergei\Documents\My Games\Company of Heroes 2\mods\faceplates\subscriptions\630257845.sga 201488 B [ID:1ac42354c5774bcc835626b472223c1a] [Ver:4845896039175230974e14a2a9ee0043] [Sig:0]
09:29:58.56   ARC -- C:\Users\Sergei\Documents\My Games\Company of Heroes 2\mods\fatalities\subscriptions\468071960.sga 58371 B [ID:f400fbf051fd4135a79db6dd4caf2b52] [Ver:a7a38694d48372d190046d04441bb87f] [Sig:0]
09:29:58.57   ARC -- C:\Users\Sergei\Documents\My Games\Company of Heroes 2\mods\fatalities\subscriptions\468188799.sga 43531 B [ID:ac2f6e1927ef4cc3be8e244cc3207c18] [Ver:37d1824db192802c3b80913c229ca017] [Sig:0]
09:29:58.57   ARC -- C:\Users\Sergei\Documents\My Games\Company of Heroes 2\mods\fatalities\subscriptions\503270226.sga 52608 B [ID:21371f92502b4a079bdc4e64ad60ac8e] [Ver:117e5459beb0b0d0053f2a9166f8a53f] [Sig:0]
09:29:58.59   GameApp::InitSteam: steam already initialized
09:29:58.59   SteamApps->BGetDLCDataByIndex - failed, index: 1/76
09:29:58.60   SteamApps->BGetDLCDataByIndex - failed, index: 42/76
09:29:58.60   SteamApps->BGetDLCDataByIndex - failed, index: 44/76
09:29:58.60   SteamApps->BGetDLCDataByIndex - failed, index: 45/76
09:29:58.60   SteamApps->BGetDLCDataByIndex - failed, index: 46/76
09:29:58.60   SteamApps->BGetDLCDataByIndex - failed, index: 47/76
09:29:58.60   SteamApps->BGetDLCDataByIndex - failed, index: 48/76
09:29:58.60   SteamApps->BGetDLCDataByIndex - failed, index: 49/76
09:29:58.60   SteamApps->BGetDLCDataByIndex - failed, index: 50/76
09:29:58.60   SteamApps->BGetDLCDataByIndex - failed, index: 51/76
09:29:58.60   SteamApps->BGetDLCDataByIndex - failed, index: 52/76
09:29:58.60   SteamApps->BGetDLCDataByIndex - failed, index: 57/76
09:29:58.60   SteamApps->BGetDLCDataByIndex - failed, index: 58/76
09:29:58.60   SteamApps->BGetDLCDataByIndex - failed, index: 59/76
09:29:58.60   SteamApps->BGetDLCDataByIndex - failed, index: 60/76
09:29:58.60   SteamApps->BGetDLCDataByIndex - failed, index: 62/76
09:29:58.60   SteamApps->BGetDLCDataByIndex - failed, index: 63/76
09:29:58.60   NetworkManager::Create - creating network manager
09:29:59.68   WorldwideLoginService::WorldwideLoginService - initializing
09:29:59.68   Opened the CA system store.
09:29:59.68   Certificate for Microsoft Root Certificate Authority has been retrieved.
09:29:59.68   successfully decoded into x509
09:29:59.68   Certificate for Thawte Timestamping CA has been retrieved.
09:29:59.68   successfully decoded into x509
09:29:59.68   Certificate for Microsoft Root Authority has been retrieved.
09:29:59.68   successfully decoded into x509
09:29:59.68   Certificate for Symantec Enterprise Mobile Root for Microsoft has been retrieved.
09:29:59.68   successfully decoded into x509
09:29:59.68   Certificate for Microsoft Root Certificate Authority 2011 has been retrieved.
09:29:59.68   successfully decoded into x509
09:29:59.68   Certificate for Microsoft Authenticode(tm) Root Authority has been retrieved.
09:29:59.68   successfully decoded into x509
09:29:59.68   Certificate for Microsoft Root Certificate Authority 2010 has been retrieved.
09:29:59.68   successfully decoded into x509
09:29:59.68   Certificate for Microsoft ECC TS Root Certificate Authority 2018 has been retrieved.
09:29:59.68   successfully decoded into x509
09:29:59.68   Certificate for Copyright (c) 1997 Microsoft Corp. has been retrieved.
09:29:59.68   successfully decoded into x509
09:29:59.68   Certificate for NO LIABILITY ACCEPTED, (c)97 VeriSign, Inc. has been retrieved.
09:29:59.68   successfully decoded into x509
09:29:59.68   Certificate for DESKTOP-2VKVKQ2 has been retrieved.
09:29:59.68   successfully decoded into x509
09:29:59.68   Certificate for Microsoft ECC Product Root Certificate Authority 2018 has been retrieved.
09:29:59.68   successfully decoded into x509
09:29:59.68   Certificate for Blizzard Battle.net Local Cert has been retrieved.
09:29:59.68   successfully decoded into x509
09:29:59.68   Certificate for Microsoft Time Stamp Root Certificate Authority 2014 has been retrieved.
09:29:59.68   successfully decoded into x509
09:29:59.68   Certificate for thawte Primary Root CA - G3 has been retrieved.
09:29:59.68   successfully decoded into x509
09:29:59.68   Certificate for UTN-USERFirst-Object has been retrieved.
09:29:59.68   successfully decoded into x509
09:29:59.68   Certificate for DigiCert Global Root G2 has been retrieved.
09:29:59.68   successfully decoded into x509
09:29:59.68   Certificate for DST Root CA X3 has been retrieved.
09:29:59.68   successfully decoded into x509
09:29:59.68   Certificate for GlobalSign has been retrieved.
09:29:59.68   successfully decoded into x509
09:29:59.68   Certificate for Baltimore CyberTrust Root has been retrieved.
09:29:59.68   successfully decoded into x509
09:29:59.68   Certificate for AAA Certificate Services has been retrieved.
09:29:59.68   successfully decoded into x509
09:29:59.68   Certificate for USERTrust ECC Certification Authority has been retrieved.
09:29:59.68   successfully decoded into x509
09:29:59.68   Certificate for Entrust Root Certification Authority has been retrieved.
09:29:59.68   successfully decoded into x509
09:29:59.68   Certificate for GlobalSign Root CA has been retrieved.
09:29:59.68   successfully decoded into x509
09:29:59.68   Certificate for COMODO RSA Certification Authority has been retrieved.
09:29:59.68   successfully decoded into x509
09:29:59.68   Certificate for Starfield Class 2 Certification Authority has been retrieved.
09:29:59.68   successfully decoded into x509
09:29:59.68   Certificate for DigiCert Global Root CA has been retrieved.
09:29:59.68   successfully decoded into x509
09:29:59.68   Certificate for Entrust Root Certification Authority - G2 has been retrieved.
09:29:59.68   successfully decoded into x509
09:29:59.68   Certificate for SecureTrust CA has been retrieved.
09:29:59.68   successfully decoded into x509
09:29:59.68   Certificate for DigiCert Global Root G3 has been retrieved.
09:29:59.68   successfully decoded into x509
09:29:59.68   Certificate for GlobalSign has been retrieved.
09:29:59.68   successfully decoded into x509
09:29:59.68   Certificate for Class 3 Public Primary Certification Authority has been retrieved.
09:29:59.68   successfully decoded into x509
09:29:59.68   Certificate for Certum CA has been retrieved.
09:29:59.68   successfully decoded into x509
09:29:59.68   Certificate for DigiCert High Assurance EV Root CA has been retrieved.
09:29:59.68   successfully decoded into x509
09:29:59.68   Certificate for T-TeleSec GlobalRoot Class 2 has been retrieved.
09:29:59.68   successfully decoded into x509
09:29:59.68   Certificate for D-TRUST Root Class 3 CA 2 2009 has been retrieved.
09:29:59.68   successfully decoded into x509
09:29:59.68   Certificate for Hotspot 2.0 Trust Root CA - 03 has been retrieved.
09:29:59.68   successfully decoded into x509
09:29:59.68   Certificate for VeriSign Class 3 Public Primary Certification Authority - G5 has been retrieved.
09:29:59.68   successfully decoded into x509
09:29:59.68   Certificate for Go Daddy Root Certificate Authority - G2 has been retrieved.
09:29:59.68   successfully decoded into x509
09:29:59.68   Certificate for TeliaSonera Root CA v1 has been retrieved.
09:29:59.68   successfully decoded into x509
09:29:59.68   Certificate for VeriSign Universal Root Certification Authority has been retrieved.
09:29:59.68   successfully decoded into x509
09:29:59.68   Certificate for USERTrust RSA Certification Authority has been retrieved.
09:29:59.69   successfully decoded into x509
09:29:59.69   Certificate for Go Daddy Class 2 Certification Authority has been retrieved.
09:29:59.69   successfully decoded into x509
09:29:59.69   Certificate for GlobalSign has been retrieved.
09:29:59.69   successfully decoded into x509
09:29:59.69   Certificate for QuoVadis Root CA 2 G3 has been retrieved.
09:29:59.69   successfully decoded into x509
09:29:59.69   Certificate for Certum Trusted Network CA has been retrieved.
09:29:59.69   successfully decoded into x509
09:29:59.69   Certificate for DigiCert Assured ID Root CA has been retrieved.
09:29:59.69   successfully decoded into x509
09:29:59.69   Certificate for AddTrust External CA Root has been retrieved.
09:29:59.69   successfully decoded into x509
09:29:59.69   48 certificates loaded
09:29:59.69   WinTransport - CreateSocket exclusive broadcast socket was available.
09:29:59.69   WinTransport - CreateSocket listening for broadcasts on default port
09:29:59.69   RLink::WorldwideLoginService::LongPoller::ThreadFunction - Entering network thread function...
09:29:59.70   WinTransport - Host Name: DESKTOP-2VKVKQ2, aliases: , type=AF_INET, len=4
09:29:59.70   WinTransport - Host IP Address #0: 172.24.160.1
09:29:59.70   WinTransport - Host IP Address #1: 192.168.56.1
09:29:59.70   WinTransport - Host IP Address #2: 172.31.160.1
09:29:59.70   WinTransport - Host IP Address #3: 192.168.1.2
09:29:59.70   WinTransport - WARNING, MultipleNetwork adapters may cause problems
09:29:59.70   WinTransport - Interface #0: ip:127.0.0.1, broadcast:127.0.0.1, flags=IFF_UP IFF_LOOPBACK IFF_MULTICAST
09:29:59.70   WinTransport - Interface #1: ip:192.168.1.2, broadcast:192.168.1.2, flags=IFF_UP IFF_BROADCAST IFF_MULTICAST
09:29:59.70   WinTransport - Interface #2: ip:172.31.160.1, broadcast:172.31.160.1, flags=IFF_UP IFF_BROADCAST IFF_MULTICAST
09:29:59.70   WinTransport - Interface #3: ip:192.168.56.1, broadcast:192.168.56.1, flags=IFF_UP IFF_BROADCAST IFF_MULTICAST
09:29:59.70   WinTransport - Interface #4: ip:172.24.160.1, broadcast:172.24.160.1, flags=IFF_UP IFF_BROADCAST IFF_MULTICAST
09:29:59.70   Transport::OpenInternal request to WINaddr:255.255.255.255:6112;
09:29:59.70   SessionManager - Peer Header Size = 15 bytes
09:29:59.70   SessionManager - Game Data overhead = 4 bytes
09:29:59.70   SessionManager - Proxy overhead = 7 bytes
09:29:59.70   RLink::ThreadFunction - Entering network thread function...
09:29:59.73   Not able to open the offline items file
09:29:59.73   AutomatchInternal: Instantiating
09:29:59.73   MessageInternal::CreateChannel: Created channel fffffffe
09:29:59.73   MessageInternal::CreateChannel: Created channel fffffffb
09:29:59.73   MessageInternal::CreateChannel: Created channel fffffffd
09:29:59.73   Not able to open the offline items file
09:29:59.73   MessageInternal::CreateChannel: Created channel 00000001
09:29:59.73   MessageInternal::CreateChannel: Created channel 00000002
09:29:59.73   MessageInternal::CreateChannel: Created channel 00000003
09:29:59.73   MessageInternal::CreateChannel: Created channel 00000004
09:29:59.73   MessageInternal::CreateChannel: Created channel 00000005
09:29:59.73   MessageInternal::CreateChannel: Created channel 00000006
09:29:59.73   MessageInternal::CreateChannel: Created channel 00000007
09:29:59.73   MessageInternal::CreateChannel: Created channel 00000008
09:29:59.73   MessageInternal::CreateChannel: Created channel 00000009
09:29:59.73   MessageInternal::CreateChannel: Created channel 0000000a
09:29:59.92   GAME -- Company Of Heroes 2, Build [4.0.0.23468], Language [english]
09:29:59.92   Plat::Win32  -- Desktop PPI 96,  DPI Scaling: 1.000000
09:30:00.08   SPDx11 -- Adapter [NVIDIA GeForce GTX 1060 3GB]: 2988MB dedicated video memory, 0MB dedicated system memory and 1107MB shared system memory.
09:30:00.08   OPTION -- effectsdensity: 0
09:30:00.08   OPTION -- effectsfidelity: 0
09:30:00.08   OPTION -- modeldetail: 0
09:30:00.08   OPTION -- postprocessing: 0
09:30:00.08   OPTION -- raindetail: 0
09:30:00.08   OPTION -- reflections: 0
09:30:00.08   OPTION -- ambocclquality: 0
09:30:00.08   OPTION -- shadows: 0
09:30:00.08   OPTION -- shrubsdetail: 0
09:30:00.08   OPTION -- terraindetail: 0
09:30:00.08   OPTION -- snowdetail: 1
09:30:00.08   OPTION -- antialiasing: 0
09:30:00.08   OPTION -- verticalsync: 1
09:30:00.08   OPTION -- physics: 0
09:30:00.08   OPTION -- texturedetail: 3
09:30:00.08   OPTION -- worldviewquality: 2
09:30:00.08   OPTION -- modelanimationdetail: 1
09:30:00.09   SPOOGE - Driver[DirectX11_Rendering_Device] version[4,37]
09:30:00.09   GAME -- Desktop refresh rate is 60.000000Hz
09:30:00.09   GAME -- Configuration selected refresh rate is (60.000000Hz) 60000/1000
09:30:00.09   GAME -- Final selected refresh rate 60.000000Hz
09:30:00.09   GAME -- Resolution set to 1920x1080 (windowed) it will be @ (60.000000Hz) 60000/1000 in fullscreen
09:30:00.21   SPDx11 -- New Device RefCount [2], New DeviceContext RefCount [1]
09:30:00.21   SPDx11 -- Adapter Description = NVIDIA GeForce GTX 1060 3GB
09:30:00.21   SPDx11 -- Driver Vendor = 0x000010de  Device = 0x00001c02  SubSys = 0x11c210de  Rev = 0x000000a1
09:30:00.21   SPDx11 -- Driver Version  Product = 27  Version = 21  SubVersion = 0  Build = 451.48
09:30:00.21   SPDx11 -- Driver LUID = 0x00000000-0x0000a014
09:30:00.21   SPDx11 -- 2988MB dedicated video memory, 0MB dedicated system memory and 1107MB shared system memory available.
09:30:00.21   SPDx11 -- [1] GPUs found.
09:30:00.21   ShaderDatabase: using shader profile [ps50]
09:30:00.28   Unable to load shader [coh2_impostor_billboard] so replacing with [defaultshader]
09:30:00.43   SPDx11 -- CreateSwapChain: 1920x1080 @ 60000/1000Hz (60.000000Hz). Sample count/quality: 1/0. Back buffers: 2.
09:30:00.43   SPDx11 -- Actual SwapChain buffer set by DXGI: 1920x1080 @ 60000/1000Hz = Refresh Rate: 60.00
09:30:00.43   SPDx11 -- ResizeTarget: 1920x1080 @ 60000/1000Hz = Refresh Rate: 60.00
09:30:00.43   SPDx11 -- Setting SwapChain State to: WINDOW
09:30:00.43   SPDx11 -- Actual SwapChain buffer set by DXGI: 1920x1080 @ 60000/1000Hz = Refresh Rate: 60.00
09:30:00.43   SPDx11 -- Resizing target to make sure Refresh rate is set properly after FullScreen mode change
09:30:00.43   SPDx11 -- ResizeTarget: 1920x1080 @ 0/0Hz = Refresh Rate: 0.00
09:30:00.43   SPDx11 -- Actual SwapChain buffer set by DXGI: 1920x1080 @ 60000/1000Hz = Refresh Rate: 60.00
09:30:00.46   SPDx11 -- device requires no additional virtual address space textures.
09:30:00.46   SPDx11 -- Setting SwapChain State to: WINDOW
09:30:00.46   SPDx11 -- Actual SwapChain buffer set by DXGI: 1920x1080 @ 60000/1000Hz = Refresh Rate: 60.00
09:30:00.46   SPDx11 -- Resizing target to make sure Refresh rate is set properly after FullScreen mode change
09:30:00.46   SPDx11 -- ResizeTarget: 1920x1080 @ 0/0Hz = Refresh Rate: 0.00
09:30:00.46   SPDx11 -- Actual SwapChain buffer set by DXGI: 1920x1080 @ 60000/1000Hz = Refresh Rate: 60.00
09:30:00.52   SPDx11 -- GPU can do [21798] pixels per usecond.  At [1920x1080x1] this is [10512] screens per second. with a CPU overhead of [0.000000] ms, GPU Usage Time [4.566016] ms, QueryWaitCPU time [6.000000] ms
09:30:00.90   SPDx11 -- GPU can do [185] pixels per usecond.  At [1024x1024x1] this is [177] screens per second. with a CPU overhead of [0.000000] ms, GPU Usage Time [22.558722] ms, QueryWaitCPU time [24.000000] ms
09:30:00.90   FILESYSTEM -- filepath failure, missing alias 'TOOLSDATA:autoloddecimator.lua'
09:30:00.98   SOUND -- Initializing ...
09:30:01.08   INNIMapDCA Key not found: tiger_radio_fuzz::objectdistance
09:30:01.09   INNIMapDCA Key not found: Reverb_Forest_Subtle::Distance
09:30:01.11   INNIMapDCA Key not found: metamap_result
09:30:01.30   INNIMapDCA Key not found: rudders_rotation
09:30:01.61   SOUND -- Initialization completed!
09:30:01.69   SCENARIO -- Failed to open stream for Scenario 'DATA:scenarios\tow\challenges\1942_airfield\allied_airfield.info'
09:30:01.70   SCENARIO -- Failed to open stream for Scenario 'DATA:scenarios\tow\scenarios\1941_moscow\1941_moscow_art_v1_ro.info'
09:30:01.71   SCENARIO -- Failed to open stream for Scenario 'DATA:scenarios\sp\coh2_campaign\m02-scorched_earth\scorched_earth_02_03nis.info'
09:30:01.74   SCENARIO -- Failed to open stream for Scenario 'DATA:scenarios\mp\2p_cheneux\2p_cheneux_temp.info'
09:30:01.82   SCENARIO -- Failed to open stream for Scenario 'DATA:scenarios\mp\4p_gelsenkirchen_refinery\4p_gelsenkirchen_refinery_temp.info'
09:30:01.86   SCENARIO -- Failed to open stream for Scenario 'DATA:scenarios\mp\6p_across_the_rhine\6p_across_the_rhine_temp.info'
09:30:01.89   SCENARIO -- Failed to open stream for Scenario 'DATA:scenarios\mp\8p_port_of_hamburg\8p_port_of_hamburg_2.info'
09:30:01.91   SCENARIO -- Failed to open stream for Scenario 'DATA:scenarios\mp\outsourcing_winter\outsourcing_winter.info'
09:30:04.65   GameObjLoader 1354ca30 - resetting counters
09:30:04.65   GameObjLoader 1354ca30 - Created loader
09:30:04.65   GameObjLoader 1354cc90 - resetting counters
09:30:04.65   GameObjLoader 1354cc90 - Created loader
09:30:05.35   CRC & Version Info : exe 0x00005bac:data 0xb87e630b
09:30:05.35   Initializing Scaleform D3D11 HAL
09:30:08.74   SFLoader -- UI DATA:UI\Bin\COH2UI.gfx loaded in 3.381000s
09:30:08.74   MUTING SOUNDS
09:30:09.38   NetworkManager::DispatchEvents() - Warning - Time between calls was 7713 ms
09:30:09.38   Requesting ticket
09:30:09.38   SteamAuthManager::GetAuthToken state ID : 1
09:30:09.68   OnRequest app ticket returned N
09:30:09.68   SteamAuth received ticket at t=9983
09:30:09.68   SteamAuthManager::GetAuthToken state ID : 2
09:30:12.57   Found 1 profiles for account /steam/76561198006675368
09:30:12.57   Found profile: /steam/76561198006675368
09:30:12.57   RelicLinkListener::OnAccountEvent - AET_Login - Result [0]
09:30:17.24   NetworkManager::DispatchEvents() - Warning - Time between calls was 2515 ms
09:30:17.24   ExtensionDoExternalCallEvent (https://garry.sgaas.net:443/event) - response good: 0 bytes,
09:30:18.55   GetAutomatchMaps: Got [467] maps
09:30:18.74   FormatInternal - Unable to proceed formatting string [https://ingame.companyofheroes.com/promotions/home#?profile_name=%1PROFILE_NAME%&profile_alias=%2PROFILE_ALIAS%&currency=%3CURRENCY%&country=%4COUNTRY%&lang=%5LANGUAGE%&supply=%6FIRST_PERMANENT_ITEM_1000_DURABILITY%]
09:30:18.74   FormatInternal - Unable to proceed formatting string [https://ingame.companyofheroes.com/twitch/home#?profile_name=%1PROFILE_NAME%&profile_alias=%2PROFILE_ALIAS%&currency=%3CURRENCY%&country=%4COUNTRY%&lang=%5LANGUAGE%&supply=%6FIRST_PERMANENT_ITEM_1000_DURABILITY%]
09:30:23.94   Some of the ItemPrices received from the server were removed. Size changed from 9135395440722 to 4969900962742988988
09:30:25.82   Some of the ItemPrices received from the server were removed. Size changed from 9135395440722 to 4969900962742988988
09:30:30.75   ARC -- C:\Users\Sergei\Documents\My Games\Company of Heroes 2\mods\scenarios\subscriptions\205676637.sga 5347930 B [ID:4efb99ce08b791f380f0954ad428d309] [Ver:cf6378a6d5bf272758071a90b4b28a62] [Sig:0]
09:30:30.96   ARC -- C:\Users\Sergei\Documents\My Games\Company of Heroes 2\mods\scenarios\subscriptions\274345728.sga 20144410 B [ID:9ca44e4db6f8a4156f7c13e553653b21] [Ver:1e5fb6e262beccb8a026919f148498b4] [Sig:0]
09:30:31.44   ARC -- C:\Users\Sergei\Documents\My Games\Company of Heroes 2\mods\gamemode\subscriptions\340863372.sga 1031659 B [ID:9f17d0228db14a9b8bf62d96a29116ef] [Ver:121417a399c531e015fc7df455709be6] [Sig:0]
09:30:31.60   ARC -- C:\Users\Sergei\Documents\My Games\Company of Heroes 2\mods\gamemode\subscriptions\692412438.sga 3351007 B [ID:5ed2ead7bbf94c01833685dfa1f23ac1] [Ver:60ff095ec12e8b8dfa71a870acc1238d] [Sig:0]
09:30:31.88   ARC -- C:\Users\Sergei\Documents\My Games\Company of Heroes 2\mods\skins\subscriptions\482561139.sga 54140431 B [ID:152282cabf6946828716c6c2b52dc7d4] [Ver:934cd437642717266817f35f2550ba6f] [Sig:0]
09:30:32.00   ARC -- C:\Users\Sergei\Documents\My Games\Company of Heroes 2\mods\skins\subscriptions\493340820.sga 22362429 B [ID:606ec6d745d84f7da2bf299b6277f5be] [Ver:6bd222b87d0208887d5f195b7a3b0669] [Sig:0]
09:30:32.25   ARC -- C:\Users\Sergei\Documents\My Games\Company of Heroes 2\mods\skins\subscriptions\525871988.sga 65357224 B [ID:6e9686bcda67440ab494fc73693a3910] [Ver:d3a181aede035678b53036ab82ff4be1] [Sig:0]
09:30:32.52   ARC -- C:\Users\Sergei\Documents\My Games\Company of Heroes 2\mods\skins\subscriptions\731960136.sga 72176254 B [ID:63ae594215e3493dbe7f4928a9a33690] [Ver:93fac6742e1a1464038392f2f7556f7c] [Sig:0]
09:30:32.88   ARC -- C:\Users\Sergei\Documents\My Games\Company of Heroes 2\mods\decals\subscriptions\464056305.sga 174486 B [ID:892006aaef4645f0af4e83024c18367a] [Ver:d95c7d7e1f4391e884c2d6e96041ec73] [Sig:0]
09:30:32.94   ARC -- C:\Users\Sergei\Documents\My Games\Company of Heroes 2\mods\decals\subscriptions\467917878.sga 1164069 B [ID:d7a4ccb12c1d47f18b0aa95c1e1aafc2] [Ver:d8c509c5186c04b9346bff64ffa1bc2d] [Sig:0]
09:30:33.03   ARC -- C:\Users\Sergei\Documents\My Games\Company of Heroes 2\mods\decals\subscriptions\467951411.sga 1384753 B [ID:377c96ffe8484d1980d7781ea5e1ae60] [Ver:c63f5c704539fc30d9a606017cf2e31e] [Sig:0]
09:30:33.43   ARC -- C:\Users\Sergei\Documents\My Games\Company of Heroes 2\mods\decals\subscriptions\468071873.sga 1005717 B [ID:cc55389ea2704661ae0e6bc121ce3bc3] [Ver:b39702bccc8e14aa9c49d526da630fcc] [Sig:0]
09:30:33.76   ARC -- C:\Users\Sergei\Documents\My Games\Company of Heroes 2\mods\decals\subscriptions\468439899.sga 162810 B [ID:0b194c262900407db742f19658f56f9a] [Ver:8ecd1a7a247662e059412150ec7ec305] [Sig:0]
09:30:33.81   ARC -- C:\Users\Sergei\Documents\My Games\Company of Heroes 2\mods\decals\subscriptions\470379141.sga 1505207 B [ID:38eba702bb8c4e0d93b31cb9547eba38] [Ver:450245451b7f958645094a3dcdf95253] [Sig:0]
09:30:33.90   ARC -- C:\Users\Sergei\Documents\My Games\Company of Heroes 2\mods\decals\subscriptions\470894049.sga 2559977 B [ID:db6ec4ab20f04ac9bf84c55ee9e77af7] [Ver:3bc658a7f8a6d12ee98adcee22c24933] [Sig:0]
09:30:34.26   ARC -- C:\Users\Sergei\Documents\My Games\Company of Heroes 2\mods\decals\subscriptions\470936393.sga 327260 B [ID:4dda4c334fd942f18db25d38e0a3addb] [Ver:6afbaab53280d6850ed3991a1128893f] [Sig:0]
09:30:34.31   ARC -- C:\Users\Sergei\Documents\My Games\Company of Heroes 2\mods\decals\subscriptions\478277657.sga 1255708 B [ID:a93258fadd2f442f94a1fec3e24b8723] [Ver:86e0830c53f56f5201bef23867178185] [Sig:0]
09:30:34.75   ARC -- C:\Users\Sergei\Documents\My Games\Company of Heroes 2\mods\decals\subscriptions\485828861.sga 2790341 B [ID:391fc609b2ec4438ae24ee8135eb60cd] [Ver:a5062cfaa9e6c0f1a43f3672577e89bf] [Sig:0]
09:30:35.11   ARC -- C:\Users\Sergei\Documents\My Games\Company of Heroes 2\mods\decals\subscriptions\511323957.sga 216944 B [ID:b955bd0241874347b3f36fe36542c50c] [Ver:b20841560efea435965abdb628550d8c] [Sig:0]
09:30:35.44   ARC -- C:\Users\Sergei\Documents\My Games\Company of Heroes 2\mods\decals\subscriptions\514117740.sga 330853 B [ID:e2a94ba909c84452a77f6e744ad0cd2b] [Ver:c09e40c8b7c000db03048af67e1d6759] [Sig:0]
09:30:35.49   ARC -- C:\Users\Sergei\Documents\My Games\Company of Heroes 2\mods\decals\subscriptions\514183955.sga 1501458 B [ID:4b4868f0ce91423c91cc5b62d15af56a] [Ver:43854a0523ad4e6ba6a831658a636228] [Sig:0]
09:30:35.86   ARC -- C:\Users\Sergei\Documents\My Games\Company of Heroes 2\mods\decals\subscriptions\528670556.sga 117188 B [ID:b15d4a3abe1146139ff6b3b8b7323b9a] [Ver:ec4108ed495d26aebbe6e8ecb919168b] [Sig:0]
09:30:36.21   ARC -- C:\Users\Sergei\Documents\My Games\Company of Heroes 2\mods\faceplates\subscriptions\468128411.sga 126968 B [ID:9c96eb338bd64adca6739a9777493250] [Ver:a7f590d6c97726068c304b449a918b9b] [Sig:0]
09:30:36.51   ARC -- C:\Users\Sergei\Documents\My Games\Company of Heroes 2\mods\faceplates\subscriptions\470402623.sga 69209 B [ID:b9e9629fad114176840815e9c20fc456] [Ver:10e854a1293772bad29bd0db1b25db3c] [Sig:0]
09:30:36.84   ARC -- C:\Users\Sergei\Documents\My Games\Company of Heroes 2\mods\faceplates\subscriptions\470600676.sga 95630 B [ID:13325c05ee4347f38744129854f95fe7] [Ver:8254244c3e53d25e095120720a81cccd] [Sig:0]
09:30:37.17   ARC -- C:\Users\Sergei\Documents\My Games\Company of Heroes 2\mods\faceplates\subscriptions\472383614.sga 101331 B [ID:7b816b0bd87449bc8576eae559b447db] [Ver:3e203993857bb81542178b87a77abf96] [Sig:0]
09:30:37.49   ARC -- C:\Users\Sergei\Documents\My Games\Company of Heroes 2\mods\faceplates\subscriptions\507222103.sga 49327 B [ID:72b276432f0e41e889b1c9d005ac8cba] [Ver:89b473f592fc23561a0d23910d01196e] [Sig:0]
09:30:37.84   ARC -- C:\Users\Sergei\Documents\My Games\Company of Heroes 2\mods\faceplates\subscriptions\516763618.sga 83920 B [ID:2273fd2797954a56b06d2d7e65fc96f6] [Ver:72a6ad53414aa39b0c61672df7f7db7d] [Sig:0]
09:30:38.16   ARC -- C:\Users\Sergei\Documents\My Games\Company of Heroes 2\mods\fatalities\subscriptions\468188799.sga 43531 B [ID:ac2f6e1927ef4cc3be8e244cc3207c18] [Ver:37d1824db192802c3b80913c229ca017] [Sig:0]
09:30:38.51   ARC -- C:\Users\Sergei\Documents\My Games\Company of Heroes 2\mods\fatalities\subscriptions\503270226.sga 52608 B [ID:21371f92502b4a079bdc4e64ad60ac8e] [Ver:117e5459beb0b0d0053f2a9166f8a53f] [Sig:0]
09:31:00.00   Transport - median kBPS [hi/cur] sent = 0.0/0.0, recvd = 0.0/0.0, #p/sec[s/r] = 0.0/0.0, max unsent 0, version err 0, merge 0
09:31:27.76   starting online hosting
09:31:27.96   SlotManager::GetStringFromSlots: compressed = 32 bytes / 414 bytes
09:31:29.75   BT! - SockInit: SOCK_FD_SET_SIZE = 64
09:31:29.75   DBG - SockConnect: 0/s->stHandle=4620
09:31:29.75   DBG - SockConnect: 0/4620 connect deferred (in progress)
09:31:29.88   DBG - SockAnimateAll: socket 0/4620 connection complete.
09:31:30.05   battleserverrelay - Connected: 
Connection [ 1/ 1] - local=192.168.1.2:49624, remote=3.81.245.57:27020, type=CONNECT, timeTookToConnectMS=298, silentTimeMS=0, lastSockError=0
09:31:30.11   OnlineHostAsync success
09:31:30.11   Session::Initialize - info, initializing session object, using threads.
09:31:30.11   SessionManager::RegisterSession - Registering RL_NEW session 47dd93c0
09:31:30.11   Created Matchinfo for sessionID 237028870
09:31:30.11   OnJoinAdvertisementSuccess - joined online match, server leave notification required
09:31:30.11   starting local hosting
09:31:30.11   Transport::OpenInternal request to WINaddr:255.255.255.255:6112;
09:31:30.11   Allocated route ID=0 for PeerID 1 at WINaddr:172.24.160.1:6112;
09:31:30.11   Transport::OpenInternal request to WINaddr:172.24.160.1:6112;
09:31:30.12   Session::Host sid = E20C606, hostURL = , local addresses = WINaddr:172.24.160.1:6112;
09:31:30.12   Session::GetState - info, session [237028870]'s state changed to [2:STATE_CONNECTING].
09:31:30.12   ValidateCustomData: called with 2889 bytes of custom data
09:31:30.12   Host accepted Peer 1 into the match at address list=WINaddr:172.24.160.1:6112;, routes=WINaddr:172.24.160.1:6112;
09:31:30.12   WorldwideAdvertisementService::Process - EVENT_NEWPEER
09:31:30.15   Session::GetState - info, session [237028870]'s state changed to [3:STATE_CONNECTED].
09:31:30.15   Sending matchinfo change #2
09:31:30.15   Session Connection Event - ReasonID: 0 ReasonDebug: SessionOperationInfo::SUCCESS
09:31:30.15   HostAsync - got operation info 0:SessionOperationInfo::SUCCESS
09:31:30.15   local host PeerID 1 LOCL ack=  0 (  0ms~0) unack=  3, retry=  0, highwaterOOS=0 (ip=WINaddr:172.24.160.1:6112;), pending=0, dead=0, RS#=0/2
09:31:30.15   MessageCounts: inval=0/0, seek=0/0, join=1/0, ichk=0/0, sk_r=0/0, deny=0/0, Padd=1/0, Pdel=0/0, drop=0/0, data=1/0, mdat=0/0, voip=0/0, rchk=0/0, nudg=0/0, Thdr=0/0, Peer=2/0, PPrx=1/0, ping=0/0, Pfrg=0/0, rely=2/0, lb_p=0/0, lb_c=0/0, cast=0/0, cdat=0/0, sorq1=0/0, sorp=0/0, acto=0/0, spob=0/0, sorq2=0/0, setp=1/0, actr=0/0, lsim=0/0
09:31:30.18   hosting - Session is connected
09:31:30.21   HostAsync - completed with HostResult = 0
09:31:30.21   Party::SetHostJoinResult - 0
09:31:30.21   Party::SetStatus - S_CONFIGURING
09:31:30.22   WorldwideAutomatch2Service::OnHostComplete - we're not polling at the moment, ignoring
09:31:30.22   WorldwideAutomatchService::OnHostComplete - automatcher is no longer active - stopPollPending 0 automatchPollID 18446744073709551615
09:31:30.22   SlotManager::GetStringFromSlots: compressed = 172 bytes / 761 bytes
09:31:30.30   Session - rcv'd Join request - address noaddr/relay/PID=E91CFA40581348B0 in use by existing peer (ignoring)
09:31:30.30   Session::PollTransportEvents AddPeerMessage ignored, peer 1 already in m_peers
09:31:30.40   Sending matchinfo change #12
09:31:30.42   Rejecting packet type 0 that claims to come from ourself
09:31:31.45   Sending matchinfo change #15
09:31:31.45   Rejecting packet type 0 that claims to come from ourself
09:31:31.72   Rejecting packet type 0 that claims to come from ourself
09:31:32.51   SlotManager::GetStringFromSlots: compressed = 169 bytes / 761 bytes
09:31:34.92   Party::SetStatus - S_INVALID
09:31:35.00   SessionID : e20c606 - Disconnect called with reasonID 1000 - Destroying Party
09:31:35.08   SetVisible called while !IsConnected
09:31:35.83   Session::SchedulePeerRemove - Scheduling peerID: 1 to disconnect, reasonCode:1000, reason:Destroying Party
09:31:35.83   Session Destroy Peer Event - ReasonID: 1000 ReasonDebug: Destroying Party
09:31:35.83   Session::GetEvent DestroyPeer success Peer 1 removed, reasonCode 1000, reasonDebug Destroying Party
09:31:35.83   Session::DestroyPeer - deallocating peer 1
09:31:35.83   Session - Requested Disconnect for connectionID 1
09:31:35.83   Deallocated route ID=2 for PeerID 1 at WINaddr:172.24.160.1:6112;
09:31:35.83   Session - Requested Disconnect for connectionID 2
09:31:35.83   Closed route 2<>2 for PeerID 1 at WINaddr:172.24.160.1:6112;
09:31:35.83   WorldwideAdvertisementService::Process - EVENT_DESTROYPEER
09:31:35.83   peerremove - peerIDRemoved=[00000000:0008dbad], reasonID=1000, reason debug hint - Destroying Party
09:31:35.84   Transport - Largest sent is now 8
09:31:35.84   Session::SendQueuedMessagesToRelay local peer is missing, not sending
09:31:35.85   Transport - Largest received is now 8
09:31:35.86   Session::SendQueuedMessagesToRelay local peer is missing, not sending
09:31:35.88   Session::SendQueuedMessagesToRelay local peer is missing, not sending
09:31:35.88   Session::GetState - info, session [237028870]'s state changed to [1:STATE_DISCONNECTED].
09:31:35.88   PeerRemoveAll - flushing local session peer data
09:31:35.88   Session::Reset with reason WorldwidePartyService::PeerRemoveAll
09:31:35.88   LeaveSessionInternal - no action taken, needLeave=0, service=0
09:31:35.88   Destroyed Matchinfo
09:31:35.88   DBG - _SockFree: socket 0/4620 sending graceful shutdown request. reason: SockCollection::DisconnectAll forceFree
09:31:35.88   DBG - _SockClose: socket 0/4620 initiating close
09:31:35.88   DBG - _SockClose: socket 0/4620 close complete. debugReason SockCollection::DisconnectAll forceFree
09:31:35.88   DBG - _SockFree: socket 0/4620 _SockFree complete
09:31:35.98   BT! - SockUnInit - sending shutdown notification & close with linger for all 0 active sockets
09:31:35.98   SessionManager::UnregisterSession - Unregistering session 47dd93c0
09:31:35.98   OnDestroyPartyNotification - partyID = [00000000:0e20c606], prevID = [ffffffff:ffffffff]
09:31:35.98   OnDestroyPartyNotification - partyID = 237028870, prevID = -1
09:31:56.59   starting online hosting
09:31:56.82   SlotManager::GetStringFromSlots: compressed = 32 bytes / 414 bytes
09:31:57.35   BT! - SockInit: SOCK_FD_SET_SIZE = 64
09:31:57.35   DBG - SockConnect: 1/s->stHandle=2032
09:31:57.35   DBG - SockConnect: 1/2032 connect deferred (in progress)
09:31:57.48   DBG - SockAnimateAll: socket 1/2032 connection complete.
09:31:57.75   battleserverrelay - Connected: 
Connection [ 1/ 1] - local=192.168.1.2:49628, remote=54.84.62.182:27025, type=CONNECT, timeTookToConnectMS=400, silentTimeMS=0, lastSockError=0
09:31:57.82   OnlineHostAsync success
09:31:57.82   Session::Initialize - info, initializing session object, using threads.
09:31:57.82   SessionManager::RegisterSession - Registering RL_NEW session 47dd93c0
09:31:57.82   Created Matchinfo for sessionID 237028896
09:31:57.82   OnJoinAdvertisementSuccess - joined online match, server leave notification required
09:31:57.82   starting local hosting
09:31:57.82   Transport::OpenInternal request to WINaddr:255.255.255.255:6112;
09:31:57.82   Allocated route ID=0 for PeerID 1 at WINaddr:172.24.160.1:6112;
09:31:57.82   Transport::OpenInternal request to WINaddr:172.24.160.1:6112;
09:31:57.82   Session::Host sid = E20C620, hostURL = , local addresses = WINaddr:172.24.160.1:6112;
09:31:57.82   Session::GetState - info, session [237028896]'s state changed to [2:STATE_CONNECTING].
09:31:57.82   ValidateCustomData: called with 2889 bytes of custom data
09:31:57.82   Host accepted Peer 1 into the match at address list=WINaddr:172.24.160.1:6112;, routes=WINaddr:172.24.160.1:6112;
09:31:57.82   WorldwideAdvertisementService::Process - EVENT_NEWPEER
09:31:57.85   Session::GetState - info, session [237028896]'s state changed to [3:STATE_CONNECTED].
09:31:57.85   Sending matchinfo change #2
09:31:57.85   Session Connection Event - ReasonID: 0 ReasonDebug: SessionOperationInfo::SUCCESS
09:31:57.85   HostAsync - got operation info 0:SessionOperationInfo::SUCCESS
09:31:57.86   local host PeerID 1 LOCL ack=  0 (  0ms~0) unack=  3, retry=  0, highwaterOOS=0 (ip=WINaddr:172.24.160.1:6112;), pending=0, dead=0, RS#=0/2
09:31:57.86   MessageCounts: inval=0/0, seek=0/0, join=1/0, ichk=0/0, sk_r=0/0, deny=0/0, Padd=1/0, Pdel=0/0, drop=0/0, data=1/0, mdat=0/0, voip=0/0, rchk=0/0, nudg=0/0, Thdr=0/0, Peer=2/0, PPrx=1/0, ping=0/0, Pfrg=0/0, rely=2/0, lb_p=0/0, lb_c=0/0, cast=0/0, cdat=0/0, sorq1=0/0, sorp=0/0, acto=0/0, spob=0/0, sorq2=0/0, setp=1/0, actr=0/0, lsim=0/0
09:31:57.88   hosting - Session is connected
09:31:57.91   HostAsync - completed with HostResult = 0
09:31:57.91   Party::SetHostJoinResult - 0
09:31:57.91   Party::SetStatus - S_CONFIGURING
09:31:57.91   WorldwideAutomatch2Service::OnHostComplete - we're not polling at the moment, ignoring
09:31:57.91   WorldwideAutomatchService::OnHostComplete - automatcher is no longer active - stopPollPending 0 automatchPollID 18446744073709551615
09:31:57.92   SlotManager::GetStringFromSlots: compressed = 172 bytes / 761 bytes
09:31:57.99   Session - rcv'd Join request - address noaddr/relay/PID=51D3D4792ACEE873 in use by existing peer (ignoring)
09:31:57.99   Session::PollTransportEvents AddPeerMessage ignored, peer 1 already in m_peers
09:31:58.08   Sending matchinfo change #12
09:31:58.44   Rejecting packet type 0 that claims to come from ourself
09:31:58.44   Rejecting packet type 0 that claims to come from ourself
09:32:01.00   Transport - median kBPS [hi/cur] sent = 0.0/0.0, recvd = 0.0/0.0, #p/sec[s/r] = 0.0/0.0, max unsent 0, version err 0, merge 0
09:32:04.22   Sending matchinfo change #18
09:32:04.22   SlotManager::GetStringFromSlots: compressed = 172 bytes / 761 bytes
09:32:04.45   Rejecting packet type 0 that claims to come from ourself
09:32:05.12   Sending matchinfo change #19
09:32:05.12   SlotManager::GetStringFromSlots: compressed = 243 bytes / 913 bytes
09:32:05.43   Rejecting packet type 0 that claims to come from ourself
09:32:08.37   Sending matchinfo change #20
09:32:08.37   SlotManager::GetStringFromSlots: compressed = 247 bytes / 913 bytes
09:32:08.68   Rejecting packet type 0 that claims to come from ourself
09:32:10.09   Sending matchinfo change #21
09:32:10.09   SlotManager::GetStringFromSlots: compressed = 254 bytes / 913 bytes
09:32:10.44   Rejecting packet type 0 that claims to come from ourself
09:32:12.55   Sending matchinfo change #22
09:32:12.55   SlotManager::GetStringFromSlots: compressed = 252 bytes / 913 bytes
09:32:12.82   Rejecting packet type 0 that claims to come from ourself
09:32:13.93   Party::SetStatus - S_NEGOTIATING
09:32:13.97   Sending matchinfo change #23
09:32:13.97   SlotManager::GetStringFromSlots: compressed = 252 bytes / 913 bytes
09:32:13.97   Party::SetNegotiatingStatus - NS_Hosting
09:32:14.02   Party::SetNegotiatingStatus - NS_Configuring
09:32:14.10   starting offline hosting
09:32:14.20   OnlineHostAsync success
09:32:14.20   Session::Initialize - info, initializing session object, using threads.
09:32:14.20   SessionManager::RegisterSession - Registering RL_NEW session 47ddfbf8
09:32:14.21   Created Matchinfo for sessionID 18446744073709551614
09:32:14.21   OnJoinAdvertisementSuccess - joined online match, server leave notification required
09:32:14.21   starting local hosting
09:32:14.21   Transport::OpenInternal request to WINaddr:255.255.255.255:6112;
09:32:14.21   Allocated route ID=0 for PeerID 1 at WINaddr:172.24.160.1:6112;
09:32:14.21   Transport::OpenInternal request to WINaddr:172.24.160.1:6112;
09:32:14.21   Session::Host sid = FFFFFFFFFFFFFFFE, hostURL = , local addresses = WINaddr:172.24.160.1:6112;
09:32:14.21   Sending matchinfo change #24
09:32:14.21   Session::GetState - info, session [-2]'s state changed to [2:STATE_CONNECTING].
09:32:14.21   Rejecting packet type 0 that claims to come from ourself
09:32:14.21   ValidateCustomData: called with 2889 bytes of custom data
09:32:14.21   Host accepted Peer 1 into the match at address list=WINaddr:172.24.160.1:6112;, routes=WINaddr:172.24.160.1:6112;
09:32:14.21   WorldwideAdvertisementService::Process - EVENT_NEWPEER
09:32:14.24   local host PeerID 1 CONN ack=  0 (  0ms~0) unack=  0, retry=  0, highwaterOOS=0 @WINaddr:172.24.160.1:6112; (ping=0ms) 100.00%, pending=0, dead=0, RS#=0/0
09:32:14.24   MessageCounts: inval=0/0, seek=0/0, join=0/0, ichk=0/0, sk_r=0/0, deny=0/0, Padd=0/0, Pdel=0/0, drop=0/0, data=1/0, mdat=0/0, voip=0/0, rchk=0/0, nudg=0/0, Thdr=0/0, Peer=0/0, PPrx=1/0, ping=0/0, Pfrg=0/0, rely=0/0, lb_p=0/0, lb_c=0/0, cast=0/0, cdat=0/0, sorq1=0/0, sorp=0/0, acto=0/0, spob=0/0, sorq2=0/0, setp=0/0, actr=0/0, lsim=0/0
09:32:14.25   Session::GetState - info, session [-2]'s state changed to [3:STATE_CONNECTED].
09:32:14.25   Sending matchinfo change #2
09:32:14.25   Session Connection Event - ReasonID: 0 ReasonDebug: SessionOperationInfo::SUCCESS
09:32:14.25   HostAsync - got operation info 0:SessionOperationInfo::SUCCESS
09:32:14.30   hosting - Session is connected
09:32:14.35   HostAsync - completed with HostResult = 0
09:32:14.35   WorldwidePartyService::SetMatchState - state 0 unchanged ignoring
09:32:14.35   WorldwideAutomatch2Service::OnHostComplete - we're not polling at the moment, ignoring
09:32:14.35   WorldwideAutomatchService::OnHostComplete - automatcher is no longer active - stopPollPending 0 automatchPollID 18446744073709551615
09:32:14.35   Party::SetNegotiatingStatus - NS_Communicating
09:32:14.40   Sending matchinfo change #11
09:32:14.40   Rejecting packet type 0 that claims to come from ourself
09:32:14.40   Party::SetNegotiatingStatus - NS_WaitingForPlayers
09:32:14.45   Party::SetNegotiatingStatus - NS_WaitingForAck
09:32:14.50   Party::SetNegotiatingStatus - NS_Completing
09:32:14.55   Sending matchinfo change #13
09:32:14.55   Party::SetNegotiatingStatus - NS_None
09:32:14.55   Party::SetStatus - S_PLAYING
09:32:14.55   WorldwidePartyService::SetMatchState - state 1 not an online game, no server call necessary
09:32:14.60   Sending matchinfo change #25
09:32:14.70   Sending matchinfo change #14
09:32:14.70   WorldwideAutomatchService::OnStartComplete - detected successful game start
09:32:14.70   Match Started - [00000000:0008dbad /steam/76561198006675368], slot =  0, ranking =   -1
09:32:14.80   SlotManager::GetStringFromSlots: compressed = 252 bytes / 913 bytes
09:32:14.80   Rejecting packet type 0 that claims to come from ourself
09:32:15.36   Sending matchinfo change #15
09:32:15.36   MOD - Setting player (0) race to: 0
09:32:15.36   MOD - Setting player (1) race to: 0
09:32:15.36   GAME -- Scenario: DATA:scenarios\mp\hamlet\hamlet
09:32:15.36   GAME -- Win Condition Qualified Name: 00000000000000000000000000000000:16123440
09:32:15.36   GAME -- Win Condition Name: victory_point
09:32:15.36   GAME -- Human Player: 0 sepi 580525 0 german
09:32:15.36   GAME -- AI Player: 1 CPU - Standard -1 1 aef
09:32:19.10   NetworkManager::DispatchEvents() - Warning - Time between calls was 3247 ms
09:32:19.58   GameObj::StartGameObj - info, network session GUID set to [701310670].
09:32:19.75   OBJECTSCAR -- Initialization failed - could not load scar type BP list.
09:32:21.14   INNIMapDCA Key not found: tinitus::time
09:32:21.38   PHYSICS -- Created node factory 'HVOK'
09:32:21.38   PHYSICS -- Created node factory 'DMMY'
09:32:21.40   GameObjLoader - upgrading load_count from 0 to 2528
09:32:24.81   Dx11Program : Unable to find shader script for 'max_alphablend' in the ShaderDatabase.
09:32:24.81   Unable to load shader [max_alphablend] so replacing with [defaultshader]
09:32:30.27   GameObjLoader 1354ca30 - resetting counters
09:32:30.27   GameObjLoader 1354ca30 - LOAD_DONE
09:32:34.86   GAME - SessionSetup
09:32:34.86   MUTING SOUNDS
09:32:34.96   TChunkManagerIO::Load version 2001l
09:32:34.97   TERRAINTEXTURE -- compositor added RenderTarget of size 3360 x 1890
09:32:35.48   Warning: RenderCompositeStrips AddStripSegment : time == FLT_MAX
09:32:35.48   Warning: RenderCompositeStrips AddStripSegment : time == FLT_MAX
09:32:35.48   Warning: RenderCompositeStrips AddStripSegment : time == FLT_MAX
09:32:35.48   Warning: RenderCompositeStrips AddStripSegment : time == FLT_MAX
09:32:35.49   Warning: RenderCompositeStrips AddStripSegment : time == FLT_MAX
09:32:36.15   GAME - CreateGEWorld in 1291 ms
09:32:36.17   GAME - SessionSetup finished in 1311 ms
09:32:36.19   GAME - WaterReflectionManagerSetup
09:32:36.19   GAME - WaterReflectionManagerSetup finished in 0 ms
09:32:36.23   GAME -- Recording game
09:32:36.34   SimWorld::LoadWinCondition: - [DATA:Scar/WinConditions/VictoryPointPlusAnnihilate.scar] succeeded.
09:32:36.49   MOD -- Player  (unused player) (frame 0) (KillPlayer)
09:32:36.49   MOD -- Player  (unused player) (frame 0) (KillPlayer)
09:32:36.49   MOD -- Player  (unused player) (frame 0) (KillPlayer)
09:32:36.49   MOD -- Player  (unused player) (frame 0) (KillPlayer)
09:32:36.49   MOD -- Player  (unused player) (frame 0) (KillPlayer)
09:32:36.49   MOD -- Player  (unused player) (frame 0) (KillPlayer)
09:32:36.67   SPEECHMANAGER -- Loaded in 0.029476 seconds
09:32:36.73   TwoPop sound file 'dev/440hz' not loaded
09:32:37.01   GameObjLoader - upgrading load_count from 0 to 1560
09:32:37.52   GameObjLoader 1354cc90 - resetting counters
09:32:37.52   GameObjLoader 1354cc90 - LOAD_DONE
09:32:37.63   Releasing [132]MB of Staging texture data
09:32:37.63   PreloadResources took 0ms.
09:32:37.71   SIM -- Setting SyncErrorChecking level to None
09:32:40.07   DeferredView - Start creating view [ WaterView ] textures
09:32:40.07   SPDx11 -- 2988MB dedicated video memory, 0MB dedicated system memory and 1107MB shared system memory available.
09:32:40.08   SPDx11 -- 2988MB dedicated video memory, 0MB dedicated system memory and 1107MB shared system memory available.
09:32:40.08   DeferredView - Finished creating view [ WaterView ] textures
09:32:40.08   DeferredView - Start creating view [ WorldView ] textures
09:32:40.08   SPDx11 -- 2988MB dedicated video memory, 0MB dedicated system memory and 1107MB shared system memory available.
09:32:40.08   SPDx11 -- 2988MB dedicated video memory, 0MB dedicated system memory and 1107MB shared system memory available.
09:32:40.08   DeferredView - Finished creating view [ WorldView ] textures
09:32:40.08   UN MUTING SOUNDS
09:32:40.08   PerformanceRecorder::StartRecording for game size 2
09:32:40.08   GAME -- Starting mission: DATA:scenarios\mp\hamlet\hamlet
09:32:40.31   MEM -- heap use 1629 mb, heap uncommitted 19 mb, heap total 1649 mb, available virtual 1701 mb, total virtual 4095 mb
09:32:40.49   MOD -- Player CPU - Standard set to AI Type: AI Player (frame 1) (CmdAI)
09:32:47.93   GAME -- SimulationController::Pause 0
09:32:47.93   MUTING SOUNDS
09:32:51.97   SessionID : fffffffffffffffe - Disconnect called with reasonID 1000 - MatchSetup::Disconnect
09:32:51.97   GAME -- Frame 57 - SimKillPlayer - Destroying SimPlayer 1003, reason 3
09:32:51.97   MOD -- Player sepi (network abort) (frame 57) (KillPlayer)
09:32:51.97   GAME -- Frame 57 - SimKillPlayer - Destroying SimPlayer 1001, reason 3
09:32:51.97   MOD -- Player CPU - Standard (network abort) (frame 57) (KillPlayer)
09:32:51.97   SessionID : fffffffffffffffe - Disconnect called with reasonID 1000 - MatchSetup::Disconnect
09:32:51.98   Disconnect process already running
09:32:51.98   SetVisible called while !IsConnected
09:32:51.98   SessionID : fffffffffffffffe - Disconnect called with reasonID 1000 - MatchSetup::Disconnect
09:32:52.01   Disconnect process already running
09:32:52.01   Party::SetStatus - S_CONFIGURING
09:32:52.03   Session::SchedulePeerRemove - Scheduling peerID: 1 to disconnect, reasonCode:1000, reason:MatchSetup::Disconnect
09:32:52.03   Sending matchinfo change #26
09:32:52.03   SlotManager::GetStringFromSlots: compressed = 253 bytes / 913 bytes
09:32:52.03   Session Destroy Peer Event - ReasonID: 1000 ReasonDebug: MatchSetup::Disconnect
09:32:52.03   Session::GetEvent DestroyPeer success Peer 1 removed, reasonCode 1000, reasonDebug MatchSetup::Disconnect
09:32:52.03   Session::DestroyPeer - deallocating peer 1
09:32:52.03   Session - Requested Disconnect for connectionID 5
09:32:52.03   Deallocated route ID=6 for PeerID 1 at WINaddr:172.24.160.1:6112;
09:32:52.03   Session - Requested Disconnect for connectionID 6
09:32:52.03   Closed route 6<>6 for PeerID 1 at WINaddr:172.24.160.1:6112;
09:32:52.03   WorldwideAdvertisementService::Process - EVENT_DESTROYPEER
09:32:52.03   peerremove - peerIDRemoved=[00000000:0008dbad], reasonID=1000, reason debug hint - MatchSetup::Disconnect
09:32:52.05   Session::GetState - info, session [-2]'s state changed to [1:STATE_DISCONNECTED].
09:32:52.05   PeerRemoveAll - flushing local session peer data
09:32:52.05   Session::Reset with reason WorldwidePartyService::PeerRemoveAll
09:32:52.05   LeaveSessionInternal - no action taken, needLeave=0, service=2
09:32:52.05   Destroyed Matchinfo
09:32:52.05   SessionManager::UnregisterSession - Unregistering session 47ddfbf8
09:32:52.05   OnDestroyPartyNotification - partyID = [ffffffff:fffffffe], prevID = [ffffffff:ffffffff]
09:32:52.05   OnDestroyPartyNotification - partyID = -2, prevID = -1
09:32:52.30   Rejecting packet type 0 that claims to come from ourself
09:32:54.19   GameObj::ShutdownGameObj
09:32:54.19   GetMaxFrameTimeFromProfile: players=2 expected FPS=100.000000, bars=0, max avg=0.000, sd=0.000, 0 samples =
09:32:54.19   PerformanceRecorder::EndRecording - game size=2, max average=0.000000, worst frame=0.010000
09:32:54.19    Recording: No [2 players]
09:32:54.19    Max/Avg: 0.00, 0.00 sec (fps=0.00, 0.00) (0 samples)
09:32:54.19    Bars: 0
09:32:54.45   SOUND -- Shutting down ...
09:32:54.47   SOUND -- Shark Thread - Shutdown received
09:32:54.53   SOUND -- Shutdown completed!
09:32:54.58   SOUND -- Initializing ...
09:32:54.65   SOUND -- Initialization completed!
09:32:54.67   GameObjLoader 1354cc90 - Unload
09:32:54.67   GameObjLoader 1354cc90 - resetting counters
09:32:54.68   MOD -- Game Over at frame 57
09:32:55.33   GameObjLoader 1354ca30 - Unload
09:32:55.33   GameObjLoader 1354ca30 - resetting counters
09:32:56.79   NetworkManager::DispatchEvents() - Warning - Time between calls was 2602 ms
09:32:58.01   local host PeerID 1 LOCL ack= 16 (563ms~67) unack=  0, retry=  0, highwaterOOS=0 (ip=WINaddr:172.24.160.1:6112;), pending=0, dead=0, RS#=15/15
09:32:58.01   MessageCounts: inval=0/0, seek=0/0, join=0/0, ichk=0/0, sk_r=0/0, deny=0/0, Padd=0/0, Pdel=0/0, drop=0/0, data=0/1, mdat=0/0, voip=0/0, rchk=0/0, nudg=0/0, Thdr=0/0, Peer=2/2, PPrx=1/4, ping=0/0, Pfrg=0/0, rely=0/0, lb_p=1/1, lb_c=0/0, cast=0/0, cdat=0/0, sorq1=0/0, sorp=0/0, acto=0/0, spob=0/0, sorq2=0/0, setp=0/0, actr=0/0, lsim=0/0
09:33:02.00   Transport - median kBPS [hi/cur] sent = 0.0/0.0, recvd = 0.0/0.0, #p/sec[s/r] = 0.0/0.0, max unsent 0, version err 0, merge 0
09:33:05.83   NetworkManager::DispatchEvents() - Warning - Time between calls was 2780 ms
09:33:12.28   NetworkManager::DispatchEvents() - Warning - Time between calls was 4507 ms
09:33:14.97   NetworkManager::DispatchEvents() - Warning - Time between calls was 2693 ms
09:33:22.04   Party::SetStatus - S_INVALID
09:33:22.08   starting offline hosting
09:33:22.08   SessionID : e20c620 - Disconnect called with reasonID 1000 - Destroying Party
09:33:22.17   SetVisible called while !IsConnected
09:33:22.22   OnlineHostAsync success
09:33:22.22   Session::Initialize - info, initializing session object, using threads.
09:33:22.22   SessionManager::RegisterSession - Registering RL_NEW session 78843250
09:33:22.22   Created Matchinfo for sessionID 18446744073709551613
09:33:22.22   OnJoinAdvertisementSuccess - joined online match, server leave notification required
09:33:22.22   starting local hosting
09:33:22.22   Transport::OpenInternal request to WINaddr:255.255.255.255:6112;
09:33:22.22   Allocated route ID=0 for PeerID 1 at WINaddr:172.24.160.1:6112;
09:33:22.22   Transport::OpenInternal request to WINaddr:172.24.160.1:6112;
09:33:22.22   Session::Host sid = FFFFFFFFFFFFFFFD, hostURL = , local addresses = WINaddr:172.24.160.1:6112;
09:33:22.22   Session::GetState - info, session [-3]'s state changed to [2:STATE_CONNECTING].
09:33:22.22   ValidateCustomData: called with 2195 bytes of custom data
09:33:22.22   Host accepted Peer 1 into the match at address list=WINaddr:172.24.160.1:6112;, routes=WINaddr:172.24.160.1:6112;
09:33:22.22   WorldwideAdvertisementService::Process - EVENT_NEWPEER
09:33:22.25   local host PeerID 1 CONN ack=  0 (  0ms~0) unack=  0, retry=  0, highwaterOOS=0 @WINaddr:172.24.160.1:6112; (ping=0ms) 100.00%, pending=0, dead=0, RS#=0/0
09:33:22.25   MessageCounts: inval=0/0, seek=0/0, join=0/0, ichk=0/0, sk_r=0/0, deny=0/0, Padd=0/0, Pdel=0/0, drop=0/0, data=0/0, mdat=0/0, voip=0/0, rchk=0/0, nudg=0/0, Thdr=0/0, Peer=0/0, PPrx=0/0, ping=0/0, Pfrg=0/0, rely=0/0, lb_p=0/0, lb_c=0/0, cast=0/0, cdat=0/0, sorq1=0/0, sorp=0/0, acto=0/0, spob=0/0, sorq2=0/0, setp=0/0, actr=0/0, lsim=0/0
09:33:22.27   Session::GetState - info, session [-3]'s state changed to [3:STATE_CONNECTED].
09:33:22.27   Sending matchinfo change #2
09:33:22.27   Session Connection Event - ReasonID: 0 ReasonDebug: SessionOperationInfo::SUCCESS
09:33:22.27   HostAsync - got operation info 0:SessionOperationInfo::SUCCESS
09:33:22.32   hosting - Session is connected
09:33:22.38   HostAsync - completed with HostResult = 0
09:33:22.38   WorldwideAutomatch2Service::OnHostComplete - we're not polling at the moment, ignoring
09:33:22.38   WorldwideAutomatchService::OnHostComplete - automatcher is no longer active - stopPollPending 0 automatchPollID 18446744073709551615
09:33:22.42   WorldwidePartyService::SetMatchState - state 1 not an online game, no server call necessary
09:33:22.47   Sending matchinfo change #3
09:33:22.49   GAME -- Scenario: DATA:scenarios\mp\hamlet\hamlet
09:33:22.49   GAME -- Win Condition Qualified Name: 00000000000000000000000000000000:16123440
09:33:22.49   GAME -- Win Condition Name: victory_point
09:33:22.49   GAME -- Human Player: 0 sepi 580525 0 german
09:33:22.49   GAME -- AI Player: 1 CPU - Standard -1 1 aef
09:33:22.97   Session::SchedulePeerRemove - Scheduling peerID: 1 to disconnect, reasonCode:1000, reason:Destroying Party
09:33:22.97   Session Destroy Peer Event - ReasonID: 1000 ReasonDebug: Destroying Party
09:33:22.97   Session::GetEvent DestroyPeer success Peer 1 removed, reasonCode 1000, reasonDebug Destroying Party
09:33:22.97   Session::DestroyPeer - deallocating peer 1
09:33:22.97   Session - Requested Disconnect for connectionID 3
09:33:22.97   Deallocated route ID=4 for PeerID 1 at WINaddr:172.24.160.1:6112;
09:33:22.97   Session - Requested Disconnect for connectionID 4
09:33:22.97   Closed route 4<>4 for PeerID 1 at WINaddr:172.24.160.1:6112;
09:33:22.97   WorldwideAdvertisementService::Process - EVENT_DESTROYPEER
09:33:22.97   peerremove - peerIDRemoved=[00000000:0008dbad], reasonID=1000, reason debug hint - Destroying Party
09:33:22.99   Session::SendQueuedMessagesToRelay local peer is missing, not sending
09:33:23.01   Session::SendQueuedMessagesToRelay local peer is missing, not sending
09:33:23.03   Session::SendQueuedMessagesToRelay local peer is missing, not sending
09:33:23.05   Session::SendQueuedMessagesToRelay local peer is missing, not sending
09:33:23.08   Session::SendQueuedMessagesToRelay local peer is missing, not sending
09:33:23.10   Session::SendQueuedMessagesToRelay local peer is missing, not sending
09:33:23.12   Session::SendQueuedMessagesToRelay local peer is missing, not sending
09:33:23.14   Session::SendQueuedMessagesToRelay local peer is missing, not sending
09:33:23.16   Session::SendQueuedMessagesToRelay local peer is missing, not sending
09:33:23.19   Session::SendQueuedMessagesToRelay local peer is missing, not sending
09:33:23.21   Session::SendQueuedMessagesToRelay local peer is missing, not sending
09:33:23.23   Session::SendQueuedMessagesToRelay local peer is missing, not sending
09:33:23.25   Session::SendQueuedMessagesToRelay local peer is missing, not sending
09:33:23.27   Session::SendQueuedMessagesToRelay local peer is missing, not sending
09:33:23.30   Session::SendQueuedMessagesToRelay local peer is missing, not sending
09:33:23.32   Session::SendQueuedMessagesToRelay local peer is missing, not sending
09:33:23.34   Session::SendQueuedMessagesToRelay local peer is missing, not sending
09:33:23.36   Session::SendQueuedMessagesToRelay local peer is missing, not sending
09:33:23.38   Session::SendQueuedMessagesToRelay local peer is missing, not sending
09:33:23.41   Session::SendQueuedMessagesToRelay local peer is missing, not sending
09:33:23.43   Session::SendQueuedMessagesToRelay local peer is missing, not sending
09:33:23.45   Session::SendQueuedMessagesToRelay local peer is missing, not sending
09:33:23.47   Session::SendQueuedMessagesToRelay local peer is missing, not sending
09:33:23.49   Session::SendQueuedMessagesToRelay local peer is missing, not sending
09:33:23.52   Session::SendQueuedMessagesToRelay local peer is missing, not sending
09:33:23.54   Session::SendQueuedMessagesToRelay local peer is missing, not sending
09:33:23.56   Session::SendQueuedMessagesToRelay local peer is missing, not sending
09:33:23.58   Session::SendQueuedMessagesToRelay local peer is missing, not sending
09:33:23.60   Session::SendQueuedMessagesToRelay local peer is missing, not sending
09:33:23.63   Session::SendQueuedMessagesToRelay local peer is missing, not sending
09:33:23.65   Session::SendQueuedMessagesToRelay local peer is missing, not sending
09:33:23.67   Session::SendQueuedMessagesToRelay local peer is missing, not sending
09:33:23.69   Session::SendQueuedMessagesToRelay local peer is missing, not sending
09:33:23.71   Session::SendQueuedMessagesToRelay local peer is missing, not sending
09:33:23.74   Session::SendQueuedMessagesToRelay local peer is missing, not sending
09:33:23.76   Session::SendQueuedMessagesToRelay local peer is missing, not sending
09:33:23.78   Session::SendQueuedMessagesToRelay local peer is missing, not sending
09:33:23.80   Session::SendQueuedMessagesToRelay local peer is missing, not sending
09:33:23.82   Session::SendQueuedMessagesToRelay local peer is missing, not sending
09:33:23.85   Session::SendQueuedMessagesToRelay local peer is missing, not sending
09:33:23.87   Session::SendQueuedMessagesToRelay local peer is missing, not sending
09:33:23.89   Session::SendQueuedMessagesToRelay local peer is missing, not sending
09:33:23.91   Session::SendQueuedMessagesToRelay local peer is missing, not sending
09:33:23.93   Session::SendQueuedMessagesToRelay local peer is missing, not sending
09:33:23.95   Session::SendQueuedMessagesToRelay local peer is missing, not sending
09:33:23.98   Session::SendQueuedMessagesToRelay local peer is missing, not sending
09:33:24.00   Session::SendQueuedMessagesToRelay local peer is missing, not sending
09:33:24.02   Session::SendQueuedMessagesToRelay local peer is missing, not sending
09:33:24.04   Session::SendQueuedMessagesToRelay local peer is missing, not sending
09:33:24.06   Session::SendQueuedMessagesToRelay local peer is missing, not sending
09:33:24.09   Session::SendQueuedMessagesToRelay local peer is missing, not sending
09:33:24.11   Session::SendQueuedMessagesToRelay local peer is missing, not sending
09:33:24.13   Session::SendQueuedMessagesToRelay local peer is missing, not sending
09:33:24.15   Session::SendQueuedMessagesToRelay local peer is missing, not sending
09:33:24.17   Session::SendQueuedMessagesToRelay local peer is missing, not sending
09:33:24.20   Session::SendQueuedMessagesToRelay local peer is missing, not sending
09:33:24.22   Session::SendQueuedMessagesToRelay local peer is missing, not sending
09:33:24.24   Session::SendQueuedMessagesToRelay local peer is missing, not sending
09:33:24.26   Session::SendQueuedMessagesToRelay local peer is missing, not sending
09:33:24.28   Session::SendQueuedMessagesToRelay local peer is missing, not sending
09:33:24.31   Session::SendQueuedMessagesToRelay local peer is missing, not sending
09:33:24.33   Session::SendQueuedMessagesToRelay local peer is missing, not sending
09:33:24.35   Session::SendQueuedMessagesToRelay local peer is missing, not sending
09:33:24.37   Session::SendQueuedMessagesToRelay local peer is missing, not sending
09:33:24.39   Session::SendQueuedMessagesToRelay local peer is missing, not sending
09:33:24.42   Session::SendQueuedMessagesToRelay local peer is missing, not sending
09:33:24.44   Session::SendQueuedMessagesToRelay local peer is missing, not sending
09:33:24.46   Session::SendQueuedMessagesToRelay local peer is missing, not sending
09:33:24.48   Session::SendQueuedMessagesToRelay local peer is missing, not sending
09:33:24.50   Session::SendQueuedMessagesToRelay local peer is missing, not sending
09:33:24.53   Session::SendQueuedMessagesToRelay local peer is missing, not sending
09:33:24.55   Session::SendQueuedMessagesToRelay local peer is missing, not sending
09:33:24.57   Session::SendQueuedMessagesToRelay local peer is missing, not sending
09:33:24.59   Session::SendQueuedMessagesToRelay local peer is missing, not sending
09:33:24.61   Session::SendQueuedMessagesToRelay local peer is missing, not sending
09:33:24.64   Session::SendQueuedMessagesToRelay local peer is missing, not sending
09:33:24.66   Session::SendQueuedMessagesToRelay local peer is missing, not sending
09:33:24.68   Session::SendQueuedMessagesToRelay local peer is missing, not sending
09:33:24.70   Session::SendQueuedMessagesToRelay local peer is missing, not sending
09:33:24.72   Session::SendQueuedMessagesToRelay local peer is missing, not sending
09:33:24.75   Session::SendQueuedMessagesToRelay local peer is missing, not sending
09:33:24.77   Session::SendQueuedMessagesToRelay local peer is missing, not sending
09:33:24.79   Session::SendQueuedMessagesToRelay local peer is missing, not sending
09:33:24.81   Session::SendQueuedMessagesToRelay local peer is missing, not sending
09:33:24.83   Session::SendQueuedMessagesToRelay local peer is missing, not sending
09:33:24.86   Session::SendQueuedMessagesToRelay local peer is missing, not sending
09:33:24.88   Session::SendQueuedMessagesToRelay local peer is missing, not sending
09:33:24.90   Session::SendQueuedMessagesToRelay local peer is missing, not sending
09:33:24.92   Session::SendQueuedMessagesToRelay local peer is missing, not sending
09:33:24.94   Session::SendQueuedMessagesToRelay local peer is missing, not sending
09:33:24.97   Session::SendQueuedMessagesToRelay local peer is missing, not sending
09:33:24.99   Session::SendQueuedMessagesToRelay local peer is missing, not sending
09:33:25.01   Session::SendQueuedMessagesToRelay local peer is missing, not sending
09:33:25.03   Session::SendQueuedMessagesToRelay local peer is missing, not sending
09:33:25.05   Session::SendQueuedMessagesToRelay local peer is missing, not sending
09:33:25.08   Session::SendQueuedMessagesToRelay local peer is missing, not sending
09:33:25.10   Session::SendQueuedMessagesToRelay local peer is missing, not sending
09:33:25.12   Session::SendQueuedMessagesToRelay local peer is missing, not sending
09:33:25.14   Session::SendQueuedMessagesToRelay local peer is missing, not sending
09:33:25.16   Session::SendQueuedMessagesToRelay local peer is missing, not sending
09:33:25.19   Session::SendQueuedMessagesToRelay local peer is missing, not sending
09:33:25.21   Session::SendQueuedMessagesToRelay local peer is missing, not sending
09:33:25.23   Session::SendQueuedMessagesToRelay local peer is missing, not sending
09:33:25.25   Session::SendQueuedMessagesToRelay local peer is missing, not sending
09:33:25.27   Session::SendQueuedMessagesToRelay local peer is missing, not sending
09:33:25.30   Session::SendQueuedMessagesToRelay local peer is missing, not sending
09:33:25.32   Session::SendQueuedMessagesToRelay local peer is missing, not sending
09:33:25.34   Session::SendQueuedMessagesToRelay local peer is missing, not sending
09:33:25.36   Session::SendQueuedMessagesToRelay local peer is missing, not sending
09:33:25.38   Session::SendQueuedMessagesToRelay local peer is missing, not sending
09:33:25.41   Session::SendQueuedMessagesToRelay local peer is missing, not sending
09:33:25.43   Session::SendQueuedMessagesToRelay local peer is missing, not sending
09:33:25.45   Session::SendQueuedMessagesToRelay local peer is missing, not sending
09:33:25.47   Session::SendQueuedMessagesToRelay local peer is missing, not sending
09:33:25.49   Session::SendQueuedMessagesToRelay local peer is missing, not sending
09:33:25.52   Session::SendQueuedMessagesToRelay local peer is missing, not sending
09:33:25.54   Session::SendQueuedMessagesToRelay local peer is missing, not sending
09:33:25.56   Session::SendQueuedMessagesToRelay local peer is missing, not sending
09:33:25.58   Session::SendQueuedMessagesToRelay local peer is missing, not sending
09:33:25.60   Session::SendQueuedMessagesToRelay local peer is missing, not sending
09:33:25.62   Session::SendQueuedMessagesToRelay local peer is missing, not sending
09:33:25.65   Session::SendQueuedMessagesToRelay local peer is missing, not sending
09:33:25.67   Session::SendQueuedMessagesToRelay local peer is missing, not sending
09:33:25.69   Session::SendQueuedMessagesToRelay local peer is missing, not sending
09:33:25.71   Session::SendQueuedMessagesToRelay local peer is missing, not sending
09:33:25.73   Session::SendQueuedMessagesToRelay local peer is missing, not sending
09:33:25.75   Session::SendQueuedMessagesToRelay local peer is missing, not sending
09:33:25.78   Session::SendQueuedMessagesToRelay local peer is missing, not sending
09:33:25.80   Session::SendQueuedMessagesToRelay local peer is missing, not sending
09:33:25.82   Session::SendQueuedMessagesToRelay local peer is missing, not sending
09:33:25.84   Session::SendQueuedMessagesToRelay local peer is missing, not sending
09:33:25.86   Session::SendQueuedMessagesToRelay local peer is missing, not sending
09:33:25.89   Session::SendQueuedMessagesToRelay local peer is missing, not sending
09:33:25.91   Session::SendQueuedMessagesToRelay local peer is missing, not sending
09:33:25.93   Session::SendQueuedMessagesToRelay local peer is missing, not sending
09:33:25.95   Session::SendQueuedMessagesToRelay local peer is missing, not sending
09:33:25.97   Session::SendQueuedMessagesToRelay local peer is missing, not sending
09:33:26.00   Session::SendQueuedMessagesToRelay local peer is missing, not sending
09:33:26.02   Session::SendQueuedMessagesToRelay local peer is missing, not sending
09:33:26.04   Session::SendQueuedMessagesToRelay local peer is missing, not sending
09:33:26.06   Session::SendQueuedMessagesToRelay local peer is missing, not sending
09:33:26.08   Session::SendQueuedMessagesToRelay local peer is missing, not sending
09:33:26.11   Session::SendQueuedMessagesToRelay local peer is missing, not sending
09:33:26.13   Session::SendQueuedMessagesToRelay local peer is missing, not sending
09:33:26.15   Session::SendQueuedMessagesToRelay local peer is missing, not sending
09:33:26.17   Session::SendQueuedMessagesToRelay local peer is missing, not sending
09:33:26.19   Session::SendQueuedMessagesToRelay local peer is missing, not sending
09:33:26.22   Session::SendQueuedMessagesToRelay local peer is missing, not sending
09:33:26.24   Session::SendQueuedMessagesToRelay local peer is missing, not sending
09:33:26.26   Session::SendQueuedMessagesToRelay local peer is missing, not sending
09:33:26.28   Session::SendQueuedMessagesToRelay local peer is missing, not sending
09:33:26.30   Session::SendQueuedMessagesToRelay local peer is missing, not sending
09:33:26.33   Session::SendQueuedMessagesToRelay local peer is missing, not sending
09:33:26.35   Session::SendQueuedMessagesToRelay local peer is missing, not sending
09:33:26.37   Session::SendQueuedMessagesToRelay local peer is missing, not sending
09:33:26.39   Session::SendQueuedMessagesToRelay local peer is missing, not sending
09:33:26.41   Session::SendQueuedMessagesToRelay local peer is missing, not sending
09:33:26.44   Session::SendQueuedMessagesToRelay local peer is missing, not sending
09:33:26.46   Session::SendQueuedMessagesToRelay local peer is missing, not sending
09:33:26.48   Session::SendQueuedMessagesToRelay local peer is missing, not sending
09:33:26.50   Session::SendQueuedMessagesToRelay local peer is missing, not sending
09:33:26.52   Session::SendQueuedMessagesToRelay local peer is missing, not sending
09:33:26.55   Session::SendQueuedMessagesToRelay local peer is missing, not sending
09:33:26.57   Session::SendQueuedMessagesToRelay local peer is missing, not sending
09:33:26.59   Session::SendQueuedMessagesToRelay local peer is missing, not sending
09:33:26.61   Session::SendQueuedMessagesToRelay local peer is missing, not sending
09:33:26.63   Session::SendQueuedMessagesToRelay local peer is missing, not sending
09:33:26.66   Session::SendQueuedMessagesToRelay local peer is missing, not sending
09:33:26.68   Session::SendQueuedMessagesToRelay local peer is missing, not sending
09:33:26.70   Session::SendQueuedMessagesToRelay local peer is missing, not sending
09:33:26.72   Session::SendQueuedMessagesToRelay local peer is missing, not sending
09:33:26.74   Session::SendQueuedMessagesToRelay local peer is missing, not sending
09:33:26.77   Session::SendQueuedMessagesToRelay local peer is missing, not sending
09:33:26.79   Session::SendQueuedMessagesToRelay local peer is missing, not sending
09:33:26.81   Session::SendQueuedMessagesToRelay local peer is missing, not sending
09:33:26.83   Session::SendQueuedMessagesToRelay local peer is missing, not sending
09:33:26.85   Session::SendQueuedMessagesToRelay local peer is missing, not sending
09:33:26.88   Session::SendQueuedMessagesToRelay local peer is missing, not sending
09:33:26.90   Session::SendQueuedMessagesToRelay local peer is missing, not sending
09:33:26.92   Session::SendQueuedMessagesToRelay local peer is missing, not sending
09:33:26.94   Session::SendQueuedMessagesToRelay local peer is missing, not sending
09:33:26.96   Session::SendQueuedMessagesToRelay local peer is missing, not sending
09:33:26.98   Session::SendQueuedMessagesToRelay local peer is missing, not sending
09:33:27.01   Session::SendQueuedMessagesToRelay local peer is missing, not sending
09:33:27.03   Session::SendQueuedMessagesToRelay local peer is missing, not sending
09:33:27.05   Session::SendQueuedMessagesToRelay local peer is missing, not sending
09:33:27.07   Session::SendQueuedMessagesToRelay local peer is missing, not sending
09:33:27.09   Session::SendQueuedMessagesToRelay local peer is missing, not sending
09:33:27.12   Session::SendQueuedMessagesToRelay local peer is missing, not sending
09:33:27.14   Session::SendQueuedMessagesToRelay local peer is missing, not sending
09:33:27.16   Session::SendQueuedMessagesToRelay local peer is missing, not sending
09:33:27.18   Session::SendQueuedMessagesToRelay local peer is missing, not sending
09:33:27.20   Session::SendQueuedMessagesToRelay local peer is missing, not sending
09:33:27.23   Session::SendQueuedMessagesToRelay local peer is missing, not sending
09:33:27.25   Session::SendQueuedMessagesToRelay local peer is missing, not sending
09:33:27.27   Session::SendQueuedMessagesToRelay local peer is missing, not sending
09:33:27.29   Session::SendQueuedMessagesToRelay local peer is missing, not sending
09:33:27.31   Session::SendQueuedMessagesToRelay local peer is missing, not sending
09:33:27.33   Session::SendQueuedMessagesToRelay local peer is missing, not sending
09:33:27.36   Session::SendQueuedMessagesToRelay local peer is missing, not sending
09:33:27.38   Session::SendQueuedMessagesToRelay local peer is missing, not sending
09:33:27.40   Session::SendQueuedMessagesToRelay local peer is missing, not sending
09:33:27.42   Session::SendQueuedMessagesToRelay local peer is missing, not sending
09:33:27.44   Session::SendQueuedMessagesToRelay local peer is missing, not sending
09:33:27.47   Session::SendQueuedMessagesToRelay local peer is missing, not sending
09:33:27.49   Session::SendQueuedMessagesToRelay local peer is missing, not sending
09:33:27.51   Session::SendQueuedMessagesToRelay local peer is missing, not sending
09:33:27.53   Session::SendQueuedMessagesToRelay local peer is missing, not sending
09:33:27.55   Session::SendQueuedMessagesToRelay local peer is missing, not sending
09:33:27.58   Session::SendQueuedMessagesToRelay local peer is missing, not sending
09:33:27.60   Session::SendQueuedMessagesToRelay local peer is missing, not sending
09:33:27.62   Session::SendQueuedMessagesToRelay local peer is missing, not sending
09:33:27.64   Session::SendQueuedMessagesToRelay local peer is missing, not sending
09:33:27.66   Session::SendQueuedMessagesToRelay local peer is missing, not sending
09:33:27.69   Session::SendQueuedMessagesToRelay local peer is missing, not sending
09:33:27.71   Session::SendQueuedMessagesToRelay local peer is missing, not sending
09:33:27.73   Session::SendQueuedMessagesToRelay local peer is missing, not sending
09:33:27.75   Session::SendQueuedMessagesToRelay local peer is missing, not sending
09:33:27.77   Session::SendQueuedMessagesToRelay local peer is missing, not sending
09:33:27.80   Session::SendQueuedMessagesToRelay local peer is missing, not sending
09:33:27.82   Session::SendQueuedMessagesToRelay local peer is missing, not sending
09:33:27.84   Session::SendQueuedMessagesToRelay local peer is missing, not sending
09:33:27.86   Session::SendQueuedMessagesToRelay local peer is missing, not sending
09:33:27.88   Session::SendQueuedMessagesToRelay local peer is missing, not sending
09:33:27.90   Session::SendQueuedMessagesToRelay local peer is missing, not sending
09:33:27.93   Session::SendQueuedMessagesToRelay local peer is missing, not sending
09:33:27.95   Session::SendQueuedMessagesToRelay local peer is missing, not sending
09:33:27.97   Session::SendQueuedMessagesToRelay local peer is missing, not sending
09:33:27.99   Session::SendQueuedMessagesToRelay local peer is missing, not sending
09:33:28.01   Session::SendQueuedMessagesToRelay local peer is missing, not sending
09:33:28.04   Session::SendQueuedMessagesToRelay local peer is missing, not sending
09:33:28.06   Session::SendQueuedMessagesToRelay local peer is missing, not sending
09:33:28.08   Session::SendQueuedMessagesToRelay local peer is missing, not sending
09:33:28.10   Session::SendQueuedMessagesToRelay local peer is missing, not sending
09:33:28.12   Session::SendQueuedMessagesToRelay local peer is missing, not sending
09:33:28.15   Session::SendQueuedMessagesToRelay local peer is missing, not sending
09:33:28.17   Session::SendQueuedMessagesToRelay local peer is missing, not sending
09:33:28.19   Session::SendQueuedMessagesToRelay local peer is missing, not sending
09:33:28.21   Session::SendQueuedMessagesToRelay local peer is missing, not sending
09:33:28.23   Session::SendQueuedMessagesToRelay local peer is missing, not sending
09:33:28.25   Session::SendQueuedMessagesToRelay local peer is missing, not sending
09:33:28.27   NetworkManager::DispatchEvents() - Warning - Time between calls was 5299 ms
09:33:28.27   Session::GetState - info, session [237028896]'s state changed to [1:STATE_DISCONNECTED].
09:33:28.27   PeerRemoveAll - flushing local session peer data
09:33:28.27   Session::Reset with reason WorldwidePartyService::PeerRemoveAll
09:33:28.27   LeaveSessionInternal - no action taken, needLeave=0, service=0
09:33:28.27   Destroyed Matchinfo
09:33:28.27   DBG - _SockFree: socket 1/2032 sending graceful shutdown request. reason: SockCollection::DisconnectAll forceFree
09:33:28.27   DBG - _SockClose: socket 1/2032 initiating close
09:33:28.27   DBG - _SockClose: socket 1/2032 close complete. debugReason SockCollection::DisconnectAll forceFree
09:33:28.27   DBG - _SockFree: socket 1/2032 _SockFree complete
09:33:28.37   BT! - SockUnInit - sending shutdown notification & close with linger for all 0 active sockets
09:33:28.37   SessionManager::UnregisterSession - Unregistering session 47dd93c0
09:33:28.37   OnDestroyPartyNotification - partyID = [00000000:0e20c620], prevID = [ffffffff:ffffffff]
09:33:28.37   OnDestroyPartyNotification - partyID = 237028896, prevID = -1
09:33:28.89   GameObj::StartGameObj - info, network session GUID set to [701310670].
09:33:29.06   OBJECTSCAR -- Initialization failed - could not load scar type BP list.
09:33:30.70   GameObjLoader - upgrading load_count from 0 to 2492
09:33:39.00   GameObjLoader 1354ca30 - resetting counters
09:33:39.00   GameObjLoader 1354ca30 - LOAD_DONE
09:33:44.03   GAME - SessionSetup
09:33:44.03   MUTING SOUNDS
09:33:44.11   TChunkManagerIO::Load version 2001l
09:33:44.12   TERRAINTEXTURE -- compositor added RenderTarget of size 3360 x 1890
09:33:44.80   Warning: RenderCompositeStrips AddStripSegment : time == FLT_MAX
09:33:44.80   Warning: RenderCompositeStrips AddStripSegment : time == FLT_MAX
09:33:44.80   Warning: RenderCompositeStrips AddStripSegment : time == FLT_MAX
09:33:44.80   Warning: RenderCompositeStrips AddStripSegment : time == FLT_MAX
09:33:44.81   Warning: RenderCompositeStrips AddStripSegment : time == FLT_MAX
09:33:45.51   GAME - CreateGEWorld in 1481 ms
09:33:45.52   GAME - SessionSetup finished in 1491 ms
09:33:45.56   GAME - WaterReflectionManagerSetup
09:33:45.56   GAME - WaterReflectionManagerSetup finished in 0 ms
09:33:45.70   SimWorld::LoadWinCondition: - [DATA:Scar/WinConditions/VictoryPointPlusAnnihilate.scar] succeeded.
09:33:45.92   MOD -- Player  (unused player) (frame 0) (KillPlayer)
09:33:45.92   MOD -- Player  (unused player) (frame 0) (KillPlayer)
09:33:45.92   MOD -- Player  (unused player) (frame 0) (KillPlayer)
09:33:45.92   MOD -- Player  (unused player) (frame 0) (KillPlayer)
09:33:45.92   MOD -- Player  (unused player) (frame 0) (KillPlayer)
09:33:45.92   MOD -- Player  (unused player) (frame 0) (KillPlayer)
09:33:46.10   SPEECHMANAGER -- Loaded in 0.030092 seconds
09:33:46.16   TwoPop sound file 'dev/440hz' not loaded
09:33:46.45   GameObjLoader - upgrading load_count from 0 to 1561
09:33:46.95   GameObjLoader 1354cc90 - resetting counters
09:33:46.95   GameObjLoader 1354cc90 - LOAD_DONE
09:33:47.07   Releasing [57]MB of Staging texture data
09:33:47.07   PreloadResources took 0ms.
09:33:47.15   SIM -- Setting SyncErrorChecking level to None
09:33:47.25   DeferredView - Start creating view [ WaterView ] textures
09:33:47.25   SPDx11 -- 2988MB dedicated video memory, 0MB dedicated system memory and 1107MB shared system memory available.
09:33:47.25   SPDx11 -- 2988MB dedicated video memory, 0MB dedicated system memory and 1107MB shared system memory available.
09:33:47.25   DeferredView - Finished creating view [ WaterView ] textures
09:33:47.25   DeferredView - Start creating view [ WorldView ] textures
09:33:47.25   SPDx11 -- 2988MB dedicated video memory, 0MB dedicated system memory and 1107MB shared system memory available.
09:33:47.25   SPDx11 -- 2988MB dedicated video memory, 0MB dedicated system memory and 1107MB shared system memory available.
09:33:47.25   DeferredView - Finished creating view [ WorldView ] textures
09:33:47.25   UN MUTING SOUNDS
09:33:47.25   PerformanceRecorder::StartRecording for game size 2
09:33:47.25   GAME -- Starting mission: DATA:scenarios\mp\hamlet\hamlet
09:33:47.53   MEM -- heap use 1699 mb, heap uncommitted 28 mb, heap total 1727 mb, available virtual 1592 mb, total virtual 4095 mb
09:33:47.55   PlaybackSynchronization::GetSyncCommand - info, recorded game finished.
09:33:47.64   MOD -- Player CPU - Standard set to AI Type: AI Player (frame 1) (CmdAI)
09:33:50.33   NetworkManager::DispatchEvents() - Warning - Time between calls was 2640 ms
09:33:52.72   GAME -- SimulationController::Pause 0
09:33:52.72   MUTING SOUNDS
09:34:03.01   Transport - median kBPS [hi/cur] sent = 0.0/0.0, recvd = 0.0/0.0, #p/sec[s/r] = 0.0/0.0, max unsent 0, version err 0, merge 0
09:34:23.00   local host PeerID 1 CONN ack=  0 (  0ms~0) unack=  0, retry=  0, highwaterOOS=0 @WINaddr:172.24.160.1:6112; (ping=0ms) 100.00%, pending=0, dead=0, RS#=0/0
09:34:23.00   MessageCounts: inval=0/0, seek=0/0, join=0/0, ichk=0/0, sk_r=0/0, deny=0/0, Padd=0/0, Pdel=0/0, drop=0/0, data=0/0, mdat=0/0, voip=0/0, rchk=0/0, nudg=0/0, Thdr=0/0, Peer=0/0, PPrx=0/0, ping=0/0, Pfrg=0/0, rely=0/0, lb_p=0/0, lb_c=0/0, cast=0/0, cdat=0/0, sorq1=0/0, sorp=0/0, acto=0/0, spob=0/0, sorq2=0/0, setp=0/0, actr=0/0, lsim=0/0
