RELICCOH2 started at 2020-11-02 07:19
OS Win 10.0 (sp0.0) x64, 16316MB Physical Memory, 10503 Physical Available, 4095 Virtual Total, 3913 Virtual Available, 2432 Page file.
RUN-OPTIONS [-nomovies -window -forceactive -lockMouse]
WORKING-DIR [C:\Program Files (x86)\Steam\steamapps\common\Company of Heroes 2]
USER [Sergei]
LOCALE [FIN]

07:19:15.96   GAME -- Current Steam name is [sepi]
07:19:15.96   GAME -- steam returned language 'english'
07:19:15.96   Primary CPU is a 3200MHz [AMD Ryzen 5 1600 Six-Core Processor            ]
07:19:15.96   Architecture [0], Level [23], Revision [257].
07:19:15.96   12 logical processor(s) detected.
07:19:15.96   6 physical processor(s) detected.
07:19:15.96   1 processor(s) nodes detected.
07:19:15.96   MATHBOX -- Version=6, Mode=SSE
07:19:15.96   Using [C:\Users\Sergei\Documents\My Games\Company of Heroes 2\] as base writable folder
07:19:15.96   Game -- System temp path is [C:\Temp\]
07:19:15.96   MOD -- Initializing mod 'RelicCoH2'.
07:19:16.00   ARC -- CoH2\Archives\Data.sga 934868737 B [ID:3f9691c3371ee5335e5869d3a0d93406] [Ver:9304c8dbf1724fdbb9b880043a5872ea] [Sig:1138031775656209991]
07:19:16.03   ARC -- CoH2\Archives\Sound.sga 228830651 B [ID:9246d5cc8bf2de31ead8251719e1e576] [Ver:5d538532f09a12ba850fc138604d90f6] [Sig:8524121488149815030]
07:19:16.04   ARC -- CoH2\Archives\SoundXP1.sga 21693342 B [ID:9246d5cc8bf2de31ead8251719e1e576] [Ver:9d448119eea20f8d46d7ca91ec744b64] [Sig:11623608031005062619]
07:19:16.04   ARC -- CoH2\Archives\ArtArmies.sga 57561496 B [ID:d4ab83d0ba0afd4850bbc4c68b0de2be] [Ver:4d35d45e0ca25883ffd101f6e7756a75] [Sig:15971162909323790790]
07:19:16.05   ARC -- CoH2\Archives\ArtEnvironment.sga 1261847418 B [ID:4f6a38d9c40d3e11956b769b00d6e689] [Ver:1e466317017b89b3b6abc1e660158aca] [Sig:2987429791343530539]
07:19:16.06   ARC -- CoH2\Archives\ArtGermanEF.sga 2933248568 B [ID:fb66b7917c474a33e86456a40dbf2c3a] [Ver:1ce5e722b2b1083d1fda20d6d27d8138] [Sig:17163876218381474211]
07:19:16.06   ARC -- CoH2\Archives\ArtSovietEF.sga 3874094760 B [ID:b0e52e8ac61727b4a5101571c7e7110f] [Ver:b900563d3d67bc75519fe3f06ae97c87] [Sig:8123542430233781353]
07:19:16.07   ARC -- CoH2\Archives\ArtAEF.sga 1140832185 B [ID:fd7aa5f8e53fa6a558246d44bedd4cfe] [Ver:dae4ef071b679ada5ef7da57f1650576] [Sig:6869274613505808193]
07:19:16.07   ARC -- CoH2\Archives\ArtAEFSkins.sga 4286146719 B [ID:ab441482fcc7ddcd25e040085b81d68f] [Ver:a97f86ebe2bfa48123a111b0684b6190] [Sig:10657079685989519814]
07:19:16.08   ARC -- CoH2\Archives\ArtWestGerman.sga 3677233788 B [ID:9ff4d0503a24bdca4dbe1104f7ff37f2] [Ver:5184b7dedf3b1306a11fdd7c4eddaecf] [Sig:11965138268928265446]
07:19:16.08   ARC -- CoH2\Archives\SoundXP2.sga 199001 B [ID:9246d5cc8bf2de31ead8251719e1e576] [Ver:f366468fa94af97a5c1162b6e2d15048] [Sig:10774136334522067768]
07:19:16.08   ARC -- CoH2\Archives\ArtBritish.sga 1881461665 B [ID:391ad53485bf023c2e0f5d508470e0ef] [Ver:fe39aed086974b887b0226f3a27b02ff] [Sig:9116098201042581152]
07:19:16.08   Archive 'CoH2\Archives\Autotest' is missing! Skipping.
07:19:16.09   ARC -- CoH2\Archives\MPScenarios.sga 1759948512 B [ID:f361bb544d19f9ad0702abba3ec58d36] [Ver:3a1c9ad50a7856504ce0edd99239b64c] [Sig:6775182361582889461]
07:19:16.09   ARC -- CoH2\Archives\MPXP1Scenarios.sga 269790819 B [ID:8a2c949c3e230925cf294a12321e9211] [Ver:5ac22a7e5353206a3a22a1dc55c2b390] [Sig:17297509811321721924]
07:19:16.10   ARC -- CoH2\Archives\SPScenariosEF.sga 340823058 B [ID:4a2cbc10218aac5e8be4aa494ef1f3ca] [Ver:8d5319d7d263dc71b339d0e9eb0749e6] [Sig:2663722838476071541]
07:19:16.11   ARC -- CoH2\Archives\TOWScenarios.sga 202972788 B [ID:035c09486ef2563f69e781962b46c2e4] [Ver:4af5f9991f7439515903c4e823eb6d5b] [Sig:15664664613644561291]
07:19:16.11   ARC -- CoH2\Archives\DLC1Scenarios.sga 57382901 B [ID:afbdc084e5c98c193cae218ca8e468c8] [Ver:835075f6a5f1e80e222870afaa2dba63] [Sig:2003273899295354318]
07:19:16.12   ARC -- CoH2\Archives\DLC2Scenarios.sga 77535344 B [ID:61eefbc53442d10441d77bbd23b1bc36] [Ver:2a89f0387fad0a4511b4cff6e31dad70] [Sig:7602096073382315002]
07:19:16.13   ARC -- CoH2\Archives\DLC3Scenarios.sga 47253904 B [ID:48c74893c09599be2d61b911563bcab9] [Ver:0d32db24ed4fe982dd70a7b408127123] [Sig:14104588085748238941]
07:19:16.13   Archive 'CoH2\Archives\SPScenariosAA' is missing! Skipping.
07:19:16.13   ARC -- CoH2\Archives\UIHigh.sga 70319893 B [ID:097c8294ec5ed0723b16d8e06f606718] [Ver:638410e4c3c38b38b923ebfbf5d53ea5] [Sig:12202169395001433784]
07:19:16.15   ARC -- CoH2\Archives\ArtHigh.sga 315847340 B [ID:d3bf60728712cf58911b326bde74de8f] [Ver:847622c90833749464691f53f5551808] [Sig:5409437059135526689]
07:19:16.15   ARC -- CoH2\Archives\ArtHighXP1.sga 38526653 B [ID:d3bf60728712cf58911b326bde74de8f] [Ver:492a236c5c9b8d70491763cec03b4772] [Sig:3557666920090964639]
07:19:16.15   ARC -- CoH2\Archives\ArtHighXP2.sga 19687049 B [ID:d3bf60728712cf58911b326bde74de8f] [Ver:06478f3805ceebd8fb602339a6ba9c37] [Sig:15122607373192102247]
07:19:16.16   ARC -- CoH2\Archives\SoundHigh.sga 1031467146 B [ID:3730f31a8f731e6cbc26a00244f571cc] [Ver:a12e581cdaa369cbc269c9ecce6390f7] [Sig:18214921420031089867]
07:19:16.17   ARC -- CoH2\Archives\SoundHighXP1.sga 89990965 B [ID:3730f31a8f731e6cbc26a00244f571cc] [Ver:1cc1bf361529d9db2191610baac4fa3e] [Sig:5801087545420265863]
07:19:16.17   ARC -- CoH2\Archives\SoundHighXP2.sga 37088744 B [ID:3730f31a8f731e6cbc26a00244f571cc] [Ver:4cfa3cc7075c50a459ea894027042002] [Sig:10443542780852497330]
07:19:16.19   ARC -- CoH2\Archives\SoundSpeechEnglish.sga 560293192 B [ID:527dd6c09d9403281e2886d358abf509] [Ver:9a7462132b8b852d1d72cb0b257d179c] [Sig:1825285703711461]
07:19:16.20   ARC -- CoH2\Archives\SoundSPSpeechEFEnglish.sga 156636969 B [ID:9347118f8eb48257082ac67d7e00c15b] [Ver:54dde0af87a44506b2be5ba79188c95a] [Sig:1272187853708733765]
07:19:16.21   ARC -- CoH2\Archives\SoundSpeechDLCEnglish.sga 32966778 B [ID:d37d3bfe48368bcdb2c411ff42ef8710] [Ver:b433112008e82a573ba71d453775932d] [Sig:334711823410206087]
07:19:16.23   ARC -- CoH2\Archives\SoundSpeechXP1English.sga 707027968 B [ID:a1f1b169de1b782d9d5b7311ab866728] [Ver:1b2ae23d21ac080b04a8e4d3583b3243] [Sig:850014712724766770]
07:19:16.23   Archive 'CoH2\Archives\SoundSpeechAAEnglish' is missing! Skipping.
07:19:16.24   ARC -- CoH2\Archives\SoundSpeechXP2English.sga 153241711 B [ID:8bb786e9b6bc36e64e1a83cb83e26f4a] [Ver:3e936bc4ca5d3d43ac80ba8a1b0a5d80] [Sig:2614238819969098953]
07:19:16.26   ARC -- CoH2\Archives\AttribArchive.sga 28511327 B [ID:abe931d3adfbab4e871d2dacd29916d3] [Ver:3cfd986f20fa84263831bf1bf89fd62e] [Sig:17172531547763164683]
07:19:16.29   GAME -- Resetting fp control word.
07:19:18.31   WW2Mod -- PropertyBagManager Loaded in 2.020000s
07:19:18.32   ARC -- C:\Users\Sergei\Documents\My Games\Company of Heroes 2\mods\scenarios\subscriptions\205676637.sga 5347930 B [ID:4efb99ce08b791f380f0954ad428d309] [Ver:cf6378a6d5bf272758071a90b4b28a62] [Sig:0]
07:19:18.32   ARC -- C:\Users\Sergei\Documents\My Games\Company of Heroes 2\mods\scenarios\subscriptions\274345728.sga 20144410 B [ID:9ca44e4db6f8a4156f7c13e553653b21] [Ver:1e5fb6e262beccb8a026919f148498b4] [Sig:0]
07:19:18.32   ARC -- C:\Users\Sergei\Documents\My Games\Company of Heroes 2\mods\scenarios\subscriptions\379622197.sga 16593772 B [ID:4b46f16b864057e76f80b1351527eddf] [Ver:33e9a118544f4e0934c8b6e5e3e6cd1c] [Sig:0]
07:19:18.32   ARC -- C:\Users\Sergei\Documents\My Games\Company of Heroes 2\mods\scenarios\subscriptions\551682347.sga 15762009 B [ID:83def636bd8dea6c6492cca0d510ef59] [Ver:98798226d99ec6060a1a51b8828f5479] [Sig:0]
07:19:18.32   ARC -- C:\Users\Sergei\Documents\My Games\Company of Heroes 2\mods\tuning\subscriptions\1188134341.sga 12460636 B [ID:32d542de1479464f922dff46e65be6e2] [Ver:136a9a042060cfa435783426e808a8a0] [Sig:0]
07:19:18.64   ARC -- C:\Users\Sergei\Documents\My Games\Company of Heroes 2\mods\gamemode\subscriptions\333763272.sga 1255795 B [ID:77d2aff43aa04b05857ed9e310a0c1e0] [Ver:8d4dc2298f9487cf2f88ad3a577386d4] [Sig:0]
07:19:18.66   ARC -- C:\Users\Sergei\Documents\My Games\Company of Heroes 2\mods\gamemode\subscriptions\340863372.sga 1031659 B [ID:9f17d0228db14a9b8bf62d96a29116ef] [Ver:121417a399c531e015fc7df455709be6] [Sig:0]
07:19:18.66   ARC -- C:\Users\Sergei\Documents\My Games\Company of Heroes 2\mods\gamemode\subscriptions\394197460.sga 637320 B [ID:1045455c41364bb286b5accc00b07504] [Ver:bf5a22a147f0cc421ebeb44dd77e3389] [Sig:0]
07:19:18.66   ARC -- C:\Users\Sergei\Documents\My Games\Company of Heroes 2\mods\gamemode\subscriptions\692412438.sga 3351007 B [ID:5ed2ead7bbf94c01833685dfa1f23ac1] [Ver:60ff095ec12e8b8dfa71a870acc1238d] [Sig:0]
07:19:18.67   ARC -- C:\Users\Sergei\Documents\My Games\Company of Heroes 2\mods\skins\subscriptions\480561877.sga 102381303 B [ID:7657c36032eb4e4fbb4c92578d6efce1] [Ver:4f0d5de481fb9b56095f6b9b26a2b675] [Sig:0]
07:19:18.67   ARC -- C:\Users\Sergei\Documents\My Games\Company of Heroes 2\mods\skins\subscriptions\482561139.sga 54140431 B [ID:152282cabf6946828716c6c2b52dc7d4] [Ver:934cd437642717266817f35f2550ba6f] [Sig:0]
07:19:18.67   ARC -- C:\Users\Sergei\Documents\My Games\Company of Heroes 2\mods\skins\subscriptions\491532663.sga 49195745 B [ID:aae494d0ef4746549ecd36b8be4ae86e] [Ver:e4b58c31879fb57676cdf07e87f203fb] [Sig:0]
07:19:18.67   ARC -- C:\Users\Sergei\Documents\My Games\Company of Heroes 2\mods\skins\subscriptions\493340820.sga 22362429 B [ID:606ec6d745d84f7da2bf299b6277f5be] [Ver:6bd222b87d0208887d5f195b7a3b0669] [Sig:0]
07:19:18.67   ARC -- C:\Users\Sergei\Documents\My Games\Company of Heroes 2\mods\skins\subscriptions\494028110.sga 45773825 B [ID:60217b0e7d554ef49ecdb89f45f5d793] [Ver:5843087a13d043a1cf22d3155a77d78b] [Sig:0]
07:19:18.67   ARC -- C:\Users\Sergei\Documents\My Games\Company of Heroes 2\mods\skins\subscriptions\525871988.sga 65357224 B [ID:6e9686bcda67440ab494fc73693a3910] [Ver:d3a181aede035678b53036ab82ff4be1] [Sig:0]
07:19:18.67   ARC -- C:\Users\Sergei\Documents\My Games\Company of Heroes 2\mods\skins\subscriptions\533181507.sga 62716414 B [ID:195b763a225048eda72ac85eab111201] [Ver:b76bb78de99781b4d7c2f140950f7f1c] [Sig:0]
07:19:18.67   ARC -- C:\Users\Sergei\Documents\My Games\Company of Heroes 2\mods\skins\subscriptions\547696960.sga 56336358 B [ID:77b7b31488ba4f72bca553b4a60c5cb6] [Ver:8b44835262e7d0eff7be4bcabd323faa] [Sig:0]
07:19:18.67   ARC -- C:\Users\Sergei\Documents\My Games\Company of Heroes 2\mods\skins\subscriptions\550217153.sga 57454560 B [ID:dbe94fa2241345d7be672096f9ce433b] [Ver:8adb4582a01678f47cf62b580d69a194] [Sig:0]
07:19:18.67   ARC -- C:\Users\Sergei\Documents\My Games\Company of Heroes 2\mods\skins\subscriptions\611481052.sga 23746600 B [ID:d8183fb4885a473bbc10b9409f254164] [Ver:bb8522dac6a032b2eb663e5d663388d8] [Sig:0]
07:19:18.67   ARC -- C:\Users\Sergei\Documents\My Games\Company of Heroes 2\mods\skins\subscriptions\731960136.sga 72176254 B [ID:63ae594215e3493dbe7f4928a9a33690] [Ver:93fac6742e1a1464038392f2f7556f7c] [Sig:0]
07:19:18.67   ARC -- C:\Users\Sergei\Documents\My Games\Company of Heroes 2\mods\decals\subscriptions\464056305.sga 174486 B [ID:892006aaef4645f0af4e83024c18367a] [Ver:d95c7d7e1f4391e884c2d6e96041ec73] [Sig:0]
07:19:18.67   ARC -- C:\Users\Sergei\Documents\My Games\Company of Heroes 2\mods\decals\subscriptions\467913090.sga 2064606 B [ID:7b6666c094464d38a8d11f71c305fb1a] [Ver:94f9b61c4aef8c8693778b16a9f97ffe] [Sig:0]
07:19:18.67   ARC -- C:\Users\Sergei\Documents\My Games\Company of Heroes 2\mods\decals\subscriptions\467917878.sga 1164069 B [ID:d7a4ccb12c1d47f18b0aa95c1e1aafc2] [Ver:d8c509c5186c04b9346bff64ffa1bc2d] [Sig:0]
07:19:18.67   ARC -- C:\Users\Sergei\Documents\My Games\Company of Heroes 2\mods\decals\subscriptions\467951411.sga 1384753 B [ID:377c96ffe8484d1980d7781ea5e1ae60] [Ver:c63f5c704539fc30d9a606017cf2e31e] [Sig:0]
07:19:18.67   ARC -- C:\Users\Sergei\Documents\My Games\Company of Heroes 2\mods\decals\subscriptions\468071873.sga 1005717 B [ID:cc55389ea2704661ae0e6bc121ce3bc3] [Ver:b39702bccc8e14aa9c49d526da630fcc] [Sig:0]
07:19:18.67   ARC -- C:\Users\Sergei\Documents\My Games\Company of Heroes 2\mods\decals\subscriptions\468439899.sga 162810 B [ID:0b194c262900407db742f19658f56f9a] [Ver:8ecd1a7a247662e059412150ec7ec305] [Sig:0]
07:19:18.68   ARC -- C:\Users\Sergei\Documents\My Games\Company of Heroes 2\mods\decals\subscriptions\470379141.sga 1505207 B [ID:38eba702bb8c4e0d93b31cb9547eba38] [Ver:450245451b7f958645094a3dcdf95253] [Sig:0]
07:19:18.68   ARC -- C:\Users\Sergei\Documents\My Games\Company of Heroes 2\mods\decals\subscriptions\470894049.sga 2559977 B [ID:db6ec4ab20f04ac9bf84c55ee9e77af7] [Ver:3bc658a7f8a6d12ee98adcee22c24933] [Sig:0]
07:19:18.68   ARC -- C:\Users\Sergei\Documents\My Games\Company of Heroes 2\mods\decals\subscriptions\470936393.sga 327260 B [ID:4dda4c334fd942f18db25d38e0a3addb] [Ver:6afbaab53280d6850ed3991a1128893f] [Sig:0]
07:19:18.68   ARC -- C:\Users\Sergei\Documents\My Games\Company of Heroes 2\mods\decals\subscriptions\478277657.sga 1255708 B [ID:a93258fadd2f442f94a1fec3e24b8723] [Ver:86e0830c53f56f5201bef23867178185] [Sig:0]
07:19:18.68   ARC -- C:\Users\Sergei\Documents\My Games\Company of Heroes 2\mods\decals\subscriptions\485828861.sga 2790341 B [ID:391fc609b2ec4438ae24ee8135eb60cd] [Ver:a5062cfaa9e6c0f1a43f3672577e89bf] [Sig:0]
07:19:18.68   ARC -- C:\Users\Sergei\Documents\My Games\Company of Heroes 2\mods\decals\subscriptions\511323957.sga 216944 B [ID:b955bd0241874347b3f36fe36542c50c] [Ver:b20841560efea435965abdb628550d8c] [Sig:0]
07:19:18.68   ARC -- C:\Users\Sergei\Documents\My Games\Company of Heroes 2\mods\decals\subscriptions\514117740.sga 330853 B [ID:e2a94ba909c84452a77f6e744ad0cd2b] [Ver:c09e40c8b7c000db03048af67e1d6759] [Sig:0]
07:19:18.68   ARC -- C:\Users\Sergei\Documents\My Games\Company of Heroes 2\mods\decals\subscriptions\514183955.sga 1501458 B [ID:4b4868f0ce91423c91cc5b62d15af56a] [Ver:43854a0523ad4e6ba6a831658a636228] [Sig:0]
07:19:18.68   ARC -- C:\Users\Sergei\Documents\My Games\Company of Heroes 2\mods\decals\subscriptions\528670556.sga 117188 B [ID:b15d4a3abe1146139ff6b3b8b7323b9a] [Ver:ec4108ed495d26aebbe6e8ecb919168b] [Sig:0]
07:19:18.68   ARC -- C:\Users\Sergei\Documents\My Games\Company of Heroes 2\mods\faceplates\subscriptions\1262553764.sga 63756 B [ID:9c4e4403b18940cdb7f41a0362a853c5] [Ver:bee491054d3cb974cdcc5842ca5960f8] [Sig:0]
07:19:18.68   ARC -- C:\Users\Sergei\Documents\My Games\Company of Heroes 2\mods\faceplates\subscriptions\468128411.sga 126968 B [ID:9c96eb338bd64adca6739a9777493250] [Ver:a7f590d6c97726068c304b449a918b9b] [Sig:0]
07:19:18.68   ARC -- C:\Users\Sergei\Documents\My Games\Company of Heroes 2\mods\faceplates\subscriptions\470402623.sga 69209 B [ID:b9e9629fad114176840815e9c20fc456] [Ver:10e854a1293772bad29bd0db1b25db3c] [Sig:0]
07:19:18.68   ARC -- C:\Users\Sergei\Documents\My Games\Company of Heroes 2\mods\faceplates\subscriptions\470600676.sga 95630 B [ID:13325c05ee4347f38744129854f95fe7] [Ver:8254244c3e53d25e095120720a81cccd] [Sig:0]
07:19:18.68   ARC -- C:\Users\Sergei\Documents\My Games\Company of Heroes 2\mods\faceplates\subscriptions\472383614.sga 101331 B [ID:7b816b0bd87449bc8576eae559b447db] [Ver:3e203993857bb81542178b87a77abf96] [Sig:0]
07:19:18.68   ARC -- C:\Users\Sergei\Documents\My Games\Company of Heroes 2\mods\faceplates\subscriptions\507222103.sga 49327 B [ID:72b276432f0e41e889b1c9d005ac8cba] [Ver:89b473f592fc23561a0d23910d01196e] [Sig:0]
07:19:18.68   ARC -- C:\Users\Sergei\Documents\My Games\Company of Heroes 2\mods\faceplates\subscriptions\516763618.sga 83920 B [ID:2273fd2797954a56b06d2d7e65fc96f6] [Ver:72a6ad53414aa39b0c61672df7f7db7d] [Sig:0]
07:19:18.68   ARC -- C:\Users\Sergei\Documents\My Games\Company of Heroes 2\mods\faceplates\subscriptions\630257845.sga 201488 B [ID:1ac42354c5774bcc835626b472223c1a] [Ver:4845896039175230974e14a2a9ee0043] [Sig:0]
07:19:18.68   ARC -- C:\Users\Sergei\Documents\My Games\Company of Heroes 2\mods\fatalities\subscriptions\468071960.sga 58371 B [ID:f400fbf051fd4135a79db6dd4caf2b52] [Ver:a7a38694d48372d190046d04441bb87f] [Sig:0]
07:19:18.69   ARC -- C:\Users\Sergei\Documents\My Games\Company of Heroes 2\mods\fatalities\subscriptions\468188799.sga 43531 B [ID:ac2f6e1927ef4cc3be8e244cc3207c18] [Ver:37d1824db192802c3b80913c229ca017] [Sig:0]
07:19:18.69   ARC -- C:\Users\Sergei\Documents\My Games\Company of Heroes 2\mods\fatalities\subscriptions\503270226.sga 52608 B [ID:21371f92502b4a079bdc4e64ad60ac8e] [Ver:117e5459beb0b0d0053f2a9166f8a53f] [Sig:0]
07:19:18.71   GameApp::InitSteam: steam already initialized
07:19:18.72   SteamApps->BGetDLCDataByIndex - failed, index: 1/76
07:19:18.72   SteamApps->BGetDLCDataByIndex - failed, index: 42/76
07:19:18.72   SteamApps->BGetDLCDataByIndex - failed, index: 44/76
07:19:18.72   SteamApps->BGetDLCDataByIndex - failed, index: 45/76
07:19:18.72   SteamApps->BGetDLCDataByIndex - failed, index: 46/76
07:19:18.72   SteamApps->BGetDLCDataByIndex - failed, index: 47/76
07:19:18.72   SteamApps->BGetDLCDataByIndex - failed, index: 48/76
07:19:18.72   SteamApps->BGetDLCDataByIndex - failed, index: 49/76
07:19:18.72   SteamApps->BGetDLCDataByIndex - failed, index: 50/76
07:19:18.72   SteamApps->BGetDLCDataByIndex - failed, index: 51/76
07:19:18.72   SteamApps->BGetDLCDataByIndex - failed, index: 52/76
07:19:18.72   SteamApps->BGetDLCDataByIndex - failed, index: 57/76
07:19:18.72   SteamApps->BGetDLCDataByIndex - failed, index: 58/76
07:19:18.72   SteamApps->BGetDLCDataByIndex - failed, index: 59/76
07:19:18.72   SteamApps->BGetDLCDataByIndex - failed, index: 60/76
07:19:18.72   SteamApps->BGetDLCDataByIndex - failed, index: 62/76
07:19:18.72   SteamApps->BGetDLCDataByIndex - failed, index: 63/76
07:19:18.73   NetworkManager::Create - creating network manager
07:19:19.80   WorldwideLoginService::WorldwideLoginService - initializing
07:19:19.80   Opened the CA system store.
07:19:19.80   Certificate for Microsoft Root Certificate Authority has been retrieved.
07:19:19.80   successfully decoded into x509
07:19:19.80   Certificate for Thawte Timestamping CA has been retrieved.
07:19:19.80   successfully decoded into x509
07:19:19.80   Certificate for Microsoft Root Authority has been retrieved.
07:19:19.80   successfully decoded into x509
07:19:19.80   Certificate for Symantec Enterprise Mobile Root for Microsoft has been retrieved.
07:19:19.80   successfully decoded into x509
07:19:19.80   Certificate for Microsoft Root Certificate Authority 2011 has been retrieved.
07:19:19.80   successfully decoded into x509
07:19:19.80   Certificate for Microsoft Authenticode(tm) Root Authority has been retrieved.
07:19:19.80   successfully decoded into x509
07:19:19.80   Certificate for Microsoft Root Certificate Authority 2010 has been retrieved.
07:19:19.80   successfully decoded into x509
07:19:19.80   Certificate for Microsoft ECC TS Root Certificate Authority 2018 has been retrieved.
07:19:19.80   successfully decoded into x509
07:19:19.80   Certificate for Copyright (c) 1997 Microsoft Corp. has been retrieved.
07:19:19.80   successfully decoded into x509
07:19:19.80   Certificate for NO LIABILITY ACCEPTED, (c)97 VeriSign, Inc. has been retrieved.
07:19:19.80   successfully decoded into x509
07:19:19.80   Certificate for DESKTOP-2VKVKQ2 has been retrieved.
07:19:19.80   successfully decoded into x509
07:19:19.80   Certificate for Microsoft ECC Product Root Certificate Authority 2018 has been retrieved.
07:19:19.80   successfully decoded into x509
07:19:19.80   Certificate for Blizzard Battle.net Local Cert has been retrieved.
07:19:19.80   successfully decoded into x509
07:19:19.80   Certificate for Microsoft Time Stamp Root Certificate Authority 2014 has been retrieved.
07:19:19.80   successfully decoded into x509
07:19:19.80   Certificate for thawte Primary Root CA - G3 has been retrieved.
07:19:19.80   successfully decoded into x509
07:19:19.80   Certificate for UTN-USERFirst-Object has been retrieved.
07:19:19.80   successfully decoded into x509
07:19:19.80   Certificate for DigiCert Global Root G2 has been retrieved.
07:19:19.80   successfully decoded into x509
07:19:19.80   Certificate for DST Root CA X3 has been retrieved.
07:19:19.80   successfully decoded into x509
07:19:19.80   Certificate for GlobalSign has been retrieved.
07:19:19.80   successfully decoded into x509
07:19:19.80   Certificate for Baltimore CyberTrust Root has been retrieved.
07:19:19.80   successfully decoded into x509
07:19:19.80   Certificate for AAA Certificate Services has been retrieved.
07:19:19.80   successfully decoded into x509
07:19:19.81   Certificate for USERTrust ECC Certification Authority has been retrieved.
07:19:19.81   successfully decoded into x509
07:19:19.81   Certificate for Entrust Root Certification Authority has been retrieved.
07:19:19.81   successfully decoded into x509
07:19:19.81   Certificate for GlobalSign Root CA has been retrieved.
07:19:19.81   successfully decoded into x509
07:19:19.81   Certificate for COMODO RSA Certification Authority has been retrieved.
07:19:19.81   successfully decoded into x509
07:19:19.81   Certificate for Starfield Class 2 Certification Authority has been retrieved.
07:19:19.81   successfully decoded into x509
07:19:19.81   Certificate for DigiCert Global Root CA has been retrieved.
07:19:19.81   successfully decoded into x509
07:19:19.81   Certificate for Entrust Root Certification Authority - G2 has been retrieved.
07:19:19.81   successfully decoded into x509
07:19:19.81   Certificate for SecureTrust CA has been retrieved.
07:19:19.81   successfully decoded into x509
07:19:19.81   Certificate for DigiCert Global Root G3 has been retrieved.
07:19:19.81   successfully decoded into x509
07:19:19.81   Certificate for GlobalSign has been retrieved.
07:19:19.81   successfully decoded into x509
07:19:19.81   Certificate for Class 3 Public Primary Certification Authority has been retrieved.
07:19:19.81   successfully decoded into x509
07:19:19.81   Certificate for Certum CA has been retrieved.
07:19:19.81   successfully decoded into x509
07:19:19.81   Certificate for DigiCert High Assurance EV Root CA has been retrieved.
07:19:19.81   successfully decoded into x509
07:19:19.81   Certificate for T-TeleSec GlobalRoot Class 2 has been retrieved.
07:19:19.81   successfully decoded into x509
07:19:19.81   Certificate for D-TRUST Root Class 3 CA 2 2009 has been retrieved.
07:19:19.81   successfully decoded into x509
07:19:19.81   Certificate for Hotspot 2.0 Trust Root CA - 03 has been retrieved.
07:19:19.81   successfully decoded into x509
07:19:19.81   Certificate for VeriSign Class 3 Public Primary Certification Authority - G5 has been retrieved.
07:19:19.81   successfully decoded into x509
07:19:19.81   Certificate for Go Daddy Root Certificate Authority - G2 has been retrieved.
07:19:19.81   successfully decoded into x509
07:19:19.81   Certificate for TeliaSonera Root CA v1 has been retrieved.
07:19:19.81   successfully decoded into x509
07:19:19.81   Certificate for VeriSign Universal Root Certification Authority has been retrieved.
07:19:19.81   successfully decoded into x509
07:19:19.81   Certificate for USERTrust RSA Certification Authority has been retrieved.
07:19:19.81   successfully decoded into x509
07:19:19.81   Certificate for Go Daddy Class 2 Certification Authority has been retrieved.
07:19:19.81   successfully decoded into x509
07:19:19.81   Certificate for GlobalSign has been retrieved.
07:19:19.81   successfully decoded into x509
07:19:19.81   Certificate for QuoVadis Root CA 2 G3 has been retrieved.
07:19:19.81   successfully decoded into x509
07:19:19.81   Certificate for Certum Trusted Network CA has been retrieved.
07:19:19.81   successfully decoded into x509
07:19:19.81   Certificate for DigiCert Assured ID Root CA has been retrieved.
07:19:19.81   successfully decoded into x509
07:19:19.81   Certificate for AddTrust External CA Root has been retrieved.
07:19:19.81   successfully decoded into x509
07:19:19.81   48 certificates loaded
07:19:19.81   WinTransport - CreateSocket exclusive broadcast socket was available.
07:19:19.81   RLink::WorldwideLoginService::LongPoller::ThreadFunction - Entering network thread function...
07:19:19.81   WinTransport - CreateSocket listening for broadcasts on default port
07:19:19.82   WinTransport - Host Name: DESKTOP-2VKVKQ2, aliases: , type=AF_INET, len=4
07:19:19.82   WinTransport - Host IP Address #0: 172.27.112.1
07:19:19.82   WinTransport - Host IP Address #1: 192.168.1.2
07:19:19.82   WinTransport - WARNING, MultipleNetwork adapters may cause problems
07:19:19.82   WinTransport - Interface #0: ip:127.0.0.1, broadcast:127.0.0.1, flags=IFF_UP IFF_LOOPBACK IFF_MULTICAST
07:19:19.82   WinTransport - Interface #1: ip:192.168.1.2, broadcast:192.168.1.2, flags=IFF_UP IFF_BROADCAST IFF_MULTICAST
07:19:19.82   WinTransport - Interface #2: ip:172.27.112.1, broadcast:172.27.112.1, flags=IFF_UP IFF_BROADCAST IFF_MULTICAST
07:19:19.82   Transport::OpenInternal request to WINaddr:255.255.255.255:6112;
07:19:19.82   SessionManager - Peer Header Size = 15 bytes
07:19:19.82   SessionManager - Game Data overhead = 4 bytes
07:19:19.82   SessionManager - Proxy overhead = 7 bytes
07:19:19.82   RLink::ThreadFunction - Entering network thread function...
07:19:19.85   Not able to open the offline items file
07:19:19.85   AutomatchInternal: Instantiating
07:19:19.85   MessageInternal::CreateChannel: Created channel fffffffe
07:19:19.85   MessageInternal::CreateChannel: Created channel fffffffb
07:19:19.85   MessageInternal::CreateChannel: Created channel fffffffd
07:19:19.85   Not able to open the offline items file
07:19:19.85   MessageInternal::CreateChannel: Created channel 00000001
07:19:19.85   MessageInternal::CreateChannel: Created channel 00000002
07:19:19.85   MessageInternal::CreateChannel: Created channel 00000003
07:19:19.85   MessageInternal::CreateChannel: Created channel 00000004
07:19:19.85   MessageInternal::CreateChannel: Created channel 00000005
07:19:19.85   MessageInternal::CreateChannel: Created channel 00000006
07:19:19.85   MessageInternal::CreateChannel: Created channel 00000007
07:19:19.85   MessageInternal::CreateChannel: Created channel 00000008
07:19:19.85   MessageInternal::CreateChannel: Created channel 00000009
07:19:19.85   MessageInternal::CreateChannel: Created channel 0000000a
07:19:20.05   GAME -- Company Of Heroes 2, Build [4.0.0.23468], Language [english]
07:19:20.06   Plat::Win32  -- Desktop PPI 96,  DPI Scaling: 1.000000
07:19:20.22   SPDx11 -- Adapter [NVIDIA GeForce GTX 1060 3GB]: 2988MB dedicated video memory, 0MB dedicated system memory and 1107MB shared system memory.
07:19:20.22   OPTION -- effectsdensity: 0
07:19:20.22   OPTION -- effectsfidelity: 0
07:19:20.22   OPTION -- modeldetail: 0
07:19:20.22   OPTION -- postprocessing: 0
07:19:20.22   OPTION -- raindetail: 0
07:19:20.22   OPTION -- reflections: 0
07:19:20.22   OPTION -- ambocclquality: 0
07:19:20.22   OPTION -- shadows: 0
07:19:20.22   OPTION -- shrubsdetail: 0
07:19:20.22   OPTION -- terraindetail: 0
07:19:20.22   OPTION -- snowdetail: 1
07:19:20.22   OPTION -- antialiasing: 0
07:19:20.22   OPTION -- verticalsync: 1
07:19:20.22   OPTION -- physics: 0
07:19:20.22   OPTION -- texturedetail: 2
07:19:20.22   OPTION -- worldviewquality: 2
07:19:20.22   OPTION -- modelanimationdetail: 1
07:19:20.23   SPOOGE - Driver[DirectX11_Rendering_Device] version[4,37]
07:19:20.23   GAME -- Desktop refresh rate is 60.000000Hz
07:19:20.23   GAME -- Configuration selected refresh rate is (60.000000Hz) 60000/1000
07:19:20.23   GAME -- Final selected refresh rate 60.000000Hz
07:19:20.23   GAME -- Resolution set to 1920x1080 (windowed) it will be @ (60.000000Hz) 60000/1000 in fullscreen
07:19:20.34   SPDx11 -- New Device RefCount [2], New DeviceContext RefCount [1]
07:19:20.34   SPDx11 -- Adapter Description = NVIDIA GeForce GTX 1060 3GB
07:19:20.34   SPDx11 -- Driver Vendor = 0x000010de  Device = 0x00001c02  SubSys = 0x11c210de  Rev = 0x000000a1
07:19:20.34   SPDx11 -- Driver Version  Product = 27  Version = 21  SubVersion = 0  Build = 451.48
07:19:20.34   SPDx11 -- Driver LUID = 0x00000000-0x0000a33a
07:19:20.34   SPDx11 -- 2988MB dedicated video memory, 0MB dedicated system memory and 1107MB shared system memory available.
07:19:20.34   SPDx11 -- [1] GPUs found.
07:19:20.34   ShaderDatabase: using shader profile [ps50]
07:19:20.41   Unable to load shader [coh2_impostor_billboard] so replacing with [defaultshader]
07:19:20.57   SPDx11 -- CreateSwapChain: 1920x1080 @ 60000/1000Hz (60.000000Hz). Sample count/quality: 1/0. Back buffers: 2.
07:19:20.57   SPDx11 -- Actual SwapChain buffer set by DXGI: 1920x1080 @ 60000/1000Hz = Refresh Rate: 60.00
07:19:20.57   SPDx11 -- ResizeTarget: 1920x1080 @ 60000/1000Hz = Refresh Rate: 60.00
07:19:20.57   SPDx11 -- Setting SwapChain State to: WINDOW
07:19:20.57   SPDx11 -- Actual SwapChain buffer set by DXGI: 1920x1080 @ 60000/1000Hz = Refresh Rate: 60.00
07:19:20.57   SPDx11 -- Resizing target to make sure Refresh rate is set properly after FullScreen mode change
07:19:20.57   SPDx11 -- ResizeTarget: 1920x1080 @ 0/0Hz = Refresh Rate: 0.00
07:19:20.57   SPDx11 -- Actual SwapChain buffer set by DXGI: 1920x1080 @ 60000/1000Hz = Refresh Rate: 60.00
07:19:20.61   SPDx11 -- device requires no additional virtual address space textures.
07:19:20.61   SPDx11 -- Setting SwapChain State to: WINDOW
07:19:20.61   SPDx11 -- Actual SwapChain buffer set by DXGI: 1920x1080 @ 60000/1000Hz = Refresh Rate: 60.00
07:19:20.61   SPDx11 -- Resizing target to make sure Refresh rate is set properly after FullScreen mode change
07:19:20.61   SPDx11 -- ResizeTarget: 1920x1080 @ 0/0Hz = Refresh Rate: 0.00
07:19:20.61   SPDx11 -- Actual SwapChain buffer set by DXGI: 1920x1080 @ 60000/1000Hz = Refresh Rate: 60.00
07:19:20.68   SPDx11 -- GPU can do [21116] pixels per usecond.  At [1920x1080x1] this is [10183] screens per second. with a CPU overhead of [0.000000] ms, GPU Usage Time [4.713472] ms, QueryWaitCPU time [6.000000] ms
07:19:21.07   SPDx11 -- GPU can do [179] pixels per usecond.  At [1024x1024x1] this is [170] screens per second. with a CPU overhead of [0.000000] ms, GPU Usage Time [23.415808] ms, QueryWaitCPU time [25.000000] ms
07:19:21.08   FILESYSTEM -- filepath failure, missing alias 'TOOLSDATA:autoloddecimator.lua'
07:19:21.17   SOUND -- Initializing ...
07:19:21.28   INNIMapDCA Key not found: tiger_radio_fuzz::objectdistance
07:19:21.29   INNIMapDCA Key not found: Reverb_Forest_Subtle::Distance
07:19:21.31   INNIMapDCA Key not found: metamap_result
07:19:21.50   INNIMapDCA Key not found: rudders_rotation
07:19:21.82   SOUND -- Initialization completed!
07:19:21.89   SCENARIO -- Failed to open stream for Scenario 'DATA:scenarios\tow\challenges\1942_airfield\allied_airfield.info'
07:19:21.91   SCENARIO -- Failed to open stream for Scenario 'DATA:scenarios\tow\scenarios\1941_moscow\1941_moscow_art_v1_ro.info'
07:19:21.91   SCENARIO -- Failed to open stream for Scenario 'DATA:scenarios\sp\coh2_campaign\m02-scorched_earth\scorched_earth_02_03nis.info'
07:19:21.94   SCENARIO -- Failed to open stream for Scenario 'DATA:scenarios\mp\2p_cheneux\2p_cheneux_temp.info'
07:19:22.02   SCENARIO -- Failed to open stream for Scenario 'DATA:scenarios\mp\4p_gelsenkirchen_refinery\4p_gelsenkirchen_refinery_temp.info'
07:19:22.06   SCENARIO -- Failed to open stream for Scenario 'DATA:scenarios\mp\6p_across_the_rhine\6p_across_the_rhine_temp.info'
07:19:22.09   SCENARIO -- Failed to open stream for Scenario 'DATA:scenarios\mp\8p_port_of_hamburg\8p_port_of_hamburg_2.info'
07:19:22.11   SCENARIO -- Failed to open stream for Scenario 'DATA:scenarios\mp\outsourcing_winter\outsourcing_winter.info'
07:19:25.21   GameObjLoader 13c4fbc0 - resetting counters
07:19:25.21   GameObjLoader 13c4fbc0 - Created loader
07:19:25.21   GameObjLoader 13c4fa80 - resetting counters
07:19:25.21   GameObjLoader 13c4fa80 - Created loader
07:19:25.92   CRC & Version Info : exe 0x00005bac:data 0xb87e630b
07:19:25.92   Initializing Scaleform D3D11 HAL
07:19:28.66   SFLoader -- UI DATA:UI\Bin\COH2UI.gfx loaded in 2.729000s
07:19:28.68   MUTING SOUNDS
07:19:29.85   NetworkManager::DispatchEvents() - Warning - Time between calls was 7978 ms
07:19:29.85   Requesting ticket
07:19:29.85   SteamAuthManager::GetAuthToken state ID : 1
07:19:30.20   OnRequest app ticket returned N
07:19:30.20   SteamAuth received ticket at t=10382
07:19:30.20   SteamAuthManager::GetAuthToken state ID : 2
07:19:34.87   Found 1 profiles for account /steam/76561198006675368
07:19:34.87   Found profile: /steam/76561198006675368
07:19:34.87   RelicLinkListener::OnAccountEvent - AET_Login - Result [0]
07:19:38.68   NetworkManager::DispatchEvents() - Warning - Time between calls was 2827 ms
07:19:40.34   FormatInternal - Unable to proceed formatting string [https://ingame.companyofheroes.com/promotions/home#?profile_name=%1PROFILE_NAME%&profile_alias=%2PROFILE_ALIAS%&currency=%3CURRENCY%&country=%4COUNTRY%&lang=%5LANGUAGE%&supply=%6FIRST_PERMANENT_ITEM_1000_DURABILITY%]
07:19:40.34   FormatInternal - Unable to proceed formatting string [https://ingame.companyofheroes.com/twitch/home#?profile_name=%1PROFILE_NAME%&profile_alias=%2PROFILE_ALIAS%&currency=%3CURRENCY%&country=%4COUNTRY%&lang=%5LANGUAGE%&supply=%6FIRST_PERMANENT_ITEM_1000_DURABILITY%]
07:19:40.35   GetAutomatchMaps: Got [467] maps
07:19:40.45   ExtensionDoExternalCallEvent (https://garry.sgaas.net:443/event) - response good: 0 bytes,
07:19:45.45   Some of the ItemPrices received from the server were removed. Size changed from 9135395440722 to 4573971223622772796
07:19:46.65   starting online hosting
07:19:46.78   SlotManager::GetStringFromSlots: compressed = 32 bytes / 414 bytes
07:19:48.12   Some of the ItemPrices received from the server were removed. Size changed from 9135395440722 to 4573971223622772796
07:19:48.86   BT! - SockInit: SOCK_FD_SET_SIZE = 64
07:19:48.87   DBG - SockConnect: 0/s->stHandle=3584
07:19:48.87   DBG - SockConnect: 0/3584 connect deferred (in progress)
07:19:49.00   DBG - SockAnimateAll: socket 0/3584 connection complete.
07:19:49.16   battleserverrelay - Connected: 
Connection [ 1/ 1] - local=192.168.1.2:65167, remote=3.81.245.57:27024, type=CONNECT, timeTookToConnectMS=299, silentTimeMS=0, lastSockError=0
07:19:49.23   OnlineHostAsync success
07:19:49.23   Session::Initialize - info, initializing session object, using threads.
07:19:49.23   SessionManager::RegisterSession - Registering RL_NEW session 4864b258
07:19:49.23   Created Matchinfo for sessionID 233157564
07:19:49.23   OnJoinAdvertisementSuccess - joined online match, server leave notification required
07:19:49.23   starting local hosting
07:19:49.23   Transport::OpenInternal request to WINaddr:255.255.255.255:6112;
07:19:49.23   Allocated route ID=0 for PeerID 1 at WINaddr:172.27.112.1:6112;
07:19:49.23   Transport::OpenInternal request to WINaddr:172.27.112.1:6112;
07:19:49.23   Session::Host sid = DE5B3BC, hostURL = , local addresses = WINaddr:172.27.112.1:6112;
07:19:49.23   Session::GetState - info, session [233157564]'s state changed to [2:STATE_CONNECTING].
07:19:49.23   ValidateCustomData: called with 6191 bytes of custom data
07:19:49.23   Host accepted Peer 1 into the match at address list=WINaddr:172.27.112.1:6112;, routes=WINaddr:172.27.112.1:6112;
07:19:49.23   WorldwideAdvertisementService::Process - EVENT_NEWPEER
07:19:49.27   local host PeerID 1 LOCL ack=  0 (  0ms~0) unack=  2, retry=  0, highwaterOOS=0 (ip=WINaddr:172.27.112.1:6112;), pending=0, dead=0, RS#=0/1
07:19:49.27   MessageCounts: inval=0/0, seek=0/0, join=1/0, ichk=0/0, sk_r=0/0, deny=0/0, Padd=1/0, Pdel=0/0, drop=0/0, data=0/0, mdat=0/0, voip=0/0, rchk=0/0, nudg=0/0, Thdr=0/0, Peer=2/0, PPrx=0/0, ping=0/0, Pfrg=0/0, rely=2/0, lb_p=0/0, lb_c=0/0, cast=0/0, cdat=0/0, sorq1=0/0, sorp=0/0, acto=0/0, spob=0/0, sorq2=0/0, setp=1/0, actr=0/0, lsim=0/0
07:19:49.28   Session::GetState - info, session [233157564]'s state changed to [3:STATE_CONNECTED].
07:19:49.28   Sending matchinfo change #2
07:19:49.28   Session Connection Event - ReasonID: 0 ReasonDebug: SessionOperationInfo::SUCCESS
07:19:49.28   HostAsync - got operation info 0:SessionOperationInfo::SUCCESS
07:19:49.31   hosting - Session is connected
07:19:49.35   HostAsync - completed with HostResult = 0
07:19:49.35   Party::SetHostJoinResult - 0
07:19:49.35   Party::SetStatus - S_CONFIGURING
07:19:49.35   WorldwideAutomatch2Service::OnHostComplete - we're not polling at the moment, ignoring
07:19:49.35   WorldwideAutomatchService::OnHostComplete - automatcher is no longer active - stopPollPending 0 automatchPollID 18446744073709551615
07:19:49.35   SlotManager::GetStringFromSlots: compressed = 182 bytes / 784 bytes
07:19:49.40   Session - rcv'd Join request - address noaddr/relay/PID=8D7F601FE14AFBC9 in use by existing peer (ignoring)
07:19:49.40   Session::PollTransportEvents AddPeerMessage ignored, peer 1 already in m_peers
07:19:49.55   Sending matchinfo change #14
07:19:50.21   Sending matchinfo change #21
07:19:50.21   Rejecting packet type 0 that claims to come from ourself
07:19:50.21   Rejecting packet type 0 that claims to come from ourself
07:19:50.48   Rejecting packet type 0 that claims to come from ourself
07:19:51.42   WorldwideAutomatch2Service::Polling - queued CreateAutomatch2
07:19:51.69   SlotManager::GetStringFromSlots: compressed = 178 bytes / 784 bytes
07:19:52.20   Party::OnAutomatch2Event - AET_Polling - R_Success
07:19:52.20   Party::OnAutomatch2Event - Starting polling
07:19:55.83   ARC -- C:\Users\Sergei\Documents\My Games\Company of Heroes 2\mods\scenarios\subscriptions\205676637.sga 5347930 B [ID:4efb99ce08b791f380f0954ad428d309] [Ver:cf6378a6d5bf272758071a90b4b28a62] [Sig:0]
07:19:56.11   ARC -- C:\Users\Sergei\Documents\My Games\Company of Heroes 2\mods\scenarios\subscriptions\274345728.sga 20144410 B [ID:9ca44e4db6f8a4156f7c13e553653b21] [Ver:1e5fb6e262beccb8a026919f148498b4] [Sig:0]
07:19:57.13   ARC -- C:\Users\Sergei\Documents\My Games\Company of Heroes 2\mods\gamemode\subscriptions\340863372.sga 1031659 B [ID:9f17d0228db14a9b8bf62d96a29116ef] [Ver:121417a399c531e015fc7df455709be6] [Sig:0]
07:19:57.37   ARC -- C:\Users\Sergei\Documents\My Games\Company of Heroes 2\mods\gamemode\subscriptions\692412438.sga 3351007 B [ID:5ed2ead7bbf94c01833685dfa1f23ac1] [Ver:60ff095ec12e8b8dfa71a870acc1238d] [Sig:0]
07:19:57.78   ARC -- C:\Users\Sergei\Documents\My Games\Company of Heroes 2\mods\skins\subscriptions\482561139.sga 54140431 B [ID:152282cabf6946828716c6c2b52dc7d4] [Ver:934cd437642717266817f35f2550ba6f] [Sig:0]
07:19:57.99   ARC -- C:\Users\Sergei\Documents\My Games\Company of Heroes 2\mods\skins\subscriptions\493340820.sga 22362429 B [ID:606ec6d745d84f7da2bf299b6277f5be] [Ver:6bd222b87d0208887d5f195b7a3b0669] [Sig:0]
07:19:58.33   ARC -- C:\Users\Sergei\Documents\My Games\Company of Heroes 2\mods\skins\subscriptions\525871988.sga 65357224 B [ID:6e9686bcda67440ab494fc73693a3910] [Ver:d3a181aede035678b53036ab82ff4be1] [Sig:0]
07:19:58.71   ARC -- C:\Users\Sergei\Documents\My Games\Company of Heroes 2\mods\skins\subscriptions\731960136.sga 72176254 B [ID:63ae594215e3493dbe7f4928a9a33690] [Ver:93fac6742e1a1464038392f2f7556f7c] [Sig:0]
07:19:59.15   ARC -- C:\Users\Sergei\Documents\My Games\Company of Heroes 2\mods\decals\subscriptions\464056305.sga 174486 B [ID:892006aaef4645f0af4e83024c18367a] [Ver:d95c7d7e1f4391e884c2d6e96041ec73] [Sig:0]
07:19:59.28   ARC -- C:\Users\Sergei\Documents\My Games\Company of Heroes 2\mods\decals\subscriptions\467917878.sga 1164069 B [ID:d7a4ccb12c1d47f18b0aa95c1e1aafc2] [Ver:d8c509c5186c04b9346bff64ffa1bc2d] [Sig:0]
07:19:59.42   ARC -- C:\Users\Sergei\Documents\My Games\Company of Heroes 2\mods\decals\subscriptions\467951411.sga 1384753 B [ID:377c96ffe8484d1980d7781ea5e1ae60] [Ver:c63f5c704539fc30d9a606017cf2e31e] [Sig:0]
07:19:59.94   ARC -- C:\Users\Sergei\Documents\My Games\Company of Heroes 2\mods\decals\subscriptions\468071873.sga 1005717 B [ID:cc55389ea2704661ae0e6bc121ce3bc3] [Ver:b39702bccc8e14aa9c49d526da630fcc] [Sig:0]
07:20:00.36   ARC -- C:\Users\Sergei\Documents\My Games\Company of Heroes 2\mods\decals\subscriptions\468439899.sga 162810 B [ID:0b194c262900407db742f19658f56f9a] [Ver:8ecd1a7a247662e059412150ec7ec305] [Sig:0]
07:20:00.48   ARC -- C:\Users\Sergei\Documents\My Games\Company of Heroes 2\mods\decals\subscriptions\470379141.sga 1505207 B [ID:38eba702bb8c4e0d93b31cb9547eba38] [Ver:450245451b7f958645094a3dcdf95253] [Sig:0]
07:20:00.62   ARC -- C:\Users\Sergei\Documents\My Games\Company of Heroes 2\mods\decals\subscriptions\470894049.sga 2559977 B [ID:db6ec4ab20f04ac9bf84c55ee9e77af7] [Ver:3bc658a7f8a6d12ee98adcee22c24933] [Sig:0]
07:20:01.03   ARC -- C:\Users\Sergei\Documents\My Games\Company of Heroes 2\mods\decals\subscriptions\470936393.sga 327260 B [ID:4dda4c334fd942f18db25d38e0a3addb] [Ver:6afbaab53280d6850ed3991a1128893f] [Sig:0]
07:20:01.15   ARC -- C:\Users\Sergei\Documents\My Games\Company of Heroes 2\mods\decals\subscriptions\478277657.sga 1255708 B [ID:a93258fadd2f442f94a1fec3e24b8723] [Ver:86e0830c53f56f5201bef23867178185] [Sig:0]
07:20:01.74   ARC -- C:\Users\Sergei\Documents\My Games\Company of Heroes 2\mods\decals\subscriptions\485828861.sga 2790341 B [ID:391fc609b2ec4438ae24ee8135eb60cd] [Ver:a5062cfaa9e6c0f1a43f3672577e89bf] [Sig:0]
07:20:02.03   WorldwideAutomatch2Service::Polling - queued CreateAutomatch2
07:20:02.13   ARC -- C:\Users\Sergei\Documents\My Games\Company of Heroes 2\mods\decals\subscriptions\511323957.sga 216944 B [ID:b955bd0241874347b3f36fe36542c50c] [Ver:b20841560efea435965abdb628550d8c] [Sig:0]
07:20:03.15   ARC -- C:\Users\Sergei\Documents\My Games\Company of Heroes 2\mods\decals\subscriptions\514117740.sga 330853 B [ID:e2a94ba909c84452a77f6e744ad0cd2b] [Ver:c09e40c8b7c000db03048af67e1d6759] [Sig:0]
07:20:03.28   ARC -- C:\Users\Sergei\Documents\My Games\Company of Heroes 2\mods\decals\subscriptions\514183955.sga 1501458 B [ID:4b4868f0ce91423c91cc5b62d15af56a] [Ver:43854a0523ad4e6ba6a831658a636228] [Sig:0]
07:20:03.40   Party::OnAutomatch2Event - AET_Polling - R_Success
07:20:03.71   ARC -- C:\Users\Sergei\Documents\My Games\Company of Heroes 2\mods\decals\subscriptions\528670556.sga 117188 B [ID:b15d4a3abe1146139ff6b3b8b7323b9a] [Ver:ec4108ed495d26aebbe6e8ecb919168b] [Sig:0]
07:20:04.14   ARC -- C:\Users\Sergei\Documents\My Games\Company of Heroes 2\mods\faceplates\subscriptions\468128411.sga 126968 B [ID:9c96eb338bd64adca6739a9777493250] [Ver:a7f590d6c97726068c304b449a918b9b] [Sig:0]
07:20:04.56   ARC -- C:\Users\Sergei\Documents\My Games\Company of Heroes 2\mods\faceplates\subscriptions\470402623.sga 69209 B [ID:b9e9629fad114176840815e9c20fc456] [Ver:10e854a1293772bad29bd0db1b25db3c] [Sig:0]
07:20:05.00   ARC -- C:\Users\Sergei\Documents\My Games\Company of Heroes 2\mods\faceplates\subscriptions\470600676.sga 95630 B [ID:13325c05ee4347f38744129854f95fe7] [Ver:8254244c3e53d25e095120720a81cccd] [Sig:0]
07:20:05.44   ARC -- C:\Users\Sergei\Documents\My Games\Company of Heroes 2\mods\faceplates\subscriptions\472383614.sga 101331 B [ID:7b816b0bd87449bc8576eae559b447db] [Ver:3e203993857bb81542178b87a77abf96] [Sig:0]
07:20:05.86   ARC -- C:\Users\Sergei\Documents\My Games\Company of Heroes 2\mods\faceplates\subscriptions\507222103.sga 49327 B [ID:72b276432f0e41e889b1c9d005ac8cba] [Ver:89b473f592fc23561a0d23910d01196e] [Sig:0]
07:20:06.28   ARC -- C:\Users\Sergei\Documents\My Games\Company of Heroes 2\mods\faceplates\subscriptions\516763618.sga 83920 B [ID:2273fd2797954a56b06d2d7e65fc96f6] [Ver:72a6ad53414aa39b0c61672df7f7db7d] [Sig:0]
07:20:06.59   ARC -- C:\Users\Sergei\Documents\My Games\Company of Heroes 2\mods\fatalities\subscriptions\468071960.sga 58371 B [ID:f400fbf051fd4135a79db6dd4caf2b52] [Ver:a7a38694d48372d190046d04441bb87f] [Sig:0]
07:20:07.03   ARC -- C:\Users\Sergei\Documents\My Games\Company of Heroes 2\mods\fatalities\subscriptions\468188799.sga 43531 B [ID:ac2f6e1927ef4cc3be8e244cc3207c18] [Ver:37d1824db192802c3b80913c229ca017] [Sig:0]
07:20:07.44   ARC -- C:\Users\Sergei\Documents\My Games\Company of Heroes 2\mods\fatalities\subscriptions\503270226.sga 52608 B [ID:21371f92502b4a079bdc4e64ad60ac8e] [Ver:117e5459beb0b0d0053f2a9166f8a53f] [Sig:0]
07:20:13.03   WorldwideAutomatch2Service::Polling - queued CreateAutomatch2
07:20:13.63   Party::OnAutomatch2Event - AET_Polling - R_Success
07:20:16.74   Automatch2Internal - StopPolling() called, delisting ourselves, nobody find me anymore!
07:20:17.55   WorldwideAutomatch2Service::OnPollComplete - automatch process complete with result = 2
07:20:20.00   Transport - median kBPS [hi/cur] sent = 0.0/0.0, recvd = 0.0/0.0, #p/sec[s/r] = 0.0/0.0, max unsent 0, version err 0, merge 0
07:20:50.01   local host PeerID 1 LOCL ack=  5 (518ms~157) unack=  0, retry=  0, highwaterOOS=0 (ip=WINaddr:172.27.112.1:6112;), pending=0, dead=0, RS#=4/4
07:20:50.01   MessageCounts: inval=0/0, seek=0/0, join=0/2, ichk=0/0, sk_r=0/0, deny=0/0, Padd=0/2, Pdel=0/0, drop=0/0, data=3/3, mdat=0/0, voip=0/0, rchk=0/0, nudg=0/0, Thdr=0/0, Peer=5/9, PPrx=5/10, ping=0/0, Pfrg=0/0, rely=0/1, lb_p=18/18, lb_c=0/0, cast=0/0, cdat=0/0, sorq1=0/0, sorp=0/0, acto=0/0, spob=0/0, sorq2=0/0, setp=0/0, actr=0/0, lsim=0/0
07:21:21.00   Transport - median kBPS [hi/cur] sent = 0.0/0.0, recvd = 0.0/0.0, #p/sec[s/r] = 0.0/0.0, max unsent 0, version err 0, merge 0
07:21:51.00   local host PeerID 1 LOCL ack=  5 (518ms~157) unack=  0, retry=  0, highwaterOOS=0 (ip=WINaddr:172.27.112.1:6112;), pending=0, dead=0, RS#=4/4
07:21:51.00   MessageCounts: inval=0/0, seek=0/0, join=0/0, ichk=0/0, sk_r=0/0, deny=0/0, Padd=0/0, Pdel=0/0, drop=0/0, data=0/0, mdat=0/0, voip=0/0, rchk=0/0, nudg=0/0, Thdr=0/0, Peer=0/0, PPrx=0/0, ping=0/0, Pfrg=0/0, rely=0/0, lb_p=19/19, lb_c=0/0, cast=0/0, cdat=0/0, sorq1=0/0, sorp=0/0, acto=0/0, spob=0/0, sorq2=0/0, setp=0/0, actr=0/0, lsim=0/0
07:22:22.00   Transport - median kBPS [hi/cur] sent = 0.0/0.0, recvd = 0.0/0.0, #p/sec[s/r] = 0.0/0.0, max unsent 0, version err 0, merge 0
07:22:37.87   WorldwideAutomatch2Service::Polling - queued CreateAutomatch2
07:22:38.97   Party::OnAutomatch2Event - AET_Polling - R_Success
07:22:38.97   Party::OnAutomatch2Event - Starting polling
07:22:48.09   WorldwideAutomatch2Service::Polling - queued CreateAutomatch2
07:22:48.68   Party::OnAutomatch2Event - AET_Polling - R_Success
07:22:52.00   local host PeerID 1 LOCL ack=  5 (518ms~157) unack=  0, retry=  0, highwaterOOS=0 (ip=WINaddr:172.27.112.1:6112;), pending=0, dead=0, RS#=4/4
07:22:52.00   MessageCounts: inval=0/0, seek=0/0, join=0/0, ichk=0/0, sk_r=0/0, deny=0/0, Padd=0/0, Pdel=0/0, drop=0/0, data=0/0, mdat=0/0, voip=0/0, rchk=0/0, nudg=0/0, Thdr=0/0, Peer=0/0, PPrx=0/0, ping=0/0, Pfrg=0/0, rely=0/0, lb_p=18/18, lb_c=0/0, cast=0/0, cdat=0/0, sorq1=0/0, sorp=0/0, acto=0/0, spob=0/0, sorq2=0/0, setp=0/0, actr=0/0, lsim=0/0
07:22:59.09   WorldwideAutomatch2Service::Polling - queued CreateAutomatch2
07:22:59.67   Party::OnAutomatch2Event - AET_Polling - R_Success
07:23:10.05   WorldwideAutomatch2Service::Polling - queued CreateAutomatch2
07:23:10.64   Party::OnAutomatch2Event - AET_Polling - R_Success
07:23:21.05   WorldwideAutomatch2Service::Polling - queued CreateAutomatch2
07:23:21.65   Party::OnAutomatch2Event - AET_Polling - R_Success
07:23:23.00   Transport - median kBPS [hi/cur] sent = 0.0/0.0, recvd = 0.0/0.0, #p/sec[s/r] = 0.0/0.0, max unsent 0, version err 0, merge 0
07:23:32.04   WorldwideAutomatch2Service::Polling - queued CreateAutomatch2
07:23:32.64   Automatch2Internal - Server told us to host matchID [233157763]
07:23:32.64   WorldwideAutomatch2Service::OnHost - host request validated, attempting
07:23:32.64   WorldwideAutomatch2Service::OnHost - trying to host matchtype 2
07:23:32.64   Party::OnAutomatch2Event - AET_Polling - R_Success
07:23:32.74   starting online hosting
07:23:32.84   BT! - SockInit: SOCK_FD_SET_SIZE = 64
07:23:32.84   DBG - SockConnect: 1/s->stHandle=5656
07:23:32.84   DBG - SockConnect: 1/5656 connect deferred (in progress)
07:23:32.97   DBG - SockAnimateAll: socket 1/5656 connection complete.
07:23:33.12   battleserverrelay - Connected: 
Connection [ 1/ 1] - local=192.168.1.2:65414, remote=54.84.62.182:27022, type=CONNECT, timeTookToConnectMS=284, silentTimeMS=0, lastSockError=0
07:23:33.32   OnlineHostAsync success
07:23:33.32   Session::Initialize - info, initializing session object, using threads.
07:23:33.32   SessionManager::RegisterSession - Registering RL_NEW session 4865ab90
07:23:33.32   Created Matchinfo for sessionID 233157763
07:23:33.32   OnJoinAdvertisementSuccess - joined online match, server leave notification required
07:23:33.32   starting local hosting
07:23:33.32   Transport::OpenInternal request to WINaddr:255.255.255.255:6112;
07:23:33.32   Allocated route ID=0 for PeerID 1 at WINaddr:172.27.112.1:6112;
07:23:33.32   Transport::OpenInternal request to WINaddr:172.27.112.1:6112;
07:23:33.32   Session::Host sid = DE5B483, hostURL = , local addresses = WINaddr:172.27.112.1:6112;
07:23:33.32   Session::GetState - info, session [233157763]'s state changed to [2:STATE_CONNECTING].
07:23:33.32   ValidateCustomData: called with 5479 bytes of custom data
07:23:33.32   Host accepted Peer 1 into the match at address list=WINaddr:172.27.112.1:6112;, routes=WINaddr:172.27.112.1:6112;
07:23:33.32   WorldwideAdvertisementService::Process - EVENT_NEWPEER
07:23:33.32   BattleServerRelay::Process - 202 ms between calls!
07:23:33.34   local host PeerID 1 LOCL ack=  0 (  0ms~0) unack=  2, retry=  0, highwaterOOS=0 (ip=WINaddr:172.27.112.1:6112;), pending=0, dead=0, RS#=0/1
07:23:33.34   MessageCounts: inval=0/0, seek=0/0, join=1/0, ichk=0/0, sk_r=0/0, deny=0/0, Padd=1/0, Pdel=0/0, drop=0/0, data=0/0, mdat=0/0, voip=0/0, rchk=0/0, nudg=0/0, Thdr=0/0, Peer=2/0, PPrx=0/0, ping=0/0, Pfrg=0/0, rely=2/0, lb_p=0/0, lb_c=0/0, cast=0/0, cdat=0/0, sorq1=0/0, sorp=0/0, acto=0/0, spob=0/0, sorq2=0/0, setp=1/0, actr=0/0, lsim=0/0
07:23:33.42   Session::GetState - info, session [233157763]'s state changed to [3:STATE_CONNECTED].
07:23:33.42   Sending matchinfo change #2
07:23:33.42   Session Connection Event - ReasonID: 0 ReasonDebug: SessionOperationInfo::SUCCESS
07:23:33.42   HostAsync - got operation info 0:SessionOperationInfo::SUCCESS
07:23:33.50   Session - rcv'd Join request - address noaddr/relay/PID=BD1FE2B165DF0B75 in use by existing peer (ignoring)
07:23:33.50   Session::PollTransportEvents AddPeerMessage ignored, peer 1 already in m_peers
07:23:33.52   hosting - Session is connected
07:23:33.62   HostAsync - completed with HostResult = 0
07:23:33.62   WorldwidePartyService::SetMatchState - state 0 unchanged ignoring
07:23:33.62   WorldwideAutomatchService::OnHostComplete - automatcher is no longer active - stopPollPending 0 automatchPollID 18446744073709551615
07:23:33.62   Sending matchinfo change #6
07:23:33.62   SlotManager::GetStringFromSlots: compressed = 42 bytes / 210 bytes
07:23:33.75   Rejecting packet type 0 that claims to come from ourself
07:23:33.90   Rejecting packet type 0 that claims to come from ourself
07:23:35.50   Session - rcv'd Join request - address noaddr/relay/PID=CF5305CAB426C1DD not currently in use
07:23:35.50   Transport::OpenInternal request to WINaddr:255.255.255.255:6112;
07:23:35.50   Session::CheckAddress - initiating address check for WINaddr:192.168.0.10:6112;
07:23:35.50   Session - generating NewPeerAcceptedEventEx for peer 2@noaddr/relay
07:23:35.50   ValidateCustomData: called with 3595 bytes of custom data
07:23:35.50   Host accepted Peer 2 into the match at address list=WINaddr:192.168.0.10:6112;, routes=
07:23:35.50   WorldwideAdvertisementService::Process - EVENT_NEWPEER
07:23:35.60   Sending matchinfo change #7
07:23:35.60   SlotManager::GetStringFromSlots: compressed = 47 bytes / 210 bytes
07:23:35.87   Session - rcv'd Join request - address noaddr/relay/PID=1CC364E628DB4FE6 not currently in use
07:23:35.87   Transport::OpenInternal request to WINaddr:255.255.255.255:6112;
07:23:35.87   Session::CheckAddress - initiating address check for WINaddr:192.168.1.12:6112;
07:23:35.87   Session - generating NewPeerAcceptedEventEx for peer 3@noaddr/relay
07:23:35.92   ValidateCustomData: called with 5152 bytes of custom data
07:23:35.92   Host accepted Peer 3 into the match at address list=WINaddr:192.168.1.12:6112;, routes=
07:23:35.92   WorldwideAdvertisementService::Process - EVENT_NEWPEER
07:23:35.98   Session - rcv'd Join request - address noaddr/relay/PID=FAB35076BB025281 not currently in use
07:23:35.98   Transport::OpenInternal request to WINaddr:255.255.255.255:6112;
07:23:35.98   Session::CheckAddress - initiating address check for WINaddr:172.30.1.8:6112;
07:23:35.98   Session - generating NewPeerAcceptedEventEx for peer 4@noaddr/relay
07:23:36.00   Session::ProcessCheckAddressList - sending address check to WINaddr:192.168.0.10:6112;
07:23:36.00   Session::ProcessCheckAddressList - sending address check to WINaddr:192.168.1.12:6112;
07:23:36.00   Session::ProcessCheckAddressList - sending address check to WINaddr:172.30.1.8:6112;
07:23:36.01   Transport - Largest sent is now 36
07:23:36.02   Sending matchinfo change #8
07:23:36.02   Session::SendData PeerID 4 IsPending, skipping send
07:23:36.02   ValidateCustomData: called with 3819 bytes of custom data
07:23:36.02   Host accepted Peer 4 into the match at address list=WINaddr:172.30.1.8:6112;, routes=
07:23:36.02   WorldwideAdvertisementService::Process - EVENT_NEWPEER
07:23:36.02   Station [0:2] acknowledged matchinfo change #7
07:23:36.02   WorldwideAutomatch2Service::Process - Got into game successfully, 4 players present, got correct slot settings - setting metadata
07:23:36.22   Sending matchinfo change #10
07:23:36.52   Station [0:2] acknowledged matchinfo change #8
07:23:36.62   SlotManager::GetStringFromSlots: compressed = 195 bytes / 580 bytes
07:23:36.72   Station [0:2] acknowledged matchinfo change #10
07:23:36.72   Station [0:3] acknowledged matchinfo change #8
07:23:36.82   Sending matchinfo change #11
07:23:36.82   Station [0:3] acknowledged matchinfo change #10
07:23:36.82   Station [0:4] acknowledged matchinfo change #10
07:23:37.01   Session::ProcessCheckAddressList - sending address check to WINaddr:192.168.0.10:6112;
07:23:37.01   Session::ProcessCheckAddressList - sending address check to WINaddr:192.168.1.12:6112;
07:23:37.01   Session::ProcessCheckAddressList - sending address check to WINaddr:172.30.1.8:6112;
07:23:37.12   Sending matchinfo change #12
07:23:37.22   Station [0:2] acknowledged matchinfo change #11
07:23:37.32   Station [0:4] acknowledged matchinfo change #11
07:23:37.42   Sending matchinfo change #13
07:23:37.42   Station [0:3] acknowledged matchinfo change #11
07:23:37.54   Station [0:2] acknowledged matchinfo change #12
07:23:37.84   Station [0:2] acknowledged matchinfo change #13
07:23:37.84   Station [0:3] acknowledged matchinfo change #12
07:23:37.84   Station [0:4] acknowledged matchinfo change #12
07:23:38.00   Session::ProcessCheckAddressList - sending address check to WINaddr:192.168.0.10:6112;
07:23:38.00   Session::ProcessCheckAddressList - sending address check to WINaddr:192.168.1.12:6112;
07:23:38.00   Session::ProcessCheckAddressList - sending address check to WINaddr:172.30.1.8:6112;
07:23:38.04   Station [0:3] acknowledged matchinfo change #13
07:23:38.04   Station [0:4] acknowledged matchinfo change #13
07:23:38.84   SlotManager::GetStringFromSlots: compressed = 569 bytes / 1805 bytes
07:23:39.01   Session::ProcessCheckAddressList - sending address check to WINaddr:192.168.0.10:6112;
07:23:39.01   Session::ProcessCheckAddressList - sending address check to WINaddr:192.168.1.12:6112;
07:23:39.01   Session::ProcessCheckAddressList - sending address check to WINaddr:172.30.1.8:6112;
07:23:39.94   Sending matchinfo change #14
07:23:39.94   SlotManager::GetStringFromSlots: compressed = 571 bytes / 1805 bytes
07:23:40.00   Session::ProcessCheckAddressList - sending address check to WINaddr:192.168.0.10:6112;
07:23:40.00   Session::ProcessCheckAddressList - sending address check to WINaddr:192.168.1.12:6112;
07:23:40.00   Session::ProcessCheckAddressList - sending address check to WINaddr:172.30.1.8:6112;
07:23:40.04   WorldwideAutomatch2Service::Process - Got into game successfully, 4 players present, got correct slot settings - readying up
07:23:40.14   Sending matchinfo change #15
07:23:40.34   Station [0:2] acknowledged matchinfo change #14
07:23:40.54   Station [0:2] acknowledged matchinfo change #15
07:23:40.54   Station [0:3] acknowledged matchinfo change #14
07:23:40.54   Station [0:4] acknowledged matchinfo change #14
07:23:40.64   Station [0:3] acknowledged matchinfo change #15
07:23:40.64   Station [0:4] acknowledged matchinfo change #15
07:23:40.84   SlotManager::GetStringFromSlots: compressed = 572 bytes / 1805 bytes
07:23:40.94   Sending matchinfo change #16
07:23:41.01   Session::ProcessCheckAddressList - sending address check to WINaddr:192.168.0.10:6112;
07:23:41.01   Session::ProcessCheckAddressList - sending address check to WINaddr:192.168.1.12:6112;
07:23:41.01   Session::ProcessCheckAddressList - sending address check to WINaddr:172.30.1.8:6112;
07:23:41.45   Station [0:2] acknowledged matchinfo change #16
07:23:41.55   Station [0:3] acknowledged matchinfo change #16
07:23:41.55   Station [0:4] acknowledged matchinfo change #16
07:23:41.75   Sending matchinfo change #17
07:23:41.75   SlotManager::GetStringFromSlots: compressed = 570 bytes / 1805 bytes
07:23:42.00   Session::ProcessCheckAddressList - sending address check to WINaddr:192.168.0.10:6112;
07:23:42.00   Session::ProcessCheckAddressList - sending address check to WINaddr:192.168.1.12:6112;
07:23:42.00   Session::ProcessCheckAddressList - sending address check to WINaddr:172.30.1.8:6112;
07:23:42.35   Station [0:2] acknowledged matchinfo change #17
07:23:42.35   Station [0:4] acknowledged matchinfo change #17
07:23:42.45   Station [0:3] acknowledged matchinfo change #17
07:23:42.45   WorldwidePartyService::SetMatchState - state 1 - updating server
07:23:42.45   SlotManager::GetStringFromSlots: compressed = 570 bytes / 1805 bytes
07:23:42.55   Sending matchinfo change #18
07:23:42.55   WorldwideAutomatchService::OnStartComplete - detected successful game start
07:23:42.55   Match Started - [00000000:0008dbad /steam/76561198006675368], slot =  0, ranking =   -1
07:23:42.55   Match Started - [00000000:002ddb7b /steam/76561198280224246], slot =  1, ranking =  554
07:23:42.55   Match Started - [00000000:00010568 /steam/76561198029740742], slot =  2, ranking =  154
07:23:42.55   Match Started - [00000000:00013b7b /steam/76561198036712339], slot =  3, ranking =  371
07:23:43.01   Session::ProcessCheckAddressList - sending address check to WINaddr:192.168.0.10:6112;
07:23:43.01   Session::ProcessCheckAddressList - sending address check to WINaddr:192.168.1.12:6112;
07:23:43.01   Session::ProcessCheckAddressList - sending address check to WINaddr:172.30.1.8:6112;
07:23:43.05   Station [0:2] acknowledged matchinfo change #18
07:23:43.05   WorldwideAutomatch2Service::Polling - queued CreateAutomatch2
07:23:43.15   Station [0:3] acknowledged matchinfo change #18
07:23:43.15   Station [0:4] acknowledged matchinfo change #18
07:23:44.00   Session::ProcessCheckAddressList - sending address check to WINaddr:192.168.0.10:6112;
07:23:44.00   Session::ProcessCheckAddressList - sending address check to WINaddr:192.168.1.12:6112;
07:23:44.00   Session::ProcessCheckAddressList - sending address check to WINaddr:172.30.1.8:6112;
07:23:45.01   Session::ProcessCheckAddressList - sending address check to WINaddr:192.168.0.10:6112;
07:23:45.01   Session::ProcessCheckAddressList - sending address check to WINaddr:192.168.1.12:6112;
07:23:45.01   Session::ProcessCheckAddressList - sending address check to WINaddr:172.30.1.8:6112;
07:23:45.87   Automatch2Internal - Server told us to host matchID [233157763]
07:23:45.87   WorldwideAutomatch2Service::OnHost - already host, nothing to do
07:23:45.87   Party::OnAutomatch2Event - AET_Polling - R_Success
07:23:45.87   WorldwideAutomatchService::OnStartComplete - detected successful game start
07:23:45.87   WorldwideAutomatchService::OnStartComplete - forcing pollcomplete event
07:23:45.87   MOD - Setting player (0) race to: 0
07:23:45.87   MOD - Setting player (1) race to: 0
07:23:45.87   MOD - Setting player (2) race to: 0
07:23:45.87   MOD - Setting player (3) race to: 0
07:23:45.87   GAME -- Scenario: DATA:scenarios\mp\4p_alliance of defiance\aod
07:23:45.87   GAME -- Win Condition Qualified Name: 00000000000000000000000000000000:16123440
07:23:45.87   GAME -- Win Condition Name: victory_point
07:23:45.87   GAME -- Human Player: 0 sepi 580525 0 soviet
07:23:45.87   GAME -- Human Player: 1 BILIBILI:10407637 3005307 1 west_german
07:23:45.87   GAME -- Human Player: 2 Interloper 66920 0 british
07:23:45.87   GAME -- Human Player: 3 SY 80763 1 west_german
07:23:46.00   Session::ProcessCheckAddressList - sending address check to WINaddr:192.168.0.10:6112;
07:23:46.00   Session::ProcessCheckAddressList - address WINaddr:192.168.0.10:6112; timed out
07:23:46.00   Session::ProcessCheckAddressList - sending address check to WINaddr:192.168.1.12:6112;
07:23:46.00   Session::ProcessCheckAddressList - address WINaddr:192.168.1.12:6112; timed out
07:23:46.00   Session::ProcessCheckAddressList - sending address check to WINaddr:172.30.1.8:6112;
07:23:46.00   Session::ProcessCheckAddressList - address WINaddr:172.30.1.8:6112; timed out
07:23:49.80   NetworkManager::DispatchEvents() - Warning - Time between calls was 3435 ms
07:23:49.80   WorldwideAutomatch2Service::OnPollComplete - I am peer 1, ihost:1, islocal:1
07:23:49.80   WorldwideAutomatch2Service::OnPollComplete - All players in session and ready, automatch process complete
07:23:49.81   Party::SetStatus - S_PLAYING
07:23:49.81   Sending matchinfo change #22
07:23:49.81   SlotManager::GetStringFromSlots: compressed = 179 bytes / 784 bytes
07:23:50.46   Rejecting packet type 0 that claims to come from ourself
07:23:50.71   GameObj::StartGameObj - info, network session GUID set to [932631053].
07:23:50.94   OBJECTSCAR -- Initialization failed - could not load scar type BP list.
07:23:52.96   INNIMapDCA Key not found: tinitus::time
07:23:53.00   local host PeerID 1 LOCL ack=  6 (516ms~80) unack=  0, retry=  0, highwaterOOS=0 (ip=WINaddr:172.27.112.1:6112;), pending=0, dead=0, RS#=5/5
07:23:53.00   MessageCounts: inval=0/0, seek=0/0, join=0/8, ichk=0/0, sk_r=0/0, deny=0/0, Padd=12/2, Pdel=0/0, drop=0/0, data=42/69, mdat=0/0, voip=0/0, rchk=33/0, nudg=6/8, Thdr=33/0, Peer=142/109, PPrx=68/182, ping=0/0, Pfrg=0/0, rely=18/5, lb_p=5/5, lb_c=0/0, cast=0/0, cdat=0/0, sorq1=0/0, sorp=0/0, acto=0/0, spob=0/0, sorq2=0/0, setp=1/0, actr=0/0, lsim=0/0
07:23:53.20   PHYSICS -- Created node factory 'HVOK'
07:23:53.20   PHYSICS -- Created node factory 'DMMY'
07:23:53.22   GameObjLoader - upgrading load_count from 0 to 2736
07:23:57.57   Dx11Program : Unable to find shader script for 'max_alphablend' in the ShaderDatabase.
07:23:57.57   Unable to load shader [max_alphablend] so replacing with [defaultshader]
07:24:06.78   GameObjLoader 13c4fbc0 - resetting counters
07:24:06.78   GameObjLoader 13c4fbc0 - LOAD_DONE
07:24:10.94   LoadArbitrator::UpdateLoadProgress - info, player "[0:2]" finished loading with checksum [170029005].
07:24:11.99   LoadArbitrator::UpdateLoadProgress - info, player "[0:2]" finished loading with checksum [170029005].
07:24:13.88   LoadArbitrator::UpdateLoadProgress - info, player "[0:2]" finished loading with checksum [170029005].
07:24:14.91   GAME - SessionSetup
07:24:14.91   MUTING SOUNDS
07:24:15.02   TChunkManagerIO::Load version 2001l
07:24:15.03   TERRAINTEXTURE -- compositor added RenderTarget of size 3360 x 1890
07:24:15.99   GAME - CreateGEWorld in 1077 ms
07:24:16.03   GAME - SessionSetup finished in 1116 ms
07:24:16.04   LoadArbitrator::UpdateLoadProgress - info, player "[0:2]" finished loading with checksum [170029005].
07:24:16.04   GAME - WaterReflectionManagerSetup
07:24:16.04   GAME - WaterReflectionManagerSetup finished in 0 ms
07:24:16.09   GAME -- Recording game
07:24:16.19   SimWorld::LoadWinCondition: - [DATA:Scar/WinConditions/VictoryPointPlusAnnihilate.scar] succeeded.
07:24:16.41   MOD -- Player  (unused player) (frame 0) (KillPlayer)
07:24:16.41   MOD -- Player  (unused player) (frame 0) (KillPlayer)
07:24:16.41   MOD -- Player  (unused player) (frame 0) (KillPlayer)
07:24:16.41   MOD -- Player  (unused player) (frame 0) (KillPlayer)
07:24:16.60   SPEECHMANAGER -- Loaded in 0.029502 seconds
07:24:16.66   TwoPop sound file 'dev/440hz' not loaded
07:24:16.93   GameObjLoader - upgrading load_count from 0 to 2900
07:24:17.63   GameObjLoader 13c4fa80 - resetting counters
07:24:17.63   GameObjLoader 13c4fa80 - LOAD_DONE
07:24:17.78   LoadArbitrator::UpdateLoadProgress - info, player "[0:2]" finished loading with checksum [170029005].
07:24:17.78   Releasing [138]MB of Staging texture data
07:24:17.78   PreloadResources took 0ms.
07:24:17.88   SIM -- Setting SyncErrorChecking level to Low
07:24:17.90   LoadArbitrator::UpdateLoadProgress - info, player "[0:1]" finished loading with checksum [170029005].
07:24:19.01   LoadArbitrator::UpdateLoadProgress - info, player "[0:1]" finished loading with checksum [170029005].
07:24:19.79   LoadArbitrator::UpdateLoadProgress - info, player "[0:2]" finished loading with checksum [170029005].
07:24:21.01   LoadArbitrator::UpdateLoadProgress - info, player "[0:1]" finished loading with checksum [170029005].
07:24:21.80   LoadArbitrator::UpdateLoadProgress - info, player "[0:2]" finished loading with checksum [170029005].
07:24:23.01   LoadArbitrator::UpdateLoadProgress - info, player "[0:1]" finished loading with checksum [170029005].
07:24:23.80   LoadArbitrator::UpdateLoadProgress - info, player "[0:2]" finished loading with checksum [170029005].
07:24:24.00   Transport - median kBPS [hi/cur] sent = 0.1/0.0, recvd = 0.0/0.0, #p/sec[s/r] = 0.6/0.0, max unsent 0, version err 0, merge 0
07:24:25.01   LoadArbitrator::UpdateLoadProgress - info, player "[0:1]" finished loading with checksum [170029005].
07:24:25.16   LoadArbitrator::UpdateLoadProgress - info, player "[0:3]" finished loading with checksum [170029005].
07:24:25.80   LoadArbitrator::UpdateLoadProgress - info, player "[0:2]" finished loading with checksum [170029005].
07:24:25.91   LoadArbitrator::UpdateLoadProgress - info, player "[0:4]" finished loading with checksum [170029005].
07:24:26.02   DeferredView - Start creating view [ WaterView ] textures
07:24:26.02   SPDx11 -- 2988MB dedicated video memory, 0MB dedicated system memory and 1107MB shared system memory available.
07:24:26.02   SPDx11 -- 2988MB dedicated video memory, 0MB dedicated system memory and 1107MB shared system memory available.
07:24:26.02   DeferredView - Finished creating view [ WaterView ] textures
07:24:26.02   DeferredView - Start creating view [ WorldView ] textures
07:24:26.02   SPDx11 -- 2988MB dedicated video memory, 0MB dedicated system memory and 1107MB shared system memory available.
07:24:26.02   SPDx11 -- 2988MB dedicated video memory, 0MB dedicated system memory and 1107MB shared system memory available.
07:24:26.02   DeferredView - Finished creating view [ WorldView ] textures
07:24:26.02   UN MUTING SOUNDS
07:24:26.02   PerformanceRecorder::StartRecording for game size 4
07:24:26.02   GAME -- Starting mission: DATA:scenarios\mp\4p_alliance of defiance\aod
07:24:26.35   MEM -- heap use 1892 mb, heap uncommitted 36 mb, heap total 1928 mb, available virtual 1500 mb, total virtual 4095 mb
07:24:26.37   BattleServerRelay::Process - 319 ms between calls!
07:24:26.37   BattleServerRelay::Process - 319 ms between calls!
07:24:26.40   Local user framerate is [0.000000]
07:24:26.40   Local user MinDelay=[-1ms], MaxDelay=[0ms], AvgDelay=[0ms]
07:24:34.02   local host PeerID 1 LOCL ack=  4 (669ms~301) unack=  0, retry=  0, highwaterOOS=0 (ip=WINaddr:172.27.112.1:6112;), pending=0, dead=0, RS#=3/3
07:24:34.02              PeerID 2 RELY ack= 85 (462ms~77) unack=  0, retry=  0, highwaterOOS=0 (ip=WINaddr:192.168.0.10:6112;), pending=0, dead=0, RS#=85/85
07:24:34.02              PeerID 3 RELY ack= 84 (700ms~75) unack=  0, retry=  0, highwaterOOS=0 (ip=WINaddr:192.168.1.12:6112;), pending=0, dead=0, RS#=84/84
07:24:34.02              PeerID 4 RELY ack= 83 (630ms~139) unack=  0, retry=  0, highwaterOOS=0 (ip=WINaddr:172.30.1.8:6112;), pending=0, dead=0, RS#=83/83
07:24:34.02   MessageCounts: inval=0/0, seek=0/0, join=0/0, ichk=0/0, sk_r=0/0, deny=0/0, Padd=0/0, Pdel=0/0, drop=0/0, data=223/208, mdat=59/118, voip=0/0, rchk=0/0, nudg=0/0, Thdr=0/0, Peer=393/393, PPrx=197/786, ping=0/0, Pfrg=0/0, rely=0/0, lb_p=15/15, lb_c=0/0, cast=0/0, cdat=20/0, sorq1=0/0, sorp=0/0, acto=0/0, spob=0/0, sorq2=0/0, setp=0/0, actr=0/0, lsim=0/0
07:24:47.01   Local user framerate is [53.844612]
07:24:47.01   Local user MinDelay=[0ms], MaxDelay=[656ms], AvgDelay=[472ms]
07:24:54.01   local host PeerID 1 LOCL ack=  6 (516ms~80) unack=  0, retry=  0, highwaterOOS=0 (ip=WINaddr:172.27.112.1:6112;), pending=0, dead=0, RS#=5/5
07:24:54.01   MessageCounts: inval=0/0, seek=0/0, join=0/0, ichk=0/0, sk_r=0/0, deny=0/0, Padd=0/0, Pdel=0/0, drop=0/0, data=47/6, mdat=159/318, voip=0/0, rchk=0/0, nudg=0/0, Thdr=0/0, Peer=12/12, PPrx=6/24, ping=0/0, Pfrg=0/0, rely=0/0, lb_p=6/6, lb_c=0/0, cast=0/0, cdat=41/0, sorq1=0/0, sorp=0/0, acto=0/0, spob=0/0, sorq2=0/0, setp=0/0, actr=0/0, lsim=0/0
07:25:06.63   SPEECHQUEUE::ENTRYQUEUE -- Deleting dead entry. Size 2
07:25:08.01   Local user framerate is [58.544144]
07:25:08.01   Local user MinDelay=[115ms], MaxDelay=[367ms], AvgDelay=[264ms]
07:25:13.77   SnowCapOverride- can't get 'ObjectSnowCapLimit' variable in material [bill_boards]
07:25:25.01   Transport - median kBPS [hi/cur] sent = 0.1/0.0, recvd = 0.0/0.0, #p/sec[s/r] = 0.0/0.0, max unsent 0, version err 0, merge 0
07:25:29.01   Local user framerate is [59.308479]
07:25:29.01   Local user MinDelay=[24ms], MaxDelay=[367ms], AvgDelay=[172ms]
07:25:35.00   local host PeerID 1 LOCL ack=  4 (669ms~301) unack=  0, retry=  0, highwaterOOS=0 (ip=WINaddr:172.27.112.1:6112;), pending=0, dead=0, RS#=3/3
07:25:35.00              PeerID 2 RELY ack= 92 (447ms~26) unack=  0, retry=  0, highwaterOOS=0 (ip=WINaddr:192.168.0.10:6112;), pending=0, dead=0, RS#=92/92
07:25:35.00              PeerID 3 RELY ack= 91 (569ms~24) unack=  0, retry=  0, highwaterOOS=0 (ip=WINaddr:192.168.1.12:6112;), pending=0, dead=0, RS#=91/91
07:25:35.00              PeerID 4 RELY ack= 90 (569ms~22) unack=  0, retry=  0, highwaterOOS=0 (ip=WINaddr:172.30.1.8:6112;), pending=0, dead=0, RS#=90/90
07:25:35.00   MessageCounts: inval=0/0, seek=0/0, join=0/0, ichk=0/0, sk_r=0/0, deny=0/0, Padd=0/0, Pdel=0/0, drop=0/0, data=87/15, mdat=328/656, voip=0/0, rchk=0/0, nudg=0/0, Thdr=0/0, Peer=27/27, PPrx=13/54, ping=0/0, Pfrg=0/0, rely=0/0, lb_p=15/15, lb_c=0/0, cast=0/0, cdat=70/0, sorq1=0/0, sorp=0/0, acto=0/0, spob=0/0, sorq2=0/0, setp=0/0, actr=0/0, lsim=0/0
07:25:49.03   SPEECHQUEUE::ENTRYQUEUE -- Deleting dead entry. Size 1
07:25:49.03   SPEECHQUEUE -- Deleting empty entryqueue. Size 1
07:25:50.01   Local user framerate is [59.520241]
07:25:50.01   Local user MinDelay=[24ms], MaxDelay=[367ms], AvgDelay=[143ms]
